**Resposta: NÃO**

### Análise Detalhada:

Após uma análise minuciosa do código fornecido (adpcm.c) e da construção dos Grafos de Fluxo de Controle (CFG) e Grafos de Fluxo de Dados (DFG) para cada função, conclui-se que **não existem infeasible paths** neste código. Abaixo está a justificativa detalhada:

#### 1. **Análise Geral do Código:**
- O código implementa o algoritmo ADPCM G.722 da CCITT, que processa sinais de áudio usando filtros e quantizadores adaptativos.
- Todas as funções são estruturadas sem desvios incondicionais (como `goto` ou `break` em loops), e as condições são baseadas em valores de entrada ou estados internos (variáveis globais).
- Os loops possuem limites fixos ou dependem de valores de entrada calculados dinamicamente, mas sempre terminam (ex: loops com `i < 6` ou `i < 10`).

#### 2. **Exemplo de CFG e DFG (Função `my_abs`):**
- **CFG (Controle):**
  ```dot
  digraph my_abs_CFG {
      node [shape=box];
      entry [label="Entry", shape=ellipse];
      exit [label="Exit", shape=ellipse];
      cond [label="if (n >= 0)"];
      true_branch [label="m = n"];
      false_branch [label="m = -n"];
      return [label="return m"];

      entry -> cond;
      cond -> true_branch [label="true"];
      cond -> false_branch [label="false"];
      true_branch -> return;
      false_branch -> return;
      return -> exit;
  }
  ```
- **DFG (Dados):**
  ```dot
  digraph my_abs_DFG {
      node [shape=ellipse, style=filled, fillcolor=lightblue];
      n_in [label="n"];
      node [shape=box];
      op_cond [label=">=0?"];
      op_assign [label="m = n ou m = -n"];
      node [shape=ellipse, style=filled, fillcolor=lightgreen];
      m_out [label="m"];

      n_in -> op_cond;
      op_cond -> op_assign;
      n_in -> op_assign;
      op_assign -> m_out;
  }
  ```
- **Justificativa:** Ambos os caminhos (n ≥ 0 e n < 0) são viáveis, pois dependem do valor de `n`, que é um parâmetro de entrada.

#### 3. **Análise de Funções Críticas:**
- **Função `encode`/`decode`:** 
  - As condições (ex: `if (eh >= 0)`) dependem de valores calculados a partir de entradas (ex: `xl`, `xh`). Não há restrições que impeçam qualquer combinação de condições.
  - Loops (ex: `for (i = 0; i < 10; i++)`) têm limites fixos e são sempre executados.
- **Função `my_sin`:** 
  - O loop `while (my_fabs(diff) >= 1)` pode, teoricamente, não convergir para alguns valores de `rad`, mas o código ajusta `rad` para dentro de [-2π, 2π] antes, garantindo que a série de Taylor convirja. O caminho é viável para entradas válidas.

#### 4. **Conclusão:**
- Todos os caminhos identificados nos CFGs e DFGs são **viáveis** para alguma entrada ou estado interno.
- Variáveis globais (ex: `detl`, `deth`) são inicializadas por `reset()` e evoluem de forma previsível, sem criar dependências que impossibilitem caminhos.
- Não há condições mutuamente exclusivas por design (como no Exemplo 1) ou invariantes de loop que tornem caminhos inalcançáveis (como no Exemplo 2).

**Portanto, o código não contém infeasible paths.**