Analisando o código fornecido, vou construir o **CDFG (Control and Data Flow Graph)** para a função principal `Sum`, que contém a lógica mais complexa, e verificar a existência de *infeasible paths*.

---

### 1. Grafo CDFG da Função `Sum` (Formato Graphviz)

```dot
digraph Sum {
    rankdir=TB;
    node [shape=box, fontname="Courier"];

    // Nós do grafo
    start [label="Início Sum\nDef: Ptotal=0, Ntotal=0, Pcnt=0, Ncnt=0"];
    loop_outer_start [label="Loop Outer\nDef: Outer=0"];
    loop_outer_cond [label="Condição Outer < MAXSIZE?\nP-Use: Outer"];
    loop_inner_start [label="Loop Inner\nDef: Inner=0"];
    loop_inner_cond [label="Condição Inner < MAXSIZE?\nP-Use: Inner"];
    condition [label="Array[Outer][Inner] < 0?\nC-Use: Array, Outer, Inner\nP-Use: Array"];
    if_block [label="Bloco IF\nDef: Ptotal, Pcnt\nC-Use: Array, Ptotal, Pcnt"];
    else_block [label="Bloco ELSE\nDef: Ntotal, Ncnt\nC-Use: Array, Ntotal, Ncnt"];
    inner_inc [label="Incrementa Inner\nDef: Inner\nC-Use: Inner"];
    outer_inc [label="Incrementa Outer\nDef: Outer\nC-Use: Outer"];
    end [label="Atribui a Globais\nDef: Postotal, Poscnt, Negtotal, Negcnt\nC-Use: Ptotal, Pcnt, Ntotal, Ncnt"];

    // Arestas de controle
    start -> loop_outer_start;
    loop_outer_start -> loop_outer_cond;
    loop_outer_cond -> loop_inner_start [label="Verdadeiro"];
    loop_outer_cond -> end [label="Falso"];
    loop_inner_start -> loop_inner_cond;
    loop_inner_cond -> condition [label="Verdadeiro"];
    loop_inner_cond -> outer_inc [label="Falso"];
    condition -> if_block [label="Verdadeiro"];
    condition -> else_block [label="Falso"];
    if_block -> inner_inc;
    else_block -> inner_inc;
    inner_inc -> loop_inner_cond;
    outer_inc -> loop_outer_cond;

    // Nó final
    end [shape=doublecircle];
}
```

---

### 2. Análise de Caminhos Inviáveis (*Infeasible Paths*)

**Resposta: NÃO**

**Justificativa:**  
O código não contém *infeasible paths*. Todos os caminhos no grafo CDFG são semanticamente viáveis porque:

- Os loops `for` em `Sum` e `Initialize` são executados um número fixo de vezes (`MAXSIZE = 10`), sem condições de saída antecipada.
- A condição `Array[Outer][Inner] < 0` (ou `>= 0` se `WORSTCASE` estivesse definido) depende dos valores gerados por `RandomInteger()`, que podem ser positivos ou negativos. Ambos os ramos (`if` e `else`) são alcançáveis.
- Não há contradições entre definições e usos de variáveis (ex.: uma variável definida em um caminho não é usada em outro incompatível).
- Não há condições mutuamente exclusivas ou constantes que impossibilitem a execução de qualquer caminho.

---

### 3. Observações Adicionais

- A função `Sum` é a única com complexidade ciclomática significativa (devido aos loops aninhados e condicional).
- As funções `main`, `Test`, `Initialize` e `InitSeed` são sequenciais ou têm fluxos lineares, sem caminhos alternativos ou condições complexas.
- O uso de `RandomInteger()` garante que a condição em `Sum` possa variar entre execuções, tornando todos os ramos possíveis.

Caso houvesse uma condição como `if (x > 0 && x < 0)`, isso caracterizaria um *infeasible path*, mas não é o caso aqui.