**CFG (Control Flow Graph) para o código fibcall.c:**

```dot
digraph fibcall_CFG {
    node [shape=box, style=rounded, fontname="Helvetica"];
    // Função fib
    fib_entry [label="fib entry"];
    fib_decl [label="int i, Fnew, Fold, temp, ans;"];
    fib_init [label="Fnew = 1; Fold = 0;"];
    fib_loop_init [label="i = 2"];
    fib_cond [label="i <= 30 && i <= n"];
    fib_body [label="temp = Fnew;\nFnew = Fnew + Fold;\nFold = temp;"];
    fib_inc [label="i++"];
    fib_ans [label="ans = Fnew;"];
    fib_return [label="return ans;"];
    fib_exit [label="fib exit"];

    // Função main
    main_entry [label="main entry"];
    main_decl [label="int a;"];
    main_assign [label="a = 30;"];
    main_call [label="fib(a);"];
    main_return [label="return a;"];
    main_exit [label="main exit"];

    // Fluxo fib
    fib_entry -> fib_decl;
    fib_decl -> fib_init;
    fib_init -> fib_loop_init;
    fib_loop_init -> fib_cond;
    fib_cond -> fib_body [label="true"];
    fib_cond -> fib_ans [label="false"];
    fib_body -> fib_inc;
    fib_inc -> fib_cond;
    fib_ans -> fib_return;
    fib_return -> fib_exit;

    // Fluxo main
    main_entry -> main_decl;
    main_decl -> main_assign;
    main_assign -> main_call;
    main_call -> main_return;
    main_return -> main_exit;

    // Chamada de função
    main_call -> fib_entry [style=dashed, color=blue];
    fib_exit -> main_return [style=dashed, color=blue];
}
```

**DFG (Data Flow Graph) para a função fib:**

```dot
digraph fib_DFG {
    node [shape=ellipse, style=filled, fillcolor=lightblue];
    n_input [label="n (input)"];
    node [shape=box, style=""];
    op_init_fnew [label="Fnew = 1"];
    op_init_fold [label="Fold = 0"];
    op_cond [label="i <= 30 && i <= n"];
    op_temp [label="temp = Fnew"];
    op_add [label="Fnew + Fold"];
    op_assign_fnew [label="Fnew = ..."];
    op_assign_fold [label="Fold = temp"];
    op_inc_i [label="i++"];
    op_ans [label="ans = Fnew"];
    node [shape=ellipse, style=filled, fillcolor=lightgreen];
    ans_output [label="ans (output)"];

    // Fluxo de dados
    n_input -> op_cond;
    op_init_fnew -> op_temp;
    op_init_fnew -> op_add;
    op_init_fold -> op_add;
    op_add -> op_assign_fnew;
    op_assign_fnew -> op_temp [style=dashed];
    op_assign_fnew -> op_add [style=dashed];
    op_assign_fnew -> op_ans;
    op_temp -> op_assign_fold;
    op_assign_fold -> op_add [style=dashed];
    op_ans -> ans_output;
}
```

**Análise de Infeasible Paths:**

**NÃO**, não existem caminhos infeasíveis neste código. 

**Justificativa com base no CFG e DFG:**

1. **CFG Analysis**: 
   - O fluxo de controle é linear e deterministico. A função `main` chama `fib(30)` sem branches condicionais.
   - Em `fib`, o loop `for` possui uma condição clara (`i <= 30 && i <= n`). Como `n = 30` é fixo, o loop executará exatamente 29 vezes (de `i=2` até `i=30`), sem ambiguidades ou condições contraditórias.
   - Não há branches conflitantes ou condições mutuamente exclusivas no CFG.

2. **DFG Analysis**:
   - As dependências de dados são consistentes. As variáveis `Fnew` e `Fold` são inicializadas antes do loop e atualizadas a cada iteração de forma sequencial.
   - Não há uso de variáveis não inicializadas ou contradições entre valores (ex: uma variável ser simultaneamente 0 e 1 em um mesmo ponto).
   - O loop não possui condições inviáveis: `i` começa em 2 e incrementa até 30, sempre satisfazendo `i <= 30 && i <= n`.

3. **Contexto do Código**:
   - O código calcula Fibonacci iterativamente para `n = 30`, um caso válido e executável.
   - Não há regras de negócio ou invariantes que restringem valores (ex: não há checagens que possam falhar paradoxalmente).
   - Todos os caminhos no CFG são alcançáveis para a entrada `n=30`.

Conclusão: O código é simples, deterministico e não contém contradições lógicas ou dependências inviáveis que caracterizem caminhos infeasíveis.