**Control Flow Graph (CFG) in DOT:**

```dot
digraph sort_CFG {
    node [shape=box, style=rounded, fontname="Helvetica"];
    N1 [label="1: Initialization\nunsigned long i, ir = n, j, k, l = 1;\nint jstack = 0;\nint flag;\nfloat a, temp;\nflag = 0;"];
    N2 [label="2: for (;;)\nif (ir - l < M)"];
    N3 [label="3: Insertion sort block\nfor (j = l + 1; j <= ir; j++) {\n a = arr[j];\n for (i = j - 1; i >= l; i--) {\n  if (arr[i] <= a) break;\n  arr[i+1] = arr[i];\n }\n arr[i+1] = a;\n}\nif (jstack == 0) break;\nir = istack[jstack--];\nl = istack[jstack--];"];
    N4 [label="4: Partitioning block\nk = (l + ir) >> 1;\nSWAP(arr[k], arr[l+1])\nif (arr[l] > arr[ir]) SWAP(arr[l], arr[ir])\nif (arr[l+1] > arr[ir]) SWAP(arr[l+1], arr[ir])\nif (arr[l] > arr[l+1]) SWAP(arr[l], arr[l+1])\ni = l + 1;\nj = ir;\na = arr[l+1];\nfor (;;) {\n i++; while (arr[i] < a) i++;\n j--; while (arr[j] > a) j--;\n if (j < i) break;\n SWAP(arr[i], arr[j]);\n}\narr[l+1] = arr[j];\narr[j] = a;\njstack += 2;\nif (ir - i + 1 >= j - l) {\n istack[jstack] = ir;\n istack[jstack-1] = i;\n ir = j - 1;\n} else {\n istack[jstack] = j - 1;\n istack[jstack-1] = l;\n l = i;\n}"];
    N5 [label="5: Exit"];

    N1 -> N2;
    N2 -> N3 [label="true"];
    N2 -> N4 [label="false"];
    N3 -> N2 [label="jstack != 0"];
    N3 -> N5 [label="jstack == 0"];
    N4 -> N2;
}
```

**Data Flow Graph (DFG) in DOT:**

```dot
digraph sort_DFG {
    node [shape=ellipse, style=filled, fillcolor=lightblue];
    n_in [label="n"];
    arr_in [label="arr"];
    istack_in [label="istack"];

    node [shape=box, style="", fillcolor=""];
    op_init [label="Initialization"];
    op_cond [label="ir - l < M"];
    op_insert [label="Insertion Sort"];
    op_partition [label="Partitioning"];
    op_break [label="jstack == 0"];

    node [shape=ellipse, style=filled, fillcolor=lightgreen];
    arr_out [label="arr (sorted)"];
    istack_out [label="istack (updated)"];

    n_in -> op_init;
    arr_in -> op_init;
    istack_in -> op_init;
    op_init -> op_cond;
    op_cond -> op_insert [label="true"];
    op_cond -> op_partition [label="false"];
    op_insert -> op_break;
    op_break -> op_cond [label="false"];
    op_break -> arr_out [label="true"];
    op_partition -> op_cond;
    op_insert -> arr_out;
    op_partition -> arr_out;
    op_insert -> istack_out;
    op_partition -> istack_out;
}
```

**Number of Infeasible Paths:**  
0

**Explanation:**  
- The CFG shows a cyclic structure where the loop either continues processing segments or exits when `jstack == 0`. All conditions (`ir - l < M`, `jstack == 0`, and the partitioning branch condition) are data-dependent and can evaluate to true or false based on array values and stack state, so no structural infeasibility exists.
- The DFG confirms that data dependencies (e.g., `arr` and `istack` updates) do not create contradictions (e.g., no variable is used before initialization or forced into mutually exclusive states). The algorithm’s logic ensures all paths are executable for some input.
- While the code has a potential array index out-of-bounds issue (accessing `arr[20]` in a 20-element array), this is a runtime error, not a control-flow infeasibility. Thus, no infeasible paths exist.