Analisei o código ADPCM fornecido e construí CDFGs (Control Data Flow Graphs) para cada função relevante. **Não identifiquei caminhos inviáveis (infeasible paths)** no código. Aqui está minha análise detalhada:

---

### 1. CDFG para Função `encode` (Exemplo)
```dot
digraph encode_CDFG {
    rankdir=TB;
    node [shape=box];

    // Nós principais
    start [label="Início", shape=ellipse];
    init [label="Inicializa ponteiros e variáveis"];
    calc_xa_xb [label="Calcula xa e xb"];
    update_tqmf [label="Atualiza buffer tqmf"];
    compute_xl_xh [label="Calcula xl = (xa+xb)>>15\nxh = (xa-xb)>>15"];
    low_band [label="Processa banda baixa:\n- szl = filtez()\n- spl = filtep()\n- el = xl - sl\n- il = quantl()"];
    high_band [label="Processa banda alta:\n- eh = xh - sh\n- ih = (eh>=0)?3:1\n- decis = (564*deth)>>12"];
    return [label="Retorna il | (ih << 6)", shape=ellipse];

    // Arestas
    start -> init;
    init -> calc_xa_xb;
    calc_xa_xb -> update_tqmf;
    update_tqmf -> compute_xl_xh;
    compute_xl_xh -> low_band;
    low_band -> high_band;
    high_band -> return;
}
```

### 2. Análise de Caminhos Inviáveis
- **Fluxo de Controle**: Todas as funções seguem um fluxo linear ou condicional simples, sem contradições lógicas (ex.: `if (x > 10)` e `if (x < 5)` no mesmo caminho).
- **Fluxo de Dados**: Variáveis são inicializadas antes do uso (ex.: `reset()` inicializa buffers e estados). Não há dependências inviáveis.
- **Loops e Condições**: Loops em `my_sin` e `encode` têm condições de parada bem-definidas. Não há loops infinitos ou condições inalcançáveis.
- **Invariantes de Programa**: Não há regras de negócio ou invariantes que bloqueiem caminhos (ex.: saldo negativo em sistema bancário).

---

### 3. Conclusão
**NÃO** existem *infeasible paths* neste código.

**Justificativa**:
- O código é uma implementação direta de um codec ADPCM, com fluxo de controle previsível e sem contradições lógicas.
- Todas as funções operam em dados inicializados e não possuem condições mutuamente exclusivas.
- Loops e condicionais são baseados em cálculos aritméticos sem restrições inviáveis.

Se precisar de ajustes ou mais detalhes, fique à vontade para pedir!