Analisando o código fornecido, construí o **DCFG (Data Control Flow Graph)** para as funções `fib` e `main` usando Graphviz, seguindo os conceitos de fluxo de controle e dados. Abaixo estão os grafos e a análise de caminhos inviáveis.

---

### 1. DCFG da Função `fib`

```dot
digraph Fib {
    rankdir=TB;
    node [shape=box];

    // Nós
    entry [label="Entrada fib(n)", shape=ellipse];
    block1 [label="Bloco 1\ni = 2\nFnew = 1\nFold = 0"];
    block2 [label="Bloco 2\nCondição: i <= 30 && i <= n"];
    block3 [label="Bloco 3\ntemp = Fnew\nFnew = Fnew + Fold\nFold = temp\ni++"];
    block4 [label="Bloco 4\nans = Fnew"];
    exit [label="Retorna ans", shape=ellipse];

    // Arestas de controle
    entry -> block1;
    block1 -> block2;
    block2 -> block3 [label="Verdadeiro"];
    block2 -> block4 [label="Falso"];
    block3 -> block2;
    block4 -> exit;

    // Fluxo de dados (definições e usos)
    block1 [xlabel="def: i, Fnew, Fold"];
    block2 [xlabel="p-use: i, n"];
    block3 [xlabel="def: temp, Fnew, Fold, i\nc-use: Fnew, Fold"];
    block4 [xlabel="def: ans\nc-use: Fnew"];
}
```

### 2. DCFG da Função `main`

```dot
digraph Main {
    rankdir=TB;
    node [shape=box];

    // Nós
    entry [label="Entrada main()", shape=ellipse];
    block1 [label="Bloco 1\na = 30\nchama fib(a)"];
    block2 [label="Bloco 2\nreturn a"];
    exit [label="Saída", shape=ellipse];

    // Arestas de controle
    entry -> block1;
    block1 -> block2;
    block2 -> exit;

    // Fluxo de dados
    block1 [xlabel="def: a\nc-use: a"];
    block2 [xlabel="c-use: a"];
}
```

---

### Análise de Caminhos Inviáveis (*Infeasible Paths*)

**Resposta: NÃO**

**Justificativa:**  
Não existem caminhos inviáveis no código fornecido. O DCFG construído mostra que todos os caminhos de execução são semanticamente possíveis:

- Na função `fib`, o loop `for` é controlado pela condição `i <= 30 && i <= n`. Como `n` é um parâmetro passado pela função `main` (com valor fixo `30`), a condição `i <= n` é sempre verdadeira para `i` entre 2 e 30. O loop executa exatamente 29 iterações (de `i = 2` a `i = 30`), e a saída ocorre quando `i = 31`, tornando a condição falsa. Não há contradições ou restrições que impossibilitem a execução de qualquer caminho.

- Na função `main`, o fluxo é sequencial e sem branches, não havendo possibilidade de caminhos alternativos ou inviáveis.

Portanto, todos os caminhos representados no DCFG são viáveis, e não há necessidade de marcação de arestas em vermelho para indicar infeasible paths.