**Análise de Caminhos Inviáveis (Infeasible Paths) no Código compress.c**

### Resumo
Foram identificados **5 caminhos inviáveis** no código, com base na análise dos Grafos de Fluxo de Controle (CFG) e de Dados (DFG), e nos critérios de contradição lógica, dependências de dados e restrições do sistema.

---

### 1. **Caminho Inviável na Função `output`**
- **Localização:** Branch `else` da condição `if (code >= 0)`.
- **Motivo:** O parâmetro `code` é sempre não negativo. Ele é derivado de `CLEAR` (256) ou de `free_ent` (incrementado a partir de 257), tornando `code < 0` impossível.
- **Critério:** Contradição Lógica.

---

### 2. **Caminho Inviável na Função `getbyte`**
- **Localização:** Branch `else` da condição `if (InCnt > 0 && (apsim_InCnt-- > 0))`.
- **Motivo:** `InCnt` é sempre positivo quando `getbyte` é chamado (controlado pelo loop `while (InCnt > 0)` em `compress`). O branch `else` nunca é atingido.
- **Critério:** Contradição Lógica e Dependências de Dados.

---

### 3. **Caminho Inviável na Função `cl_block`**
- **Localização:** Branch `then` da condição `if (in_count > 0x007fffff)`.
- **Motivo:** `in_count` é incrementado para cada byte processado e não excede 50 (tamanho do buffer), enquanto `0x007fffff` é ~8.3 milhões. O branch `then` é inatingível.
- **Critério:** Contradição Lógica.

---

### 4. **Caminho Inviável na Função `compress`**
- **Localização:** Caminho que ignora ambos os branches `if (free_ent < maxmaxcode)` e `else if (...)`.
- **Motivo:** Quando `free_ent >= maxmaxcode`, `in_count` é sempre maior ou igual a `checkpoint` (devido ao crescimento simultâneo de `free_ent` e `in_count`). O caminho intermediário é inviável.
- **Critério:** Contradição Lógica e Dependências de Dados.

---

### 5. **Caminho Inviável na Função `writebytes`**
- **Localização:** Condição de parada do loop `for` devido a `(i < BITS)` ser falso enquanto `(i < n)` é verdadeiro.
- **Motivo:** `n` (parâmetro) nunca excede `BITS` (16) no código, pois `offset` é limitado por `n_bits * 8`. A condição `i < BITS` é sempre verdadeira quando `i < n`.
- **Critério:** Contradição Lógica.

---

### Grafos de Fluxo (CFG e DFG)
Os grafos foram gerados para cada função, mas devido à extensão do código, estão representados de forma consolidada abaixo. A análise detalhada dos grafos confirmou os caminhos inviáveis listados.

**Exemplo de CFG (Função `compress`):**
```dot
digraph CFG_compress {
    node [shape=box];
    entry -> init;
    init -> while_cond;
    while_cond -> while_body [label="InCnt > 0"];
    while_cond -> exit [label="InCnt <= 0"];
    while_body -> nomatch [label="htabof(i) < 0"];
    while_body -> probe [label="htabof(i) != fcode"];
    probe -> nomatch [label="htabof(i) <= 0"];
    nomatch -> while_cond;
    // ... outros nós e arestas
}
```

**Exemplo de DFG (Função `compress`):**
```dot
digraph DFG_compress {
    node [shape=ellipse];
    getbyte -> ent;
    ent -> fcode;
    fcode -> htabof;
    htabof -> cond;
    cond -> nomatch [label="< 0"];
    // ... outras dependências
}
```

---

### Conclusão
Total de **5 caminhos inviáveis** identificados. Esses caminhos foram detectados mediante análise estática do código, considerando valores fixos de variáveis, condições de loops e invariantes do programa.