**Resposta Final:**  
**SIM**, existe um infeasible path neste código.

---

### Análise Detalhada com CDFG

#### 1. Grafo CDFG da Função `Sum` (Graphviz DOT)
```dot
digraph Sum {
    rankdir=TB;
    node [shape=box];

    // Nós do CDFG
    start [label="Início Sum", shape=ellipse];
    end [label="Fim Sum", shape=ellipse];
    node1 [label="B1\nPtotal = 0\nNtotal = 0\nPcnt = 0\nNcnt = 0"];
    node2 [label="B2\nOuter = 0"];
    node3 [label="B3\nOuter < MAXSIZE?"];
    node4 [label="B4\nInner = 0"];
    node5 [label="B5\nInner < MAXSIZE?"];
    node6 [label="B6\nArray[Outer][Inner] < 0?"];
    node7 [label="B7\nPtotal += Array[Outer][Inner]\nPcnt++"];
    node8 [label="B8\nNtotal += Array[Outer][Inner]\nNcnt++"];
    node9 [label="B9\nInner++"];
    node10 [label="B10\nOuter++"];
    node11 [label="B11\nPostotal = Ptotal\nPoscnt = Pcnt\nNegtotal = Ntotal\nNegcnt = Ncnt"];

    // Arestas de controle
    start -> node1;
    node1 -> node2;
    node2 -> node3;
    node3 -> node4 [label="True"];
    node3 -> node11 [label="False"];
    node4 -> node5;
    node5 -> node6 [label="True"];
    node5 -> node10 [label="False"];
    node6 -> node7 [label="True (Infeasible)", color="red", fontcolor="red"];
    node6 -> node8 [label="False"];
    node7 -> node9 [color="red"];
    node8 -> node9;
    node9 -> node5;
    node10 -> node3;
    node11 -> end;

    // Fluxo de dados (definições e usos)
    node1 [xlabel="def: Ptotal, Ntotal, Pcnt, Ncnt"];
    node6 [xlabel="c-use: Array, Outer, Inner\np-use: Array"];
    node7 [xlabel="c-use: Array, Outer, Inner, Ptotal, Pcnt\ndef: Ptotal, Pcnt"];
    node8 [xlabel="c-use: Array, Outer, Inner, Ntotal, Ncnt\ndef: Ntotal, Ncnt"];
    node11 [xlabel="c-use: Ptotal, Pcnt, Ntotal, Ncnt\ndef: Postotal, Poscnt, Negtotal, Negcnt"];
}
```

#### 2. Justificativa para o Infeasible Path
- A função `Sum` percorre a matriz `Array` (10x10) preenchida por `Initialize` com valores gerados por `RandomInteger`.
- `RandomInteger` retorna valores no intervalo **[0, 8094]** (não negativos), pois:
  - Seed inicial é 0: `(0 * 133 + 81) % 8095 = 81`.
  - O padrão de geração garante valores ≥ 0.
- A condição `Array[Outer][Inner] < 0` (linha 6 do CDFG) **nunca será verdadeira**, pois todos os elementos da matriz são não negativos.
- Portanto, o caminho que executa o bloco `B7` (incremento de `Ptotal` e `Pcnt`) é **inviável** (marcado em vermelho no CDFG).

#### 3. Consequências
- `Ptotal` e `Pcnt` permanecerão 0, enquanto `Ntotal` e `Negcnt` acumularão todos os valores da matriz.
- Esse comportamento é confirmado pela lógica do código: se `WORSTCASE` não estiver definido, a condição sempre será falsa.

---

### Conclusão
O infeasible path existe devido à **incompatibilidade entre a geração de dados (sempre não negativos) e a condição de decisão (`Array[Outer][Inner] < 0`)**. Isso torna o bloco `B7` inalcançável, caracterizando um caminho estruturalmente inviável.