Analisando o código fornecido, vou construir o **DCFG (Data Control Flow Graph)** para a função `foo` e identificar possíveis *infeasible paths*.

### DCFG da Função `foo` em Graphviz
```dot
digraph DCFG_foo {
    rankdir=TB;
    node [shape=rectangle];

    // Nós (blocos básicos)
    start [label="Início da função\nint i, j, k, l;\n#ifdef TEST: int c = 0;"];
    loop_i [label="Loop i: i = 0 a 4"];
    loop_j [label="Loop j: j = 0 a 4"];
    loop_k [label="Loop k: k = 0 a 4"];
    loop_l [label="Loop l: l = 0 a 4"];
    body [label="Corpo do loop l:\n#ifdef TEST: c++;\nif (keys[i][j][k][l] == x)"];
    return_found [label="return answer[i][j][k][l] + keys[i][j][k][l];", shape=doublecircle];
    return_not_found [label="return -1;", shape=doublecircle];

    // Arestas de controle
    start -> loop_i;
    loop_i -> loop_j [label="i < 5"];
    loop_i -> return_not_found [label="i >= 5"];
    loop_j -> loop_k [label="j < 5"];
    loop_j -> loop_i [label="j >= 5", constraint=false];
    loop_k -> loop_l [label="k < 5"];
    loop_k -> loop_j [label="k >= 5", constraint=false];
    loop_l -> body [label="l < 5"];
    loop_l -> loop_k [label="l >= 5", constraint=false];
    body -> return_found [label="Condição verdadeira"];
    body -> loop_l [label="Condição falsa", constraint=false];

    // Arestas de dados (def-use)
    body -> return_found [label="c-use: keys, answer, i, j, k, l", style=dashed, color=blue];
    loop_i -> body [label="def: i", style=dashed, color=green];
    loop_j -> body [label="def: j", style=dashed, color=green];
    loop_k -> body [label="def: k", style=dashed, color=green];
    loop_l -> body [label="def: l", style=dashed, color=green];
}
```

### Análise de Infeasible Paths
**Resposta: NÃO**

**Justificativa:**
- Não há *infeasible paths* no código da função `foo`. Todos os caminhos são viáveis:
  - Os loops aninhados (`i`, `j`, `k`, `l`) iteram de 0 a 4, com condições de saída claras.
  - A condição `keys[i][j][k][l] == x` depende dos valores da matriz `keys` e do parâmetro `x`. Como `keys` é inicializada com valores fixos (0–4) e um elemento final 400 (ou 401), e `x` é 400, a condição pode ser verdadeira ou falsa dependendo da iteração.
  - Não há contradições lógicas (ex: `x > 10` e `x < 5` sequencialmente), dependências de dados inviáveis ou restrições ambientais que impeçam a execução de qualquer caminho.
  - O único cenário onde um caminho seria inviável é se `x` não estivesse em `keys`, mas isso não torna o caminho inviável — apenas executa todos os loops e retorna -1.

**Conclusão:** O código é estruturalmente simples, sem condições conflitantes ou dependências inviáveis. Todos os caminhos são executáveis.