**Análise de Caminhos Inviáveis no Código cnt.c**

### 1. Grafos de Fluxo de Controle (CFG) e de Dados (DFG) por Função

#### Função `main`
**CFG:**
```dot
digraph main_CFG {
    node [shape=box];
    N1 [label="InitSeed()"];
    N2 [label="Test(Array)"];
    N3 [label="return 1"];
    N1 -> N2;
    N2 -> N3;
}
```
**DFG:**
```dot
digraph main_DFG {
    node [shape=ellipse, style=filled, fillcolor=lightblue];
    Array_global [label="Array (global)"];
    node [shape=box];
    op_call_InitSeed [label="InitSeed()"];
    op_call_Test [label="Test(Array)"];
    Array_global -> op_call_Test;
    op_call_InitSeed -> op_call_Test [style=dashed, color=grey];
}
```

#### Função `Test`
**CFG:**
```dot
digraph Test_CFG {
    node [shape=box];
    N1 [label="Initialize(Array)"];
    N2 [label="StartTime = 1000.0"];
    N3 [label="Sum(Array)"];
    N4 [label="StopTime = 1500.0"];
    N5 [label="TotalTime = (StopTime - StartTime) / 1000.0"];
    N6 [label="return 0"];
    N1 -> N2;
    N2 -> N3;
    N3 -> N4;
    N4 -> N5;
    N5 -> N6;
}
```
**DFG:**
```dot
digraph Test_DFG {
    node [shape=ellipse, style=filled, fillcolor=lightblue];
    Array_global [label="Array (global)"];
    node [shape=box];
    op_call_Initialize [label="Initialize(Array)"];
    op_assign_StartTime [label="StartTime = 1000.0"];
    op_call_Sum [label="Sum(Array)"];
    op_assign_StopTime [label="StopTime = 1500.0"];
    op_calc_TotalTime [label="TotalTime = (StopTime - StartTime) / 1000.0"];
    Array_global -> op_call_Initialize;
    Array_global -> op_call_Sum;
    op_assign_StartTime -> op_calc_TotalTime;
    op_assign_StopTime -> op_calc_TotalTime;
}
```

#### Função `Initialize`
**CFG:**
```dot
digraph Initialize_CFG {
    node [shape=box];
    N1 [label="OuterIndex = 0"];
    N2 [label="OuterIndex < MAXSIZE"];
    N3 [label="InnerIndex = 0"];
    N4 [label="InnerIndex < MAXSIZE"];
    N5 [label="Array[OuterIndex][InnerIndex] = RandomInteger()"];
    N6 [label="InnerIndex++"];
    N7 [label="OuterIndex++"];
    N8 [label="return 0"];
    N1 -> N2;
    N2 -> N3 [label="true"];
    N2 -> N8 [label="false"];
    N3 -> N4;
    N4 -> N5 [label="true"];
    N4 -> N7 [label="false"];
    N5 -> N6;
    N6 -> N4;
    N7 -> N2;
}
```
**DFG:**
```dot
digraph Initialize_DFG {
    node [shape=ellipse, style=filled, fillcolor=lightblue];
    Seed_global [label="Seed (global)"];
    Array_global [label="Array (global)"];
    node [shape=box];
    op_assign_OuterIndex [label="OuterIndex = 0"];
    op_condition_outer [label="OuterIndex < MAXSIZE"];
    op_assign_InnerIndex [label="InnerIndex = 0"];
    op_condition_inner [label="InnerIndex < MAXSIZE"];
    op_call_RandomInteger [label="RandomInteger()"];
    op_assign_array [label="Array[OuterIndex][InnerIndex] = RandomInteger()"];
    op_increment_InnerIndex [label="InnerIndex++"];
    op_increment_OuterIndex [label="OuterIndex++"];
    Seed_global -> op_call_RandomInteger;
    op_call_RandomInteger -> op_assign_array;
    op_assign_array -> Array_global;
    op_assign_OuterIndex -> op_condition_outer;
    op_condition_outer -> op_assign_InnerIndex [label="true"];
    op_assign_InnerIndex -> op_condition_inner;
    op_condition_inner -> op_assign_array [label="true"];
    op_assign_array -> op_increment_InnerIndex;
    op_increment_InnerIndex -> op_condition_inner;
    op_condition_inner -> op_increment_OuterIndex [label="false"];
    op_increment_OuterIndex -> op_condition_outer;
}
```

#### Função `Sum`
**CFG:**
```dot
digraph Sum_CFG {
    node [shape=box];
    N1 [label="Ptotal = 0, Ntotal = 0, Pcnt = 0, Ncnt = 0"];
    N2 [label="Outer = 0"];
    N3 [label="Outer < MAXSIZE"];
    N4 [label="Inner = 0"];
    N5 [label="Inner < MAXSIZE"];
    N6 [label="Array[Outer][Inner] < 0"];
    N7 [label="Ptotal += Array[Outer][Inner]; Pcnt++"];
    N8 [label="Ntotal += Array[Outer][Inner]; Ncnt++"];
    N9 [label="Inner++"];
    N10 [label="Outer++"];
    N11 [label="Postotal = Ptotal; Poscnt = Pcnt; Negtotal = Ntotal; Negcnt = Ncnt"];
    N1 -> N2;
    N2 -> N3;
    N3 -> N4 [label="true"];
    N3 -> N11 [label="false"];
    N4 -> N5;
    N5 -> N6 [label="true"];
    N5 -> N10 [label="false"];
    N6 -> N7 [label="true"];
    N6 -> N8 [label="false"];
    N7 -> N9;
    N8 -> N9;
    N9 -> N5;
    N10 -> N3;
}
```
**DFG:**
```dot
digraph Sum_DFG {
    node [shape=ellipse, style=filled, fillcolor=lightblue];
    Array_global [label="Array (global)"];
    node [shape=box];
    op_init_vars [label="Ptotal=0, Ntotal=0, Pcnt=0, Ncnt=0"];
    op_assign_Outer [label="Outer = 0"];
    op_condition_outer [label="Outer < MAXSIZE"];
    op_assign_Inner [label="Inner = 0"];
    op_condition_inner [label="Inner < MAXSIZE"];
    op_check_value [label="Array[Outer][Inner] < 0"];
    op_update_positive [label="Ptotal += Array[Outer][Inner]; Pcnt++"];
    op_update_negative [label="Ntotal += Array[Outer][Inner]; Ncnt++"];
    op_increment_Inner [label="Inner++"];
    op_increment_Outer [label="Outer++"];
    op_assign_globals [label="Postotal = Ptotal; Poscnt = Pcnt; Negtotal = Ntotal; Negcnt = Ncnt"];
    Array_global -> op_check_value;
    Array_global -> op_update_positive;
    Array_global -> op_update_negative;
    op_init_vars -> op_update_positive;
    op_init_vars -> op_update_negative;
    op_update_positive -> op_assign_globals;
    op_update_negative -> op_assign_globals;
    op_assign_Outer -> op_condition_outer;
    op_condition_outer -> op_assign_Inner [label="true"];
    op_assign_Inner -> op_condition_inner;
    op_condition_inner -> op_check_value [label="true"];
    op_check_value -> op_update_positive [label="true"];
    op_check_value -> op_update_negative [label="false"];
    op_update_positive -> op_increment_Inner;
    op_update_negative -> op_increment_Inner;
    op_increment_Inner -> op_condition_inner;
    op_condition_inner -> op_increment_Outer [label="false"];
    op_increment_Outer -> op_condition_outer;
}
```

#### Função `RandomInteger`
**CFG:**
```dot
digraph RandomInteger_CFG {
    node [shape=box];
    N1 [label="Seed = ((Seed * 133) + 81) % 8095"];
    N2 [label="return Seed"];
    N1 -> N2;
}
```
**DFG:**
```dot
digraph RandomInteger_DFG {
    node [shape=ellipse, style=filled, fillcolor=lightblue];
    Seed_in [label="Seed (input)"];
    node [shape=box];
    op_calc [label="Seed = ((Seed * 133) + 81) % 8095"];
    op_return [label="return Seed"];
    Seed_in -> op_calc;
    op_calc -> op_return;
}
```

### 2. Identificação de Caminhos Inviáveis
**SIM**, existem caminhos inviáveis neste código.

### 3. Explicação Detalhada
A análise revela um **caminho inviável** na função `Sum`, devido a uma **dependência de dados** envolvendo a geração de valores aleatórios. Especificamente:

- A função `RandomInteger` gera valores não negativos (o valor inicial de `Seed` é 0, e a expressão `((Seed * 133) + 81) % 8095` produz integers entre 0 e 8094).
- Na função `Sum`, a condição `if (Array[Outer][Inner] < 0)` depende desses valores. Como todos os elementos da matriz são não negativos, a condição **sempre será falsa**.
- Consequentemente, o bloco associado ao `if` (que incrementa `Ptotal` e `Pcnt`) **nunca é executado**, tornando esse caminho inviável.
- O bloco `else` (que atualiza `Ntotal` e `Ncnt`) é sempre executado, mas os nomes das variáveis sugerem uma lógica incorreta (já que os valores são não negativos, não negativos).

Esse cenário configura uma **inviabilidade por dependência de dados**, pois a condição depende de valores gerados externamente que nunca satisfazem a condição de entrada no branch.