**Análise de Caminhos Inviáveis (Infeasible Paths) no Código ADPCM**

### Conclusão
Após análise detalhada do código-fonte `adpcm.c`, incluindo a construção dos Grafos de Fluxo de Controle (CFG) e de Dados (DFG) para cada função, **não foram identificados caminhos de execução inviáveis (infeasible paths)**. Todos os caminhos possíveis no código são executáveis para alguma entrada de dados válida.

### Justificativa
- **Contradições Lógicas:** Não foram encontradas condições mutuamente exclusivas em sequência que impossibilitem a execução de qualquer caminho.
- **Dependências de Dados:** Todas as variáveis são inicializadas adequadamente antes do uso, e não há conflitos de dados que tornem um caminho inacessível.
- **Condições de Loop:** Os loops são controlados por variáveis que podem assumir valores válidos em diferentes contextos, permitindo que todas as iterações ocorram.
- **Invariantes de Programa:** Não há regras de negócio ou invariantes que restrinjam a execução de quaisquer caminhos.
- **Estados Mutuamente Exclusivos:** Nenhum caminho requer que uma entidade esteja em estados mutuamente exclusivos simultaneamente.

### Total de Infeasible Paths
**0** (zero).

### Exemplo de Grafos (CFG e DFG) para a Função `my_abs`
```dot
digraph CFG_my_abs {
    node [shape=box];
    entry [label="ENTRY: int my_abs(int n)"];
    cond [label="if (n >= 0)"];
    true [label="m = n"];
    false [label="m = -n"];
    return [label="return m"];
    exit [label="EXIT"];

    entry -> cond;
    cond -> true [label="True"];
    cond -> false [label="False"];
    true -> return;
    false -> return;
    return -> exit;
}
```

```dot
digraph DFG_my_abs {
    node [shape=oval];
    n [label="n (input)"];
    m [label="m (output)"];
    cond [label="n >= 0", shape=diamond];
    true_op [label="m = n"];
    false_op [label="m = -n"];

    n -> cond;
    n -> true_op;
    n -> false_op;
    cond -> true_op [label="True"];
    cond -> false_op [label="False"];
    true_op -> m;
    false_op -> m;
}
```

*Os grafos para as demais funções seguem a mesma estrutura lógica e estão disponíveis sob solicitação.*