**Resposta: NÃO**

### Explicação com Base no CFG e DFG Construídos:

#### 1. **CFG (Grafo de Fluxo de Controle):**
O CFG para a função `sort` foi construído com base na estrutura do código, respeitando as regras de blocos básicos e fluxo de controle. O grafo resultante é:

```dot
digraph CFG {
    node [shape=box, style=rounded, fontname="Helvetica"];
    edge [fontname="Helvetica"];

    // Nós (Blocos Básicos)
    B1 [label="B1: Inicialização\n(i, ir=n, j, k, l=1, jstack=0, flag=0)"];
    B2 [label="B2: Loop Principal\nfor (;;)"];
    B3 [label="B3: if (ir - l < M)"];
    B4 [label="B4: Insertion Sort\nfor (j = l+1; j <= ir; j++)\n..."];
    B5 [label="B5: if (jstack == 0)"];
    B6 [label="B6: Pop Stack\nir = istack[jstack--];\nl = istack[jstack--];"];
    B7 [label="B7: Partição\nk = (l+ir) >> 1;\nSWAP(...);\n..."];
    B8 [label="B8: Inner Loop\nfor (;;)\ni++; j--;"];
    B9 [label="B9: if (j < i)"];
    B10 [label="B10: SWAP(arr[i], arr[j])"];
    B11 [label="B11: Atualizações Finais\narr[l+1]=arr[j];\narr[j]=a;\njstack+=2;"];
    B12 [label="B12: if (ir-i+1 >= j-l)"];
    B13 [label="B13: Push Stack (Caso True)\nistack[jstack]=ir;\n..."];
    B14 [label="B14: Push Stack (Caso False)\nistack[jstack]=j-1;\n..."];
    B15 [label="B15: Fim"];

    // Arestas (Fluxo de Controle)
    B1 -> B2;
    B2 -> B3;
    B3 -> B4 [label="True"];
    B3 -> B7 [label="False"];
    B4 -> B5;
    B5 -> B15 [label="True (Break)"];
    B5 -> B6 [label="False"];
    B6 -> B2;
    B7 -> B8;
    B8 -> B9;
    B9 -> B11 [label="True (Break)"];
    B9 -> B10 [label="False"];
    B10 -> B8;
    B11 -> B12;
    B12 -> B13 [label="True"];
    B12 -> B14 [label="False"];
    B13 -> B2;
    B14 -> B2;
}
```

#### 2. **DFG (Grafo de Fluxo de Dados):**
O DFG foca nas dependências de dados entre operações. Variáveis como `arr`, `ir`, `l`, `jstack`, `a`, e `temp` são analisadas. Exemplo simplificado:

```dot
digraph DFG {
    node [shape=ellipse, style=filled, fillcolor=lightblue];
    arr_in [label="arr"];
    ir_in [label="ir"];
    l_in [label="l"];
    jstack_in [label="jstack"];

    node [shape=box, style=""];
    op_swap1 [label="SWAP"];
    op_swap2 [label="SWAP"];
    op_compare [label="Compare (ir-l < M)"];
    op_assign [label="a = arr[j]"];

    node [shape=ellipse, style=filled, fillcolor=lightgreen];
    arr_out [label="arr"];
    jstack_out [label="jstack"];

    // Fluxo de Dados
    arr_in -> op_swap1;
    arr_in -> op_assign;
    ir_in -> op_compare;
    l_in -> op_compare;
    op_compare -> B3;
    op_swap1 -> arr_out;
    op_assign -> a_var;
    jstack_in -> op_push_pop;
    op_push_pop -> jstack_out;
}
```

#### 3. **Análise de Infeasible Paths:**
- **CFG:** Todos os caminhos do CFG são **atingíveis** devido à natureza do algoritmo de ordenação, que lida com diferentes tamanhos de partições e condições de stack. Por exemplo:
  - O caminho `B3 -> B4` é executado quando `ir - l < M` (partições pequenas).
  - O caminho `B3 -> B7` é executado para partições maiores.
  - Condições como `jstack == 0` dependem do estado da pilha, que varia dinamicamente.

- **DFG:** As dependências de dados são consistentes. Operações como `SWAP` e atribuições dependem dos valores atuais de `arr`, `ir`, e `l`, mas nenhuma combinação de dados torna um caminho estruturalmente impossível.

**Conclusão:** Não há evidências de **infeasible paths** no código. Todos os caminhos no CFG são viáveis para entradas específicas (ex: partições de tamanhos variados, estados de pilha). O DFG confirma que as operações de dados não criam restrições adicionais que impossibilitem qualquer caminho.