**Resposta: NÃO**

### Explicação com Base no CFG e DFG Construídos:

#### 1. Análise do CFG (Control Flow Graph):
O CFG para o código `fibcall.c` é simples e direto, consistindo principalmente de um loop com uma condição composta (`i <= 30 && i <= n`). Não há branches ou condições conflitantes que possam levar a caminhos mutuamente exclusivos. A estrutura do código é linear, com um único loop cujo número de iterações é deterministicamente definido pelo valor de `n` (que é 30 no caso da chamada em `main`). Não há condições sequenciais que se contradigam ou invariantes de programa que bloqueiem certos caminhos.

#### 2. Análise do DFG (Data Flow Graph):
O DFG mostra que as variáveis `Fnew`, `Fold`, `temp` e `i` são inicializadas corretamente antes do loop e atualizadas a cada iteração de forma consistente. As dependências de dados são claras:
- `Fnew` e `Fold` são usados para calcular novos valores a cada iteração.
- `temp` é apenas um auxiliar para permutar valores.
- `i` é incrementado até atingir o limite da condição.

Não há uso de variáveis não inicializadas ou contradições nos fluxos de dados. O loop termina quando `i` excede 30 ou `n`, o que é sempre possível dado que `i` é incrementado a cada iteração.

#### 3. Conclusão sobre Caminhos Infeasible:
- **Não há contradições lógicas**: A condição do loop é `i <= 30 && i <= n`. Como `n = 30` na chamada de `main`, a condição é equivalente a `i <= 30`, que é satisfeita para `i` de 2 a 30. Não há condições mutuamente exclusivas ou conflitantes.
- **Dependências de dados são viáveis**: Todas as variáveis são inicializadas e atualizadas de forma que nenhum caminho exija estados impossíveis (ex: usar `Fnew` antes de ser definido).
- **Loop é viável**: O loop sempre termina após 29 iterações (para `n = 30`), e não há restrições que impeçam sua execução.

Portanto, **não existem caminhos infeasible** neste código.

---

### CFG em DOT (Graphviz):
```dot
digraph CFG {
    node [shape=box, style=rounded, fontname="Helvetica"];
    edge [fontname="Helvetica"];

    // Nós para a função main
    main_start [label="main: START"];
    main_decl [label="int a;"];
    main_assign [label="a = 30;"];
    main_call [label="fib(a);"];
    main_return [label="return a;"];
    main_end [label="main: END", shape=doublecircle];

    // Nós para a função fib
    fib_start [label="fib: START"];
    fib_decl [label="int i, Fnew, Fold, temp, ans;"];
    fib_init [label="Fnew = 1; Fold = 0; i = 2;"];
    fib_cond [label="i <= 30 && i <= n?", shape=diamond];
    fib_loop [label="temp = Fnew;\nFnew = Fnew + Fold;\nFold = temp;"];
    fib_inc [label="i++"];
    fib_after_loop [label="ans = Fnew;"];
    fib_return [label="return ans;"];
    fib_end [label="fib: END", shape=doublecircle];

    // Fluxo em main
    main_start -> main_decl -> main_assign -> main_call -> main_return -> main_end;

    // Fluxo em fib
    fib_start -> fib_decl -> fib_init -> fib_cond;
    fib_cond -> fib_loop [label="true"];
    fib_cond -> fib_after_loop [label="false"];
    fib_loop -> fib_inc -> fib_cond;
    fib_after_loop -> fib_return -> fib_end;

    // Chamada de função entre main e fib
    main_call -> fib_start [label="call", style=dashed];
    fib_return -> main_return [label="return", style=dashed];
}
```

### DFG em DOT (Graphviz):
```dot
digraph DFG {
    node [shape=box, style="", fontname="Helvetica"];
    edge [fontname="Helvetica"];

    // Nós de entrada (variáveis e constantes)
    n_input [label="n", shape=ellipse, style=filled, fillcolor=lightblue];
    const_1 [label="1", shape=ellipse, style=filled, fillcolor=lightblue];
    const_0 [label="0", shape=ellipse, style=filled, fillcolor=lightblue];
    const_2 [label="2", shape=ellipse, style=filled, fillcolor=lightblue];

    // Nós de operação em fib
    op_init_fnew [label="Fnew = 1"];
    op_init_fold [label="Fold = 0"];
    op_init_i [label="i = 2"];
    op_cond [label="i <= 30 && i <= n"];
    op_temp [label="temp = Fnew"];
    op_fnew [label="Fnew = Fnew + Fold"];
    op_fold [label="Fold = temp"];
    op_inc_i [label="i++"];
    op_ans [label="ans = Fnew"];
    op_return [label="return ans"];

    // Arestas de dependência de dados
    n_input -> op_cond;
    const_1 -> op_init_fnew;
    const_0 -> op_init_fold;
    const_2 -> op_init_i;
    op_init_fnew -> op_temp;
    op_init_fnew -> op_fnew;
    op_init_fold -> op_fnew;
    op_temp -> op_fold;
    op_fnew -> op_temp [label="loop"];
    op_fnew -> op_fnew [label="loop"];
    op_fold -> op_fnew [label="loop"];
    op_init_i -> op_cond;
    op_init_i -> op_inc_i;
    op_inc_i -> op_cond [label="loop"];
    op_fnew -> op_ans;
    op_ans -> op_return;
}
```