**Análise do Código Fornecido:**

O código fornecido contém uma única função `sort` e uma função `main`. A função `main` simplesmente chama `sort(20)`, portanto, a análise concentra-se na função `sort`.

### 1. Grafo de Fluxo de Controle (CFG) para `sort`
```dot
digraph sort_CFG {
    node [shape=box, style=rounded, fontname="Helvetica"];
    edge [fontname="Helvetica"];

    // Nós do CFG
    N1 [label="1: Início da função\nunsigned long i, ir = n, j, k, l = 1;\nint jstack = 0;\nint flag;\nfloat a, temp;\nflag = 0;"];
    N2 [label="2: Loop externo (for (;;))"];
    N3 [label="3: if (ir - l < M)"];
    N4 [label="4: Inserção ordenada\nfor (j = l + 1; j <= ir; j++)"];
    N5 [label="5: a = arr[j];\nfor (i = j - 1; i >= l; i--)"];
    N6 [label="6: if (arr[i] <= a)"];
    N7 [label="7: break;"];
    N8 [label="8: arr[i + 1] = arr[i];"];
    N9 [label="9: arr[i + 1] = a;"];
    N10 [label="10: if (jstack == 0)"];
    N11 [label="11: break;"];
    N12 [label="12: ir = istack[jstack--];\nl = istack[jstack--];"];
    N13 [label="13: else (quicksort)"];
    N14 [label="14: k = (l + ir) >> 1;\nSWAP(arr[k], arr[l + 1])"];
    N15 [label="15: if (arr[l] > arr[ir])"];
    N16 [label="16: SWAP(arr[l], arr[ir])"];
    N17 [label="17: if (arr[l + 1] > arr[ir])"];
    N18 [label="18: SWAP(arr[l + 1], arr[ir])"];
    N19 [label="19: if (arr[l] > arr[l + 1])"];
    N20 [label="20: SWAP(arr[l], arr[l + 1])"];
    N21 [label="21: i = l + 1;\nj = ir;\na = arr[l + 1];"];
    N22 [label="22: Loop interno (for (;;))"];
    N23 [label="23: i++;\nwhile (arr[i] < a) i++;"];
    N24 [label="24: j--;\nwhile (arr[j] > a) j--;"];
    N25 [label="25: if (j < i)"];
    N26 [label="26: break;"];
    N27 [label="27: SWAP(arr[i], arr[j]);"];
    N28 [label="28: arr[l + 1] = arr[j];\narr[j] = a;\njstack += 2;"];
    N29 [label="29: if (ir - i + 1 >= j - l)"];
    N30 [label="30: istack[jstack] = ir;\nistack[jstack - 1] = i;\nir = j - 1;"];
    N31 [label="31: else\nistack[jstack] = j - 1;\nistack[jstack - 1] = l;\nl = i;"];
    N32 [label="32: Fim do loop externo"];
    N33 [label="33: Fim da função", shape=doublecircle];

    // Arestas do CFG
    N1 -> N2;
    N2 -> N3;
    N3 -> N4 [label="true"];
    N3 -> N13 [label="false"];
    N4 -> N5 [label="j <= ir"];
    N4 -> N10 [label="j > ir"];
    N5 -> N6 [label="i >= l"];
    N5 -> N9 [label="i < l"];
    N6 -> N7 [label="true"];
    N6 -> N8 [label="false"];
    N7 -> N9;
    N8 -> N5;
    N9 -> N4;
    N10 -> N11 [label="true"];
    N10 -> N12 [label="false"];
    N11 -> N33;
    N12 -> N2;
    N13 -> N14;
    N14 -> N15;
    N15 -> N16 [label="true"];
    N15 -> N17 [label="false"];
    N16 -> N17;
    N17 -> N18 [label="true"];
    N17 -> N19 [label="false"];
    N18 -> N19;
    N19 -> N20 [label="true"];
    N19 -> N21 [label="false"];
    N20 -> N21;
    N21 -> N22;
    N22 -> N23;
    N23 -> N24;
    N24 -> N25;
    N25 -> N26 [label="true"];
    N25 -> N27 [label="false"];
    N26 -> N28;
    N27 -> N22;
    N28 -> N29;
    N29 -> N30 [label="true"];
    N29 -> N31 [label="false"];
    N30 -> N32;
    N31 -> N32;
    N32 -> N2;
}
```

### 2. Grafo de Fluxo de Dados (DFG) para `sort`
```dot
digraph sort_DFG {
    node [shape=ellipse, style=filled, fillcolor=lightblue];
    edge [fontname="Helvetica"];

    // Nós de entrada (variáveis e constantes)
    n [label="n"];
    M_val [label="M (7)"];
    arr_in [label="arr"];
    istack_in [label="istack"];

    // Nós de operação
    node [shape=box, style="", fillcolor=""];
    op_init [label="Inicialização\ni, ir=n, j, k, l=1, jstack=0, flag=0"];
    op_cond1 [label="Condição: ir - l < M"];
    op_insortion [label="Inserção ordenada"];
    op_cond2 [label="Condição: jstack == 0"];
    op_swap1 [label="SWAP (vários)"];
    op_partition [label="Partição: i, j, a"];
    op_cond3 [label="Condição: j < i"];
    op_swap2 [label="SWAP(arr[i], arr[j])"];
    op_update [label="Atualização: arr, jstack"];
    op_cond4 [label="Condição: ir - i + 1 >= j - l"];
    op_push1 [label="Push: ir, i"];
    op_push2 [label="Push: j-1, l"];

    // Nós de saída
    node [shape=ellipse, style=filled, fillcolor=lightgreen];
    arr_out [label="arr (ordenado)"];

    // Arestas de dependência de dados
    n -> op_init;
    M_val -> op_cond1;
    arr_in -> op_init -> op_cond1;
    op_cond1 -> op_insortion [label="true"];
    op_cond1 -> op_swap1 [label="false"];
    op_insortion -> op_cond2;
    op_cond2 -> arr_out [label="true (break)"];
    op_cond2 -> op_init [label="false (pop)"];
    op_swap1 -> op_partition;
    op_partition -> op_cond3;
    op_cond3 -> op_swap2 [label="false"];
    op_cond3 -> op_update [label="true"];
    op_swap2 -> op_partition;
    op_update -> op_cond4;
    op_cond4 -> op_push1 [label="true"];
    op_cond4 -> op_push2 [label="false"];
    op_push1 -> op_init;
    op_push2 -> op_init;
}
```

### 3. Identificação de Infeasible Paths
**Resposta: NÃO**

**Explicação:**
- O código implementa uma versão não recursiva do algoritmo quicksort, utilizando uma pilha (`istack`) para gerenciar segmentos não ordenados.
- O CFG e o DFG mostram que todos os caminhos são viáveis e coerentes com a lógica do algoritmo:
  - O loop externo (`for (;;)`) continua até que a pilha esteja vazia (`jstack == 0`).
  - A condição `ir - l < M` decide entre usar inserção ordenada (para segmentos pequenos) ou particionamento quicksort.
  - As operações de SWAP e atualização da pilha são baseadas em condições de comparação de valores do array `arr`, que dependem dos dados de entrada.
  - Não há contradições lógicas ou dependências de dados inviáveis. Por exemplo:
    - O acesso a `istack` é controlado por `jstack`, que é inicializado e atualizado corretamente.
    - As condições nos loops e ifs dependem de valores variáveis, mas não há conflitos sequenciais ou invariantes que impossibilitem qualquer caminho.
  - O array `arr` é inicializado com valores fixos, mas isso não cria infeasible paths, pois o algoritmo é genérico e funciona para qualquer entrada.
- Portanto, todos os caminhos no CFG são viáveis para alguma entrada possível, e o DFG não mostra dependências inviáveis.