**Resposta Final:**

Após uma análise detalhada do código fornecido, considerando a construção dos Grafos de Fluxo de Controle (CFG) e Grafos de Fluxo de Dados (DFG) para cada função, bem como a aplicação dos critérios para identificação de caminhos inviáveis (infeasible paths), conclui-se que **existem 625 caminhos inviáveis** no código.

### Explicação Detalhada:
O código consiste em duas funções: `foo` e `main`. A função `foo` contém quatro loops aninhados que iteram sobre um array 4D `keys` (5x5x5x5 = 625 iterações). Em cada iteração, uma condição verifica se `keys[i][j][k][l] == x` (onde `x = 400`). Se verdadeiro, a função retorna imediatamente; caso contrário, continua até completar todos os loops e retorna `-1`.

#### Análise com Base nos Grafos CFG e DFG:
- **CFG de `foo`:** O grafo mostra 15 nós, incluindo inicializações de loops, condições, incrementos e retornos. A estrutura é determinística, com loops fixos (0 a 4 para cada índice).
- **DFG de `foo`:** O grafo revela que a condição `keys[i][j][k][l] == x` e o retorno dependem exclusivamente dos valores constantes do array `keys` e do parâmetro `x`.
- **Array `keys`:** Os valores são majoritariamente `0, 1, 2, 3, 4`, exceto o último elemento (`keys[4][4][4][4]`), que é `400` se `FIND_TARGET` estiver definido, ou `401` caso contrário. Como `x = 400` é passado na chamada, o array **não contém o valor `400`** se `FIND_TARGET` não estiver definido (cenário padrão).

#### Justificativa para os Caminhos Inviáveis:
- **Cenário sem `FIND_TARGET`:** O array `keys` nunca contém `400`, tornando a condição `keys[i][j][k][l] == 400` **sempre falsa**. Assim, os 625 caminhos que tentam retornar antecipadamente (um para cada iteração) são inviáveis, pois a condição nunca é satisfeita. Apenas o caminho que executa todas as iterações e retorna `-1` é viável.
- **Cenário com `FIND_TARGET`:** O último elemento do array é `400`, tornando a condição verdadeira apenas na iteração final (`i=4, j=4, k=4, l=4`). Neste caso, os 624 caminhos que retornam antecipadamente (em iterações não finais) são inviáveis, e o caminho que retorna `-1` também é inviável (pois a função retorna antecipadamente). Apenas um caminho é viável.

**Conclusão:** Independentemente da definição de `FIND_TARGET`, **625 caminhos são inviáveis**:
- Sem `FIND_TARGET`: 625 caminhos de retorno antecipado são inviáveis.
- Com `FIND_TARGET`: 624 caminhos de retorno antecipado (não finais) + 1 caminho de retorno `-1` são inviáveis.

A função `main` não introduce caminhos adicionais inviáveis, pois sua execução é linear e sem condicionais.

### Grafos em Formato DOT:
#### CFG para `foo`:
```dot
digraph foo_CFG {
  node [shape=box];
  entry -> node0;
  node0 [label="i=0"];
  node0 -> node1;
  node1 [label="i<5?"];
  node1 -> node2 [label="true"];
  node1 -> node14 [label="false"];
  node2 [label="j=0"];
  node2 -> node3;
  node3 [label="j<5?"];
  node3 -> node4 [label="true"];
  node3 -> node13 [label="false"];
  node4 [label="k=0"];
  node4 -> node5;
  node5 [label="k<5?"];
  node5 -> node6 [label="true"];
  node5 -> node12 [label="false"];
  node6 [label="l=0"];
  node6 -> node7;
  node7 [label="l<5?"];
  node7 -> node8 [label="true"];
  node7 -> node11 [label="false"];
  node8 [label="keys[i][j][k][l] == x"];
  node8 -> node9 [label="true"];
  node8 -> node10 [label="false"];
  node9 [label="return answer[i][j][k][l] + keys[i][j][k][l];"];
  node9 -> exit;
  node10 [label="l++"];
  node10 -> node7;
  node11 [label="k++"];
  node11 -> node5;
  node12 [label="j++"];
  node12 -> node3;
  node13 [label="i++"];
  node13 -> node1;
  node14 [label="return -1;"];
  node14 -> exit;
  exit [shape=doublecircle];
}
```

#### DFG para `foo`:
```dot
digraph foo_DFG {
  node [shape=ellipse];
  i [label="i"];
  j [label="j"];
  k [label="k"];
  l [label="l"];
  x [label="x"];
  keys_access [label="keys[i][j][k][l]", shape=box];
  answer_access [label="answer[i][j][k][l]", shape=box];
  cond [label="==", shape=box];
  add [label="+", shape=box];
  return_val [label="return value"];

  i -> keys_access;
  j -> keys_access;
  k -> keys_access;
  l -> keys_access;
  keys_access -> cond;
  x -> cond;
  keys_access -> add;
  answer_access -> add;
  add -> return_val;
}
```

#### CFG para `main`:
```dot
digraph main_CFG {
  node [shape=box];
  entry -> node0;
  node0 [label="foo(400)"];
  node0 -> node1;
  node1 [label="printf (if TEST defined)"];
  node1 -> exit;
  exit [shape=doublecircle];
}
```

#### DFG para `main`:
```dot
digraph main_DFG {
  node [shape=ellipse];
  constant_400 [label="400"];
  foo_call [label="foo(400)", shape=box];
  printf_call [label="printf", shape=box];

  constant_400 -> foo_call;
  foo_call -> printf_call;
}
```