**Resposta:**  
SIM, existe um caminho inviável (*infeasible path*) neste código.

**Justificativa:**  
Após analisar o código, identifiquei que o caminho que executa o bloco `then` da condição `if (Array[Outer][Inner] < 0)` na função `Sum` é inviável. Isso ocorre porque a função `RandomInteger` sempre retorna valores não negativos (entre 0 e 8094), já que:
- A seed inicial é 0 (`InitSeed` define `Seed = 0`).
- A expressão `((Seed * 133) + 81) % 8095` opera com módulo 8095, resultando em valores não negativos.

Portanto, os elementos da matriz `Array` inicializados por `Initialize` são sempre não negativos, tornando a condição `Array[Outer][Inner] < 0` sempre falsa. Assim, o bloco `then` (que incrementa `Ptotal` e `Pcnt`) nunca é executado, caracterizando um caminho inviável no CFG da função `Sum`.

---

### Grafos Gerados (CFG e DFG para cada função):

#### 1. Função `main`
**CFG:**
```dot
digraph CFG_main {
    node [shape=box];
    start [label="Início", shape=ellipse];
    n1 [label="InitSeed()"];
    n2 [label="Test(Array)"];
    end [label="return 1;", shape=ellipse];
    start -> n1 -> n2 -> end;
}
```
**DFG:**  
Não há dependências de dados relevantes (apenas chamadas de funções).

---

#### 2. Função `Test`
**CFG:**
```dot
digraph CFG_Test {
    node [shape=box];
    start [label="Início", shape=ellipse];
    n1 [label="Initialize(Array)"];
    n2 [label="StartTime = 1000.0"];
    n3 [label="Sum(Array)"];
    n4 [label="StopTime = 1500.0"];
    n5 [label="TotalTime = (StopTime - StartTime) / 1000.0"];
    end [label="return 0;", shape=ellipse];
    start -> n1 -> n2 -> n3 -> n4 -> n5 -> end;
}
```
**DFG:**  
Não há dependências de dados complexas (valores fixos e chamadas de funções).

---

#### 3. Função `Initialize`
**CFG:**
```dot
digraph CFG_Initialize {
    node [shape=box];
    start [label="Início", shape=ellipse];
    n1 [label="OuterIndex = 0"];
    n2 [label="OuterIndex < MAXSIZE?"];
    n3 [label="InnerIndex = 0"];
    n4 [label="InnerIndex < MAXSIZE?"];
    n5 [label="Array[OuterIndex][InnerIndex] = RandomInteger()"];
    n6 [label="InnerIndex++"];
    n7 [label="OuterIndex++"];
    end [label="return 0;", shape=ellipse];
    start -> n1 -> n2;
    n2 -> n3 [label="Sim"];
    n2 -> end [label="Não"];
    n3 -> n4;
    n4 -> n5 [label="Sim"];
    n4 -> n7 [label="Não"];
    n5 -> n6 -> n4;
    n7 -> n2;
}
```
**DFG:**  
```dot
digraph DFG_Initialize {
    node [shape=box];
    n1 [label="RandomInteger()"];
    n2 [label="Atribuição à Array"];
    n1 -> n2;
}
```

---

#### 4. Função `InitSeed`
**CFG:**
```dot
digraph CFG_InitSeed {
    node [shape=box];
    start [label="Início", shape=ellipse];
    n1 [label="Seed = 0"];
    end [label="return 0;", shape=ellipse];
    start -> n1 -> end;
}
```
**DFG:**  
Não há dependências de dados.

---

#### 5. Função `Sum`
**CFG:**
```dot
digraph CFG_Sum {
    node [shape=box];
    start [label="Início", shape=ellipse];
    n1 [label="Ptotal = 0, Ntotal = 0, Pcnt = 0, Ncnt = 0"];
    n2 [label="Outer = 0"];
    n3 [label="Outer < MAXSIZE?"];
    n4 [label="Inner = 0"];
    n5 [label="Inner < MAXSIZE?"];
    n6 [label="Array[Outer][Inner] < 0?"];
    n7 [label="Ptotal += Array[Outer][Inner]; Pcnt++"];
    n8 [label="Ntotal += Array[Outer][Inner]; Ncnt++"];
    n9 [label="Inner++"];
    n10 [label="Outer++"];
    n11 [label="Postotal = Ptotal, Poscnt = Pcnt, Negtotal = Ntotal, Negcnt = Ncnt"];
    end [label="Fim", shape=ellipse];
    start -> n1 -> n2 -> n3;
    n3 -> n4 [label="Sim"];
    n3 -> n11 [label="Não"];
    n4 -> n5;
    n5 -> n6 [label="Sim"];
    n5 -> n10 [label="Não"];
    n6 -> n7 [label="Sim"];
    n6 -> n8 [label="Não"];
    n7 -> n9;
    n8 -> n9;
    n9 -> n5;
    n10 -> n3;
    n11 -> end;
}
```
**DFG:**  
```dot
digraph DFG_Sum {
    node [shape=box];
    n1 [label="Array[Outer][Inner]"];
    n2 [label="Condição: Array[Outer][Inner] < 0"];
    n3 [label="Atualização de Ptotal/Pcnt"];
    n4 [label="Atualização de Ntotal/Ncnt"];
    n1 -> n2;
    n2 -> n3 [label="Caminho inviável"];
    n2 -> n4 [label="Caminho sempre executado"];
}
```

---

#### 6. Função `RandomInteger`
**CFG:**
```dot
digraph CFG_RandomInteger {
    node [shape=box];
    start [label="Início", shape=ellipse];
    n1 [label="Seed = ((Seed * 133) + 81) % 8095"];
    end [label="return Seed;", shape=ellipse];
    start -> n1 -> end;
}
```
**DFG:**  
```dot
digraph DFG_RandomInteger {
    node [shape=box];
    n1 [label="Seed (entrada)"];
    n2 [label="Cálculo: (Seed * 133) + 81) % 8095"];
    n3 [label="Seed (saída)"];
    n1 -> n2 -> n3;
}
```