**Análise de Caminhos Inviáveis no Código ADPCM**

### 1. Grafo de Fluxo de Controle (CFG)
O CFG para o código ADPCM é complexo devido às múltiplas funções e loops. Abaixo está uma representação simplificada em DOT:

```dot
digraph ADPCM_CFG {
    node [shape=box, style=rounded, fontname="Helvetica"];
    edge [fontname="Helvetica"];

    // Nós principais
    N1 [label="main: Início"];
    N2 [label="reset: Inicializa variáveis"];
    N3 [label="Loop principal (i < SIZE)"];
    N4 [label="my_cos: Calcula cosseno"];
    N5 [label="my_sin: Calcula seno"];
    N6 [label="encode: Codifica dados"];
    N7 [label="decode: Decodifica dados"];
    N8 [label="Fim do programa"];

    // Arestas
    N1 -> N2;
    N2 -> N3;
    N3 -> N4 [label="chama my_cos"];
    N4 -> N5 [label="chama my_sin"];
    N5 -> N3 [label="próxima iteração"];
    N3 -> N6 [label="chama encode"];
    N6 -> N7 [label="chama decode"];
    N7 -> N8;
}
```

### 2. Grafo de Fluxo de Dados (DFG)
O DFG destaca as dependências entre variáveis globais (ex: `detl`, `deth`, `nbl`) e funções:

```dot
digraph ADPCM_DFG {
    node [shape=ellipse, style=filled, fillcolor=lightblue];
    global_vars [label="Variáveis Globais (detl, deth, nbl, etc.)"];

    node [shape=box, style=""];
    encode [label="encode"];
    decode [label="decode"];
    quantl [label="quantl"];
    logscl [label="logscl"];

    node [shape=ellipse, style=filled, fillcolor=lightgreen];
    output [label="Saída (compressed, result)"];

    // Fluxo de dados
    global_vars -> encode;
    global_vars -> decode;
    encode -> quantl;
    quantl -> logscl;
    logscl -> global_vars [label="atualiza nbl"];
    decode -> output;
}
```

### 3. Análise de Caminhos Inviáveis
Após análise do CFG e DFG, **não foram identificados caminhos inviáveis** no código. Motivos:

- **Condições Mutuamente Exclusivas**: Não há verificações contraditórias (ex: `if (x > 0 && x < 0)`).
- **Dependências de Dados**: Todas as variáveis são inicializadas em `reset()` antes do uso.
- **Loops e Condições**: Os loops (ex: em `my_sin`) usam condições viáveis e variáveis controladas.
- **Regras de Negócio**: O algoritmo ADPCM segue um fluxo bem-definido sem restrições inviáveis.

**Conclusão**: O número de caminhos inviáveis é **0**.**Análise de Caminhos Inviáveis no Código ADPCM**

### 1. Grafo de Fluxo de Controle (CFG)
O CFG para o código ADPCM é complexo devido às múltiplas funções e loops. Abaixo está uma representação simplificada em DOT:

```dot
digraph ADPCM_CFG {
    node [shape=box, style=rounded, fontname="Helvetica"];
    edge [fontname="Helvetica"];

    // Nós principais
    N1 [label="main: Início"];
    N2 [label="reset: Inicializa variáveis"];
    N3 [label="Loop principal (i < SIZE)"];
    N4 [label="my_cos: Calcula cosseno"];
    N5 [label="my_sin: Calcula seno"];
    N6 [label="encode: Codifica dados"];
    N7 [label="decode: Decodifica dados"];
    N8 [label="Fim do programa"];

    // Arestas
    N1 -> N2;
    N2 -> N3;
    N3 -> N4 [label="chama my_cos"];
    N4 -> N5 [label="chama my_sin"];
    N5 -> N3 [label="próxima iteração"];
    N3 -> N6 [label="chama encode"];
    N6 -> N7 [label="chama decode"];
    N7 -> N8;
}
```

### 2. Grafo de Fluxo de Dados (DFG)
O DFG destaca as dependências entre variáveis globais (ex: `detl`, `deth`, `nbl`) e funções:

```dot
digraph ADPCM_DFG {
    node [shape=ellipse, style=filled, fillcolor=lightblue];
    global_vars [label="Variáveis Globais (detl, deth, nbl, etc.)"];

    node [shape=box, style=""];
    encode [label="encode"];
    decode [label="decode"];
    quantl [label="quantl"];
    logscl [label="logscl"];

    node [shape=ellipse, style=filled, fillcolor=lightgreen];
    output [label="Saída (compressed, result)"];

    // Fluxo de dados
    global_vars -> encode;
    global_vars -> decode;
    encode -> quantl;
    quantl -> logscl;
    logscl -> global_vars [label="atualiza nbl"];
    decode -> output;
}
```

### 3. Análise de Caminhos Inviáveis
Após análise do CFG e DFG, **não foram identificados caminhos inviáveis** no código. Motivos:

- **Condições Mutuamente Exclusivas**: Não há verificações contraditórias (ex: `if (x > 0 && x < 0)`).
- **Dependências de Dados**: Todas as variáveis são inicializadas em `reset()` antes do uso.
- **Loops e Condições**: Os loops (ex: em `my_sin`) usam condições viáveis e variáveis controladas.
- **Regras de Negócio**: O algoritmo ADPCM segue um fluxo bem-definido sem restrições inviáveis.

**Conclusão**: O número de caminhos inviáveis é **0**.