**Análise do Código Fornecido**

### 1. Grafo de Fluxo de Controle (CFG) e Grafo de Fluxo de Dados (DFG) para Cada Função

#### Função `main`
**CFG em DOT:**
```dot
digraph main_CFG {
    node [shape=box, style=rounded, fontname="Helvetica"];
    N1 [label="main: call sort(20)"];
    N2 [label="return", shape=doublecircle];
    N1 -> N2;
}
```
**DFG em DOT:**
```dot
digraph main_DFG {
    node [shape=ellipse, style=filled, fillcolor=lightblue];
    const_20 [label="20"];
    node [shape=box, style="", fillcolor=""];
    call_sort [label="call sort"];
    node [shape=ellipse, style=filled, fillcolor=lightgreen];
    result [label="result"];

    const_20 -> call_sort;
    call_sort -> result;
}
```

#### Função `sort`
**CFG em DOT (simplificado devido à complexidade):**
```dot
digraph sort_CFG {
    node [shape=box, style=rounded, fontname="Helvetica"];
    S0 [label="S0: Entry\nunsigned long i, ir=n, j, k, l=1;\nint jstack=0;\nint flag;\nfloat a, temp;\nflag = 0;"];
    S1 [label="S1: for (;;)"];
    S2 [label="S2: if (ir-l < M)"];
    S3 [label="S3: for (j=l+1; j<=ir; j++)\n a=arr[j];\n for (i=j-1; i>=l; i--)\n  if (arr[i] <= a) break;\n  else arr[i+1]=arr[i];\n arr[i+1]=a;"];
    S4 [label="S4: if (jstack == 0)"];
    S5 [label="S5: break;"];
    S6 [label="S6: ir=istack[jstack--];\nl=istack[jstack--];"];
    S7 [label="S7: k=(l+ir)>>1;\nSWAP(arr[k],arr[l+1]);\nif (arr[l] > arr[ir]) SWAP(arr[l],arr[ir]);\nif (arr[l+1] > arr[ir]) SWAP(arr[l+1],arr[ir]);\nif (arr[l] > arr[l+1]) SWAP(arr[l],arr[l+1]);\ni=l+1;\nj=ir;\na=arr[l+1];"];
    S8 [label="S8: for (;;)\n i++;\n while (arr[i] < a) i++;\n j--;\n while (arr[j] > a) j--;\n if (j < i) break;\n SWAP(arr[i],arr[j]);"];
    S9 [label="S9: arr[l+1]=arr[j];\narr[j]=a;\njstack += 2;"];
    S10 [label="S10: if (ir-i+1 >= j-l)"];
    S11 [label="S11: istack[jstack]=ir;\nistack[jstack-1]=i;\nir=j-1;"];
    S12 [label="S12: istack[jstack]=j-1;\nistack[jstack-1]=l;\nl=i;"];
    S13 [label="S13: return"];

    S0 -> S1;
    S1 -> S2;
    S2 -> S3 [label="true"];
    S2 -> S7 [label="false"];
    S3 -> S4;
    S4 -> S5 [label="true"];
    S4 -> S6 [label="false"];
    S5 -> S13;
    S6 -> S1;
    S7 -> S8;
    S8 -> S9;
    S9 -> S10;
    S10 -> S11 [label="true"];
    S10 -> S12 [label="false"];
    S11 -> S1;
    S12 -> S1;
}
```
**DFG em DOT (principais dependências):**
```dot
digraph sort_DFG {
    node [shape=ellipse, style=filled, fillcolor=lightblue];
    n [label="n"];
    arr [label="arr"];
    istack [label="istack"];
    node [shape=box, style="", fillcolor=""];
    op_assign [label="l=1, jstack=0, flag=0"];
    op_compare [label="ir-l < M"];
    op_swap [label="SWAP operations"];
    op_index [label="Array index calculations"];
    op_loop [label="Loop conditions"];
    node [shape=ellipse, style=filled, fillcolor=lightgreen];
    result_arr [label="arr (sorted)"];

    n -> op_assign;
    arr -> op_swap;
    arr -> op_index;
    arr -> op_loop;
    istack -> op_assign;
    op_assign -> op_compare;
    op_compare -> op_swap;
    op_compare -> op_index;
    op_swap -> result_arr;
    op_index -> result_arr;
    op_loop -> result_arr;
}
```

### 2. Análise de Infeasible Paths
**Existe algum infeasible path neste código?**  
**NÃO**

**Justificativa:**  
Com base na análise dos Grafos de Fluxo de Controle (CFG) e de Dados (DFG), não foram identificados *infeasible paths* no código. Todas as condições e loops dependem de valores variáveis (como `ir`, `l`, `jstack`, e os elementos de `arr`), que são determinados em tempo de execução e podem assumir diferentes estados. Não há contradições lógicas (ex: condições mutuamente exclusivas sequenciais), dependências de dados inviáveis, ou invariantes de programa que tornem qualquer caminho inatingível. O algoritmo de ordenação é genérico e lida com quaisquer valores de entrada, garantindo que todos os caminhos no CFG sejam potencialmente viáveis.