Analisando o código fornecido, vou construir um **Grafo de Fluxo de Controle e Dados (CDFG)** para as funções principais (como `encode` e `decode`) e identificar possíveis *infeasible paths*. O foco será na função `encode`, por ser a mais complexa e crítica.

---

### 1. CDFG da Função `encode` (Graphviz DOT)

```dot
digraph encode_CDFG {
    rankdir=TB;
    node [shape=rectangle, fontname="Courier"];

    // Nós (Blocos Básicos)
    start [label="Início: Declarações"];
    loop1 [label="Loop: xa/xb (10 iterações)"];
    post_loop [label="Pós-loop: xa += ...; xb += ..."];
    update_tqmf [label="Atualiza tqmf"];
    calc_xl_xh [label="xl = (xa+xb)>>15\nxh = (xa-xb)>>15"];
    calc_szl [label="szl = filtez(...)"];
    calc_spl [label="spl = filtep(...)"];
    calc_sl_el [label="sl = szl+spl\nel = xl-sl"];
    quant_il [label="il = quantl(el, detl)"];
    calc_dlt [label="dlt = (detl * qq4_table[il>>2])>>15"];
    update_nbl_detl [label="nbl = logscl(il, nbl)\ndetl = scalel(nbl,8)"];
    calc_plt [label="plt = dlt + szl"];
    upzero_dlt [label="upzero(dlt, ...)"];
    update_al [label="al2 = uppol2(...)\nal1 = uppol1(...)"];
    update_rlt_plt [label="rlt = sl+dlt\nrlt2=rlt1, rlt1=rlt\nplt2=plt1, plt1=plt"];
    calc_szh_sph_sh [label="szh=filtez(...)\nsph=filtep(...)\nsh=sph+szh"];
    calc_eh [label="eh = xh - sh"];
    cond_eh_ge_0 [label="eh >= 0?", shape=diamond];
    set_ih_3 [label="ih = 3"];
    set_ih_1 [label="ih = 1"];
    calc_decis [label="decis = (564L*deth)>>12L"];
    cond_abs_eh_gt_decis [label="|eh| > decis?", shape=diamond];
    dec_ih [label="ih--"];
    calc_dh [label="dh = (deth*qq2_table[ih])>>15L"];
    update_nbh_deth [label="nbh = logsch(ih, nbh)\ndeth = scalel(nbh,10)"];
    calc_ph [label="ph = dh + szh"];
    upzero_dh [label="upzero(dh, ...)"];
    update_ah [label="ah2=uppol2(...)\nah1=uppol1(...)"];
    update_rh_ph [label="yh=sh+dh\nrh2=rh1, rh1=yh\nph2=ph1, ph1=ph"];
    ret [label="return il | (ih<<6)"];

    // Arestas de Controle
    start -> loop1;
    loop1 -> post_loop;
    post_loop -> update_tqmf;
    update_tqmf -> calc_xl_xh;
    calc_xl_xh -> calc_szl;
    calc_szl -> calc_spl;
    calc_spl -> calc_sl_el;
    calc_sl_el -> quant_il;
    quant_il -> calc_dlt;
    calc_dlt -> update_nbl_detl;
    update_nbl_detl -> calc_plt;
    calc_plt -> upzero_dlt;
    upzero_dlt -> update_al;
    update_al -> update_rlt_plt;
    update_rlt_plt -> calc_szh_sph_sh;
    calc_szh_sph_sh -> calc_eh;
    calc_eh -> cond_eh_ge_0;

    cond_eh_ge_0 -> set_ih_3 [label="Sim"];
    cond_eh_ge_0 -> set_ih_1 [label="Não"];
    set_ih_3 -> calc_decis;
    set_ih_1 -> calc_decis;

    calc_decis -> cond_abs_eh_gt_decis;
    cond_abs_eh_gt_decis -> dec_ih [label="Sim"];
    cond_abs_eh_gt_decis -> calc_dh [label="Não"];
    dec_ih -> calc_dh;

    calc_dh -> update_nbh_deth;
    update_nbh_deth -> calc_ph;
    calc_ph -> upzero_dh;
    upzero_dh -> update_ah;
    update_ah -> update_rh_ph;
    update_rh_ph -> ret;

    // Arestas de Dados (Def-Use)
    calc_eh -> cond_eh_ge_0 [label="eh"];
    calc_eh -> cond_abs_eh_gt_decis [label="eh"];
    calc_decis -> cond_abs_eh_gt_decis [label="decis"];
    set_ih_3 -> cond_abs_eh_gt_decis [label="ih"];
    set_ih_1 -> cond_abs_eh_gt_decis [label="ih"];
    cond_abs_eh_gt_decis -> dec_ih [label="ih"];
    dec_ih -> calc_dh [label="ih"];
    cond_abs_eh_gt_decis -> calc_dh [label="ih"];
}
```

---

### 2. Análise de Caminhos Inviáveis

**Resposta: NÃO**

**Justificativa:**  
Após a análise do CDFG e do código, **não foram identificados caminhos inviáveis** (*infeasible paths*) na função `encode` ou nas demais funções. Todos os caminhos de execução modelados são semanticamente possíveis, pois:

- As condições (`eh >= 0` e `my_abs(eh) > decis`) dependem de valores calculados em tempo de execução (`eh`, `deth`), que podem variar conforme a entrada.
- Não há contradições lógicas (ex.: condições mutuamente exclusivas que impossibilitem a execução de um ramo).
- Loops e desvios são controlados por variáveis que podem assumir valores válidos em diferentes contextos (ex.: `i` em loops, `il`, `ih`, `detl`, `deth`).

Exemplo de caminho válido:
- `eh >= 0` → `ih = 3` → `|eh| > decis` → `ih--` → `ih = 2` → cálculo de `dh` com `qq2_code2_table[2]`.

Não há combinações de condições que levem a um estado inconsistente ou inalcançável.

---

### 3. Observações Adicionais

- A função `decode` segue um fluxo linear sem condições críticas que gerem caminhos inviáveis.
- Funções auxiliares como `quantl`, `logscl`, `upzero` etc. são determinísticas e não introduzem ambiguidades ou impossibilidades de caminho.
- Variáveis globais são atualizadas de forma consistente, sem conflitos que impeçam a execução de ramos.

Caso deseje uma análise específica para outra função ou trecho do código, posso elaborar um CDFG adicional.