**Resposta: NÃO**

### Análise do Código e Explicação

#### 1. Grafo de Fluxo de Controle (CFG) para a função `foo`:
```dot
digraph foo_CFG {
    node [shape=box, style=rounded, fontname="Helvetica"];
    entry [label="Entry", shape=ellipse];
    exit [label="Exit", shape=ellipse];
    B1 [label="Declare i, j, k, l"];
    B2 [label="i = 0"];
    B3 [label="i < 5?"];
    B4 [label="j = 0"];
    B5 [label="j < 5?"];
    B6 [label="k = 0"];
    B7 [label="k < 5?"];
    B8 [label="l = 0"];
    B9 [label="l < 5?"];
    B10 [label="if (keys[i][j][k][l] == x)"];
    B11 [label="return answer[i][j][k][l] + keys[i][j][k][l];"];
    B12 [label="l++"];
    B13 [label="k++"];
    B14 [label="j++"];
    B15 [label="i++"];
    B16 [label="return -1;"];

    entry -> B1;
    B1 -> B2;
    B2 -> B3;
    B3 -> B4 [label="true"];
    B3 -> B16 [label="false"];
    B4 -> B5;
    B5 -> B6 [label="true"];
    B5 -> B15 [label="false"];
    B6 -> B7;
    B7 -> B8 [label="true"];
    B7 -> B14 [label="false"];
    B8 -> B9;
    B9 -> B10 [label="true"];
    B9 -> B13 [label="false"];
    B10 -> B11 [label="true"];
    B10 -> B12 [label="false"];
    B12 -> B9;
    B13 -> B7;
    B14 -> B5;
    B15 -> B3;
    B11 -> exit;
    B16 -> exit;
}
```

#### 2. Grafo de Fluxo de Dados (DFG) para a função `foo`:
```dot
digraph foo_DFG {
    node [shape=box, style="", fillcolor=""];
    x [label="x", shape=ellipse, style=filled, fillcolor=lightblue];
    keys_array [label="keys", shape=ellipse, style=filled, fillcolor=lightblue];
    answer_array [label="answer", shape=ellipse, style=filled, fillcolor=lightblue];
    i [label="i", shape=ellipse, style=filled, fillcolor=lightblue];
    j [label="j", shape=ellipse, style=filled, fillcolor=lightblue];
    k [label="k", shape=ellipse, style=filled, fillcolor=lightblue];
    l [label="l", shape=ellipse, style=filled, fillcolor=lightblue];

    access_keys [label="keys[i][j][k][l]"];
    access_answer [label="answer[i][j][k][l]"];
    compare [label="=="];
    add [label="+"];

    condition [label="Condition", shape=diamond];
    return_val [label="Return value", shape=ellipse, style=filled, fillcolor=lightgreen];

    x -> compare;
    keys_array -> access_keys;
    i -> access_keys;
    j -> access_keys;
    k -> access_keys;
    l -> access_keys;
    access_keys -> compare;
    compare -> condition;

    access_keys -> add;
    answer_array -> access_answer;
    i -> access_answer;
    j -> access_answer;
    k -> access_answer;
    l -> access_answer;
    access_answer -> add;
    add -> return_val;
}
```

### Explicação da Ausência de Caminhos Inviáveis (Infeasible Paths):
- **Fluxo de Controle (CFG):** Todos os caminhos no CFG são viáveis. Os loops aninhados iteram sobre intervalos fixos (0 a 4), e a condição `keys[i][j][k][l] == x` depende dos valores concretos do array `keys` e do parâmetro `x`. Não há contradições lógicas ou condições mutuamente exclusivas no fluxo.
- **Fluxo de Dados (DFG):** As dependências de dados são consistentes. As variáveis `i`, `j`, `k`, e `l` são inicializadas corretamente antes do uso, e os arrays `keys` e `answer` estão totalmente inicializados. Não há uso de variáveis não inicializadas ou conflitos de valores.
- **Contexto do Programa:** A busca no array `keys` é determinística e depende do valor de `x`. Para qualquer entrada `x`, o código percorrerá todos os índices ou retornará antecipadamente se encontrar uma correspondência. O caminho de retorno dentro do loop é viável para valores presentes em `keys` (ex: 0, 1, 2, 3, 4, 401), e o caminho de retorno `-1` é viável para valores ausentes (ex: 400). **Não há restrições lógicas, de dados ou ambientais que tornem qualquer caminho impossível.**

**Conclusão:** O código não contém caminhos infeasíveis, pois todos os caminhos no CFG são executáveis para alguma entrada `x**, e o DFG confirma que as dependências de dados são válidas.