**Análise de Caminhos Inviáveis (Infeasible Paths) no Código qsort-exam.c**

### Resposta:
**NÃO**

### Explicação:
Após análise detalhada do código fornecido e construção dos grafos CFG e DFG, não foram identificados caminhos inviáveis (infeasible paths). O algoritmo implementado é uma versão não recursiva do Quicksort, estruturado de forma a evitar condições contraditórias ou dependências de dados que impossibilitem a execução de qualquer caminho. 

#### Análise com Base no CFG:
- O CFG (grafo de fluxo de controle) mostra que todas as ramificações (loops e condicionais) são acessíveis através de combinações válidas de entrada (ex: o array de 20 elementos fornecido).
- Não há condições mutuamente exclusivas sequenciais (ex: `if (x > 10)` seguido por `if (x < 5)`) que possam levar a contradições.
- Os loops são controlados por variáveis (`i`, `j`, `ir`, `l`) que são devidamente inicializadas e atualizadas, garantindo que todas as iterações possam ser executadas.

#### Análise com Base no DFG:
- O DFG (grafo de fluxo de dados) revela que todas as variáveis são inicializadas antes do uso e não há dependências circulares ou inconsistências.
- Operações de swap (`SWAP`) e atribuições manipulam os dados de forma consistente, sem invalidar condições subsequentes.
- O uso da pilha (`istack`) é controlado por `jstack`, que é incrementado/decrementado de forma segura, evitando underflow/overflow para o tamanho do array (20 elementos).

#### Conclusão:
O código é estruturalmente sólido e não contém caminhos inviáveis, pois todas as condições e loops podem ser alcançados com entradas válidas (como o array pré-definido). Qualquer caminho no CFG é executável para alguma entrada possível.

---

### Grafos em DOT (Graphviz):

#### 1. CFG (Control Flow Graph):
```dot
digraph sort_CFG {
    node [shape=box, style=rounded, fontname="Helvetica"];
    edge [fontname="Helvetica"];

    // Nós (basic blocks)
    N1 [label="1: Declarações e inicializações\nir = n; l = 1; jstack = 0; flag = 0;"];
    N2 [label="2: for (;;)\nif (ir - l < M)"];
    N3 [label="3: for (j = l+1; j <= ir; j++)\na = arr[j];\nfor (i = j-1; i >= l; i--)"];
    N4 [label="4: if (arr[i] <= a)"];
    N5 [label="5: arr[i+1] = arr[i];"];
    N6 [label="6: arr[i+1] = a;"];
    N7 [label="7: if (jstack == 0)"];
    N8 [label="8: ir = istack[jstack--];\nl = istack[jstack--];"];
    N9 [label="9: else\nk = (l+ir) >> 1;\nSWAP(arr[k], arr[l+1]);\n...\ni = l+1; j = ir; a = arr[l+1];"];
    N10 [label="10: for (;;)\ni++; while (arr[i] < a) i++;\nj--; while (arr[j] > a) j--;\nif (j < i) break;"];
    N11 [label="11: SWAP(arr[i], arr[j]);"];
    N12 [label="12: arr[l+1] = arr[j];\narr[j] = a;\njstack += 2;"];
    N13 [label="13: if (ir - i + 1 >= j - l)"];
    N14 [label="14: istack[jstack] = ir;\nistack[jstack-1] = i;\nir = j-1;"];
    N15 [label="15: istack[jstack] = j-1;\nistack[jstack-1] = l;\nl = i;"];
    N16 [label="16: return (fim)"];

    // Arestas
    N1 -> N2;
    N2 -> N3 [label="true"];
    N2 -> N9 [label="false"];
    N3 -> N4;
    N4 -> N6 [label="true (break)"];
    N4 -> N5 [label="false"];
    N5 -> N4;
    N6 -> N3 [label="j++"];
    N3 -> N7 [label="j > ir (saída do loop)"];
    N7 -> N16 [label="true (break)"];
    N7 -> N8 [label="false"];
    N8 -> N2;
    N9 -> N10;
    N10 -> N12 [label="j < i"];
    N10 -> N11 [label="else"];
    N11 -> N10;
    N12 -> N13;
    N13 -> N14 [label="true"];
    N13 -> N15 [label="false"];
    N14 -> N2;
    N15 -> N2;
}
```

#### 2. DFG (Data Flow Graph):
```dot
digraph sort_DFG {
    node [shape=ellipse, style=filled, fillcolor=lightblue];
    arr_in [label="arr (entrada)"];
    n_in [label="n"];
    l_in [label="l (inicial)"];
    ir_in [label="ir (inicial)"];

    node [shape=box, style=""];
    op_swap [label="SWAP"];
    op_assign [label="Atribuição"];
    op_compare [label="Comparação"];
    op_index [label="Acesso a array"];

    node [shape=ellipse, style=filled, fillcolor=lightgreen];
    arr_out [label="arr (ordenado)"];

    // Fluxo de dados
    arr_in -> op_index;
    n_in -> op_assign -> ir_in;
    l_in -> op_compare;
    ir_in -> op_compare;
    op_compare -> op_assign -> l_in;
    op_compare -> op_assign -> ir_in;
    op_index -> op_swap -> arr_out;
}
```

--- 

**Observação:** Os grafos acima são simplificados devido à complexidade do código. O DFG foca nas dependências críticas (ex: array `arr` e variáveis de controle `l`/`ir`), enquanto o CFG captura a estrutura geral de fluxo. Nenhum caminho inviável foi detectado.