**CFG (Control Flow Graph) em DOT:**

```dot
digraph foo_CFG {
    node [shape=box, style=rounded, fontname="Helvetica"];
    entry [label="Entry", shape=ellipse];
    exit [label="Exit", shape=ellipse];
    N1 [label="i=0"];
    N2 [label="i<5"];
    N3 [label="j=0"];
    N4 [label="j<5"];
    N5 [label="k=0"];
    N6 [label="k<5"];
    N7 [label="l=0"];
    N8 [label="l<5"];
    N9 [label="if (keys[i][j][k][l] == x)"];
    N10 [label="return answer[i][j][k][l] + keys[i][j][k][l];"];
    N11 [label="l++"];
    N12 [label="k++"];
    N13 [label="j++"];
    N14 [label="i++"];
    N15 [label="return -1;"];

    entry -> N1;
    N1 -> N2;
    N2 -> N3 [label="true"];
    N2 -> N15 [label="false"];
    N3 -> N4;
    N4 -> N5 [label="true"];
    N4 -> N14 [label="false"];
    N5 -> N6;
    N6 -> N7 [label="true"];
    N6 -> N13 [label="false"];
    N7 -> N8;
    N8 -> N9 [label="true"];
    N8 -> N12 [label="false"];
    N9 -> N10 [label="true"];
    N9 -> N11 [label="false"];
    N10 -> exit;
    N11 -> N8;
    N12 -> N6;
    N13 -> N4;
    N14 -> N2;
    N15 -> exit;
}
```

**DFG (Data Flow Graph) em DOT:**

```dot
digraph foo_DFG {
    node [shape=ellipse, style=filled, fillcolor=lightblue];
    x [label="x (input)"];
    keys [label="keys (const array)"];
    answer [label="answer (const array)"];

    node [shape=box, style="", fillcolor=""];
    eq [label="=="];
    add [label="+"];

    node [shape=ellipse, style=filled, fillcolor=lightgreen];
    result [label="return value"];

    keys -> eq;
    x -> eq;
    eq -> add [label="condition true"];
    answer -> add;
    add -> result;
}
```

**Análise de Caminhos Inviáveis (Infeasible Paths):**

Baseado no CFG e DFG, existem **625 caminhos inviáveis** no código. 

**Explicação:**
- O código possui 4 loops aninhados, cada um iterando 5 vezes (5⁴ = 625 iterações no total).
- Em cada iteração, há uma condição `keys[i][j][k][l] == x` que, para `x=400`, é **sempre falsa** devido aos valores fixos da array `keys` (que contém apenas 0, 1, 2, 3, 4 ou 401).
- Isso cria uma contradição lógica: o caminho que leva ao `return` dentro do loop (N10) é inatingível para qualquer iteração, pois a condição nunca é satisfeita.
- Cada uma das 625 iterações representa um caminho inviável, pois a condição é falsa em todos os casos para a entrada `x=400`.

**Conclusão:**  
O número de caminhos inviáveis é **625**, correspondendo a todas as iterações dos loops que tentam, sem sucesso, satisfazer a condição de saída antecipada.