**Resposta:** SIM

**Explicação:**

Após analisar o código e construir o Grafo de Fluxo de Controle (CFG) e o Grafo de Fluxo de Dados (DFG), identificamos um **caminho infeasible** no código. Isso ocorre devido à condição `if (Array[Outer][Inner] < 0)` na função `Sum`, que **nunca será verdadeira** porque a função `RandomInteger` gera valores exclusivamente não negativos (entre 0 e 8094). Assim, o branch que atualiza `Ptotal` e `Pcnt` (linhas correspondentes ao `if`) é inatingível.

---

### 🔹 CFG (Control Flow Graph) - Função `Sum`
```dot
digraph CFG_Sum {
    node [shape=box, style=rounded, fontname="Helvetica"];
    entry [label="Entry", shape=ellipse];
    exit [label="Exit", shape=ellipse];

    BB1 [label="Ptotal = 0;\nNtotal = 0;\nPcnt = 0;\nNcnt = 0;\nOuter = 0;"];
    BB2 [label="if (Outer < MAXSIZE)"];
    BB3 [label="Inner = 0;"];
    BB4 [label="if (Inner < MAXSIZE)"];
    BB5 [label="if (Array[Outer][Inner] < 0)"];
    BB6 [label="Ptotal += Array[Outer][Inner];\nPcnt++;"];
    BB9 [label="Ntotal += Array[Outer][Inner];\nNcnt++;"];
    BB10 [label="Inner++;"];
    BB7 [label="Outer++;"];
    BB8 [label="Postotal = Ptotal;\nPoscnt = Pcnt;\nNegtotal = Ntotal;\nNegcnt = Ncnt;"];

    entry -> BB1;
    BB1 -> BB2;
    BB2 -> BB3 [label="true"];
    BB2 -> BB8 [label="false"];
    BB3 -> BB4;
    BB4 -> BB5 [label="true"];
    BB4 -> BB7 [label="false"];
    BB5 -> BB6 [label="true (infeasible)"];
    BB5 -> BB9 [label="false (feasible)"];
    BB6 -> BB10;
    BB9 -> BB10;
    BB10 -> BB4;
    BB7 -> BB2;
    BB8 -> exit;
}
```

---

### 🔹 DFG (Data Flow Graph) - Função `Sum` (Caminho Feasible Apenas)
```dot
digraph DFG_Sum {
    node [shape=ellipse, style=filled, fillcolor=lightblue];
    Array_input [label="Array[Outer][Inner]"];
    const_0 [label="0"];
    const_1 [label="1"];

    node [shape=box, style="", fillcolor=""];
    op_add_Ntotal [label="+"];
    op_inc_Ncnt [label="++"];

    node [shape=ellipse, style=filled, fillcolor=lightgreen];
    final_Ntotal [label="Ntotal"];
    final_Ncnt [label="Ncnt"];

    const_0 -> op_add_Ntotal;
    Array_input -> op_add_Ntotal;
    op_add_Ntotal -> op_add_Ntotal [label="recurrence"];
    const_0 -> op_inc_Ncnt;
    const_1 -> op_inc_Ncnt;
    op_inc_Ncnt -> op_inc_Ncnt [label="recurrence"];
    op_add_Ntotal -> final_Ntotal;
    op_inc_Ncnt -> final_Ncnt;
}
```

---

### 🔍 Conclusão
O caminho infeasible é evidenciado pelo CFG (aresta `BB5 -> BB6` marcada como "infeasible") e pela análise do DFG, que mostra que os valores gerados por `RandomInteger` são sempre não negativos, tornando a condição `Array[Outer][Inner] < 0` sempre falsa. Thus, o branch que atualiza `Ptotal` e `Pcnt` nunca é executado.