**Resposta Final: SIM**

Existem infeasible paths no código `compress.c`, conforme análise detalhada abaixo.

---

### 🔍 Análise Detalhada

#### 1. **CDFG da Função `compress`**
```dot
digraph compress {
    rankdir=TB;
    node [shape=box];

    start [label="Início compress", shape=ellipse];
    end [label="Fim compress", shape=ellipse];

    // Nós principais
    node1 [label="Inicializações: offset=0, bytes_out=3, ..."];
    node2 [label="ent = getbyte()"];
    node3 [label="Calcula hshift"];
    node4 [label="cl_hash(hsize_reg)"];
    node5 [label="while (InCnt > 0)"];
    node6 [label="c = getbyte()\nin_count++"];
    node7 [label="Calcula fcode, i"];
    node8 [label="if (htabof(i) == fcode)"];
    node9 [label="else if (htabof(i) < 0)"];
    node10 [label="disp = hsize_reg - i"];
    node11 [label="if (i == 0) disp = 1"];
    node12 [label="probe:"];
    node13 [label="i -= disp; se i<0, i += hsize_reg"];
    node14 [label="if (htabof(i) == fcode)"];
    node15 [label="if (htabof(i) > 0 && apsim_bound111 < in_count)"];
    node16 [label="nomatch:"];
    node17 [label="out_count++\nent = c"];
    node18 [label="if (free_ent < maxmaxcode)"];
    node19 [label="codetabof(i) = free_ent++\nhtabof(i) = fcode"];
    node20 [label="else if (in_count >= checkpoint && block_compress)", color="red", fontcolor="red"];
    node21 [label="cl_block()", color="red", fontcolor="red"];
    node22 [label="Fim do loop"];
    node23 [label="if (bytes_out > in_count)\nexit_stat = 2"];

    // Arestas
    start -> node1 -> node2 -> node3 -> node4 -> node5;
    node5 -> node6 [label="InCnt > 0"];
    node5 -> node23 [label="InCnt <= 0"];
    node6 -> node7 -> node8;
    node8 -> node5 [label="True"];
    node8 -> node9 [label="False"];
    node9 -> node16 [label="True"];
    node9 -> node10 [label="False"];
    node10 -> node11 -> node12 -> node13 -> node14;
    node14 -> node5 [label="True"];
    node14 -> node15 [label="False"];
    node15 -> node12 [label="True"];
    node15 -> node16 [label="False"];
    node16 -> node17 -> node18;
    node18 -> node19 [label="True"];
    node18 -> node20 [label="False"];
    node19 -> node22;
    node20 -> node21 [label="True", color="red", fontcolor="red"];
    node20 -> node22 [label="False"];
    node21 -> node22 [color="red", fontcolor="red"];
    node22 -> node5;
    node23 -> end;

    // Caminho inviável em vermelho
    node20 -> node21 [label="INVIÁVEL", color="red", fontcolor="red"];
}
```

#### 2. **CDFG da Função `cl_block`**
```dot
digraph cl_block {
    rankdir=TB;
    node [shape=box];

    start [label="Início cl_block", shape=ellipse];
    end [label="Fim cl_block", shape=ellipse];

    node1 [label="checkpoint = in_count + CHECK_GAP"];
    node2 [label="if (in_count > 0x007fffff)", color="red", fontcolor="red"];
    node3 [label="rat = bytes_out >> 8\nif (rat==0) rat=0x7fffff\nelse rat=in_count/rat", color="red", fontcolor="red"];
    node4 [label="rat = (in_count << 8) / bytes_out"];
    node5 [label="if (rat > ratio)"];
    node6 [label="ratio = rat"];
    node7 [label="ratio = 0\ncl_hash(hsize)\nfree_ent = FIRST\nclear_flg = 1\noutput(CLEAR)"];

    start -> node1 -> node2;
    node2 -> node3 [label="True", color="red", fontcolor="red"];
    node2 -> node4 [label="False"];
    node3 -> node5 [color="red", fontcolor="red"];
    node4 -> node5;
    node5 -> node6 [label="True"];
    node5 -> node7 [label="False"];
    node6 -> end;
    node7 -> end;

    // Caminho inviável
    node2 -> node3 [label="INVIÁVEL", color="red", fontcolor="red"];
}
```

#### 3. **CDFG da Função `output`**
```dot
digraph output {
    rankdir=TB;
    node [shape=box];

    start [label="Início output", shape=ellipse];
    end [label="Fim output", shape=ellipse];

    node1 [label="Registradores: r_off, bits, bp"];
    node2 [label="if (code >= 0)"];
    node3 [label="Processa código positivo"];
    node4 [label="offset += n_bits"];
    node5 [label="if (offset == n_bits << 3)"];
    node6 [label="Escreve buffer completo"];
    node7 [label="if (free_ent > maxcode || clear_flg > 0)", color="red", fontcolor="red"];
    node8 [label="Escreve buffer, reset offset, ajusta n_bits", color="red", fontcolor="red"];
    node9 [label="Processa código negativo (EOF)"];

    start -> node1 -> node2;
    node2 -> node3 [label="True"];
    node2 -> node9 [label="False"];
    node3 -> node4 -> node5;
    node5 -> node6 [label="True"];
    node5 -> node7 [label="False"];
    node6 -> node7;
    node7 -> node8 [label="True", color="red", fontcolor="red"];
    node7 -> end [label="False"];
    node8 -> end [color="red", fontcolor="red"];
    node9 -> end;

    // Caminho inviável
    node7 -> node8 [label="INVIÁVEL", color="red", fontcolor="red"];
}
```

---

### ✅ Justificativa

Os seguintes caminhos são **inviáveis** devido a dependências de dados e invariantes do programa:

1. **Em `compress`**:  
   A condição `in_count >= checkpoint` nunca será verdadeira, pois `in_count` (máximo = 51) é sempre menor que `checkpoint` (10000).  
   → O caminho que chama `cl_block()` é **inviável**.

2. **Em `cl_block`**:  
   A condição `in_count > 0x007fffff` é impossível, já que `in_count` é no máximo 51.  
   → O caminho de overflow é **inviável**.

3. **Em `output`**:  
   As condições `free_ent > maxcode` e `clear_flg > 0` nunca são satisfeitas:  
   - `free_ent` atinge no máximo 308, menor que `maxcode` (511).  
   - `clear_flg` nunca é definido como > 0, pois `cl_block` não é executado.  
   → O caminho de ajuste de bits e limpeza da tabela é **inviável**.

---

### 🧠 Conclusão

A análise do CDFG revela que **existem caminhos inviáveis** devido a restrições de dados e lógica de negócio embutida no código. Esses caminhos não podem ser executados sob nenhuma entrada válida, caracterizando *infeasible paths*.