**Resposta: NÃO**

**Justificativa:**  
Após análise detalhada do código `qsort-exam.c` e construção do grafo DCFG (Data Control Flow Graph), não foram identificados *infeasible paths* (caminhos de execução inviáveis). Todos os caminhos representados no grafo são semanticamente possíveis, pois:

1. **Condições Dinâmicas:** As condições de controle (ex: `ir-l < M`, `jstack == 0`, `arr[i] <= a`) dependem de variáveis que são modificadas durante a execução (ex: `ir`, `l`, `jstack`, `arr[]`). Nenhuma combinação de condições é logicamente contraditória.
2. **Fluxo de Dados Consistente:** As definições e usos de variáveis (ex: `arr`, `i`, `j`, `jstack`) seguem padrões coerentes com o algoritmo de ordenação QuickSort não recursivo. Não há restrições estáticas que impeçam qualquer caminho de ser executado.
3. **Estrutura de Loops e Pilha:** O uso da pilha `istack` e dos loops `for` e `while` permite que todos os caminhos sejam alcançáveis para entradas específicas do array `arr[]`.

O grafo DCFG abaixo confirma que todas as arestas de controle e dependências de dados são viáveis. Nenhum caminho foi marcado em vermelho, pois não há evidências de incompatibilidade entre condições ou definições de variáveis.

---

### Grafo DCFG (Graphviz) para a função `sort`:
```dot
digraph DCFG {
    rankdir=TB;
    node [shape=box, fontname="Courier"];

    // Nós (Blocos Básicos)
    B1 [label="B1: Início\nDef: i, ir, j, k, l=1, jstack=0, flag=0, a, temp"];
    B2 [label="B2: if (ir-l < M)\nP-Use: ir, l"];
    B3 [label="B3: Insertion Sort\nDef: j, a, i, arr[]\nC-Use: l, ir, arr[]"];
    B4 [label="B4: if (jstack == 0)\nP-Use: jstack"];
    B5 [label="B5: ir=istack[jstack--]; l=istack[jstack--]\nDef: ir, l, jstack\nC-Use: jstack, istack"];
    B6 [label="B6: Partição QuickSort\nDef: k, arr[], i, j, a, jstack\nC-Use: l, ir, arr[]"];
    B7 [label="B7: if (ir-i+1 >= j-l)\nP-Use: ir, i, j, l"];
    B8 [label="B8: istack[jstack]=ir; istack[jstack-1]=i; ir=j-1\nDef: istack, ir\nC-Use: ir, i, jstack"];
    B9 [label="B9: istack[jstack]=j-1; istack[jstack-1]=l; l=i\nDef: istack, l\nC-Use: j, l, i, jstack"];
    B10 [label="B10: Fim da função"];

    // Arestas de Controle
    B1 -> B2;
    B2 -> B3 [label="True"];
    B2 -> B6 [label="False"];
    B3 -> B4;
    B4 -> B10 [label="True (break)"];
    B4 -> B5 [label="False"];
    B5 -> B2;
    B6 -> B7;
    B7 -> B8 [label="True"];
    B7 -> B9 [label="False"];
    B8 -> B2;
    B9 -> B2;

    // Arestas de Dados (Def-Use)
    B2 -> B2 [label="D: ir, l" color="blue" style="dashed"];
    B3 -> B4 [label="D: jstack" color="blue" style="dashed"];
    B5 -> B2 [label="D: ir, l, jstack" color="blue" style="dashed"];
    B6 -> B7 [label="D: i, j, jstack" color="blue" style="dashed"];
    B8 -> B2 [label="D: ir, jstack" color="blue" style="dashed"];
    B9 -> B2 [label="D: l, jstack" color="blue" style="dashed"];
}
```

**Conclusão:**  
O código não contém *infeasible paths*, pois todas as combinações de condições e fluxos de dados são possíveis para alguma entrada válida. A análise estrutural e de fluxo de dados confirma a viabilidade de todos os caminhos.