## Análise do Código e Identificação de Caminhos Inviáveis

### 1. Grafo DCFG (Data Control Flow Graph) para a função `foo`

```dot
digraph foo_DCFG {
    rankdir=TB;
    node [shape=box];
    
    // Nós principais
    entry [label="ENTRY\nfoo(int x)"];
    init [label="i=0, j=0, k=0, l=0\n#ifdef TEST: c=0"];
    cond_i [label="i < 5?"];
    cond_j [label="j < 5?"];
    cond_k [label="k < 5?"];
    cond_l [label="l < 5?"];
    inner [label="INNER LOOP\n#ifdef TEST: c++\nif(keys[i][j][k][l] == x)"];
    return_found [label="RETURN FOUND\nreturn answer[i][j][k][l] + keys[i][j][k][l]"];
    inc_l [label="l++"];
    inc_k [label="k++"];
    inc_j [label="j++"];
    inc_i [label="i++"];
    return_not_found [label="RETURN NOT FOUND\nreturn -1"];
    exit [label="EXIT"];
    
    // Arestas de controle
    entry -> init;
    init -> cond_i;
    cond_i -> cond_j [label="true"];
    cond_i -> return_not_found [label="false"];
    cond_j -> cond_k [label="true"];
    cond_j -> inc_i [label="false"];
    cond_k -> cond_l [label="true"];
    cond_k -> inc_j [label="false"];
    cond_l -> inner [label="true"];
    cond_l -> inc_k [label="false"];
    inner -> return_found [label="true"];
    inner -> inc_l [label="false"];
    inc_l -> cond_l;
    inc_k -> cond_k;
    inc_j -> cond_j;
    inc_i -> cond_i;
    return_found -> exit;
    return_not_found -> exit;
    
    // Arestas de dados (def-use)
    inner -> return_found [label="c-use: x, i, j, k, l\np-use: keys[i][j][k][l]", style=dashed, color=blue];
    
    // Caminho inviável marcado em vermelho
    inner -> return_found [color=red, penwidth=2.0];
}
```

### 2. Grafo DCFG para a função `main`

```dot
digraph main_DCFG {
    rankdir=TB;
    node [shape=box];
    
    // Nós principais
    entry [label="ENTRY\nmain(void)"];
    call_foo [label="foo(400)"];
    cond_test [label="#ifdef TEST"];
    print [label="printf(\"result=%d\\n\", foo(400))"];
    exit [label="EXIT"];
    
    // Arestas de controle
    entry -> call_foo;
    call_foo -> cond_test;
    cond_test -> print [label="defined"];
    cond_test -> exit [label="not defined"];
    print -> exit;
    
    // Arestas de dados
    call_foo -> print [label="c-use: return value", style=dashed, color=blue];
}
```

### 3. Análise de Caminhos Inviáveis

**Resposta: SIM**

**Justificativa:**

Existe um caminho inviável no código, especificamente na função `foo`. O caminho que leva à execução do bloco `return_found` (retorno quando a chave é encontrada) é **inviável** para a entrada específica `x = 400` usada na função `main`.

**Sequência de nós do caminho inviável:**
```
entry → init → cond_i → cond_j → cond_k → cond_l → inner → return_found → exit
```

**Explicação:**

1. **Análise do Array `keys`:** O array `keys` está inicializado com valores fixos:
   - Dimensões `[0]` a `[3]`: Todos os elementos têm valores de 0 a 3
   - Dimensão `[4]`: Quase todos os elementos são 4, exceto o último elemento que é `400` (se `FIND_TARGET` estiver definido) ou `401` (caso contrário)

2. **Condição impossível:** No código fornecido, **`FIND_TARGET` não está definido**, portanto o último elemento do array é `401`, não `400`. A função `foo` é chamada com `x = 400`, mas **nenhum elemento do array `keys` tem valor 400**.

3. **Impossibilidade semântica:** A condição `keys[i][j][k][l] == 400` no nó `inner` será **sempre falsa** para qualquer combinação de índices `i, j, k, l`, tornando o caminho que leva ao `return_found` semanticamente impossível de ser executado.

4. **Consequência:** O único caminho viável é aquele que percorre todos os loops (5×5×5×5 = 625 iterações) e eventualmente executa `return_not_found`.

**Caminho viável único:**
```
entry → init → (loop completo por todos os índices) → return_not_found → exit
```

Este é um exemplo clássico de caminho inviável causado por valores de entrada específicos que não satisfazem a condição de busca em uma estrutura de dados fixa.