**Análise de Caminhos Inviáveis (Infeasible Paths)**

### 1. Grafos de Fluxo de Controle (CFG) e Fluxo de Dados (DFG)
Foram gerados grafos CFG e DFG para cada função presente no código (`foo` e `main`). Os grafos estão representados na linguagem DOT do Graphviz abaixo.

#### CFG para a função `foo`:
```dot
digraph CFG_foo {
  node [shape=box];
  entry [label="Entry", shape=ellipse];
  exit [label="Exit", shape=ellipse];
  BB0 [label="i = 0"];
  BB1 [label="if (i < 5)"];
  BB2 [label="j = 0"];
  BB3 [label="if (j < 5)"];
  BB4 [label="k = 0"];
  BB5 [label="if (k < 5)"];
  BB6 [label="l = 0"];
  BB7 [label="if (l < 5)"];
  BB8 [label="if (keys[i][j][k][l] == x)"];
  BB9 [label="l++"];
  BB10 [label="k++"];
  BB11 [label="j++"];
  BB12 [label="i++"];
  BB13 [label="return -1;"];
  BB14 [label="return answer[i][j][k][l] + keys[i][j][k][l];"];

  entry -> BB0;
  BB0 -> BB1;
  BB1 -> BB2 [label="true"];
  BB1 -> BB13 [label="false"];
  BB2 -> BB3;
  BB3 -> BB4 [label="true"];
  BB3 -> BB12 [label="false"];
  BB4 -> BB5;
  BB5 -> BB6 [label="true"];
  BB5 -> BB11 [label="false"];
  BB6 -> BB7;
  BB7 -> BB8 [label="true"];
  BB7 -> BB10 [label="false"];
  BB8 -> BB14 [label="true"];
  BB8 -> BB9 [label="false"];
  BB9 -> BB7;
  BB10 -> BB5;
  BB11 -> BB3;
  BB12 -> BB1;
  BB13 -> exit;
  BB14 -> exit;
}
```

#### DFG para a função `foo`:
```dot
digraph DFG_foo {
  node [shape=box];
  x [label="x (parameter)"];
  keys [label="keys (global)"];
  answer [label="answer (global)"];
  i0 [label="i = 0"];
  j0 [label="j = 0"];
  k0 [label="k = 0"];
  l0 [label="l = 0"];
  i_inc [label="i++"];
  j_inc [label="j++"];
  k_inc [label="k++"];
  l_inc [label="l++"];
  access_keys [label="keys[i][j][k][l]"];
  access_answer [label="answer[i][j][k][l]"];
  cond [label="keys[i][j][k][l] == x"];
  return_val [label="answer[i][j][k][l] + keys[i][j][k][l]"];

  i0 -> i_inc;
  i_inc -> i_inc [label="loop"];
  i0 -> access_keys;
  i0 -> access_answer;
  j0 -> access_keys;
  j0 -> access_answer;
  k0 -> access_keys;
  k0 -> access_answer;
  l0 -> access_keys;
  l0 -> access_answer;
  access_keys -> cond;
  x -> cond;
  cond -> return_val [label="condition true"];
  access_keys -> return_val;
  access_answer -> return_val;
}
```

#### CFG para a função `main`:
```dot
digraph CFG_main {
  node [shape=box];
  entry [label="Entry", shape=ellipse];
  exit [label="Exit", shape=ellipse];
  BB0 [label="foo(400)"];
  entry -> BB0;
  BB0 -> exit;
}
```

#### DFG para a função `main`:
```dot
digraph DFG_main {
  node [shape=box];
  // No data operations in main
}
```

### 2. Identificação de Caminhos Inviáveis
**Total de caminhos inviáveis: 625**

#### Explicação Detalhada:
- O array `keys` é inicializado estaticamente e não contém o valor `400` em nenhuma posição (o último elemento é `401`, pois `FIND_TARGET` não está definido). 
- A função `foo` é chamada com `x = 400` a partir de `main`.
- A condição `keys[i][j][k][l] == x` (dentro dos loops aninhados) é sempre falsa para `x = 400`, pois `400` não está presente em `keys`.
- Portanto, o ramo que executa `return answer[i][j][k][l] + keys[i][j][k][l]` (nó `BB14` no CFG) é **inviável** para todas as 625 iterações dos loops (5 × 5 × 5 × 5 = 625).
- Cada uma dessas 625 iterações representa um caminho inviável, pois a condição nunca é satisfeita.
- O DFG mostra que não há dependências de dados que possibilitem que `keys[i][j][k][l]` seja igual a `400`, confirmando a inviabilidade.