**Existe algum infeasible path neste código?**  
**SIM**

### Explicação Baseada no CFG e DFG:
#### Análise do CFG (Control Flow Graph):
O CFG do código `compress.c` revela vários caminhos, incluindo loops e ramificações condicionais. Um caminho específico é identificado como **infeasible** devido a uma contradição lógica:

- No bloco `BB5` (label `nomatch`), a condição `else if ( ((count_int)in_count >= checkpoint) && (block_compress) )` nunca será satisfeita porque:
  - `checkpoint` é definido como `CHECK_GAP` (10000) no início da função `compress`.
  - `in_count` é incrementado a cada byte processado, mas o buffer de entrada tem tamanho fixo `BUFFERSIZE = 50`.
  - Portanto, `in_count` atinge no máximo `51` (1 inicial + 50 bytes), que é menor que `checkpoint = 10000`.
  - A condição `in_count >= checkpoint` é sempre falsa, tornando a chamada `cl_block()` inalcançável.

#### Análise do DFG (Data Flow Graph):
O DFG mostra o fluxo de dados para as variáveis `in_count` e `checkpoint`:
- `in_count` é inicializado em `1` e incrementado em `BB2` (dentro do loop principal).
- `checkpoint` é inicializado como `CHECK_GAP` (10000) e não é modificado durante a execução (a menos que `cl_block` seja chamado, o que não ocorre).
- Não há dependência de dados que altere `checkpoint` para um valor menor que `in_count`, mantendo a contradição.

#### Conclusão:
O caminho que contém a chamada `cl_block()` é **infeasible** devido à impossibilidade lógica da condição `in_count >= checkpoint` ser verdadeira, dado o tamanho limitado do buffer de entrada (`BUFFERSIZE = 50`). Isso configura uma **contradição lógica entre condições** no caminho, conforme definido.

---

### CFG (Control Flow Graph) em DOT:
```dot
digraph compress_CFG {
    node [shape=box, style=rounded, fontname="Helvetica"];
    edge [fontname="Helvetica"];

    // Nós (Basic Blocks)
    BB0 [label="BB0: Entry\noffset=0\nbytes_out=3\nout_count=0\nclear_flg=0\nratio=0\nin_count=1\ncheckpoint=CHECK_GAP\nn_bits=INIT_BITS\nmaxcode=MAXCODE(n_bits)\nfree_ent = (block_compress)?FIRST:256\nent=getbyte()\ncompute hshift\nhsize_reg=hsize\ncl_hash(hsize_reg)"];
    BB1 [label="BB1: while (InCnt > 0)"];
    BB2 [label="BB2: c=getbyte()\nin_count++\nfcode=((c<<maxbits)+ent)\ni=((c<<hshift)^ent)\nif (htab[i]==fcode) -> BB1\nelse if (htab[i]<0) -> BB5\nelse -> BB3"];
    BB3 [label="BB3: disp = hsize_reg - i\nif (i==0) disp=1"];
    BB4 [label="BB4: i -= disp\nif (i<0) i+=hsize_reg\nif (htab[i]==fcode) -> BB1\nelse if (htab[i]>0 && bound<in_count) -> BB4\nelse -> BB5"];
    BB5 [label="BB5: out_count++\nent=c\nif (free_ent < maxmaxcode) update tables\nelse if (in_count>=checkpoint && block_compress) cl_block()"];
    BB6 [label="BB6: if (bytes_out>in_count) exit_stat=2\nreturn"];

    // Arestas
    BB0 -> BB1;
    BB1 -> BB2 [label="true"];
    BB1 -> BB6 [label="false"];
    BB2 -> BB1 [label="match"];
    BB2 -> BB5 [label="empty slot"];
    BB2 -> BB3 [label="no match"];
    BB3 -> BB4;
    BB4 -> BB1 [label="match"];
    BB4 -> BB4 [label="probe again"];
    BB4 -> BB5 [label="no match"];
    BB5 -> BB1;
}
```

### DFG (Data Flow Graph) em DOT:
```dot
digraph compress_DFG {
    node [shape=ellipse, style=filled, fillcolor=lightblue];
    in_count_init [label="in_count=1"];
    checkpoint_init [label="checkpoint=10000"];
    BUFFERSIZE [label="BUFFERSIZE=50"];

    node [shape=box, style="", fillcolor=""];
    op_inc [label="++"];
    op_cmp [label=">="];

    node [shape=ellipse, style=filled, fillcolor=lightgreen];
    condition [label="condition: in_count>=checkpoint"];

    // Fluxo de dados
    in_count_init -> op_inc;
    op_inc -> op_cmp;
    checkpoint_init -> op_cmp;
    BUFFERSIZE -> op_inc [label="max iterations"];
    op_cmp -> condition;
}
```