**Resposta: NÃO**

**Explicação:**  
Após analisar o código e construir os grafos CFG e DFG, não foram identificados caminhos infeasible. O código consiste em operações sequenciais, loops com limites fixos (MAXSIZE = 10) e condições dependentes de valores aleatórios gerados por `RandomInteger()`. 

### Análise Detalhada:
1. **CFG (Control Flow Graph):**  
   - O fluxo é linear nas funções `main`, `Test`, `Initialize` e `InitSeed`.
   - Em `Sum`, os loops aninhados percorrem todos os elementos da matriz, e a condição `if (Array[Outer][Inner] < 0)` (ou `>=0` se WORSTCASE estivesse definido) é avaliada para cada elemento. Ambos os ramos (verdadeiro/falso) são viáveis, pois os valores da matriz são gerados aleatoriamente.
   - Não há condições conflitantes ou invariantes que impossibilitem a execução de qualquer caminho.

2. **DFG (Data Flow Graph):**  
   - As variáveis `Ptotal`, `Ntotal`, `Pcnt` e `Ncnt` são inicializadas e atualizadas com base nos valores da matriz, sem dependências conflitantes.
   - O array `Array` é preenchido com valores aleatórios, mas isso não cria restrições inviáveis para o fluxo de dados.

3. **Conclusão:**  
   - Todos os caminhos são viáveis, pois os valores aleatórios permitem que ambas as condições (`<0` ou `>=0`) ocorram.
   - Loops executam exatamente `MAXSIZE × MAXSIZE` vezes (10×10), sem condições de saída inviáveis.
   - Não há contradições lógicas ou dependências de dados que tornem algum caminho inatingível.

---

### Grafos Gerados (Graphviz):

#### CFG para `Sum`:
```dot
digraph Sum_CFG {
    node [shape=box, style=rounded, fontname="Helvetica"];
    N1 [label="1: register int Outer, Inner;\nint Ptotal = 0;\nint Ntotal = 0;\nint Pcnt = 0;\nint Ncnt = 0;"];
    N2 [label="2: Outer = 0"];
    N3 [label="3: Outer < MAXSIZE?"];
    N4 [label="4: Inner = 0"];
    N5 [label="5: Inner < MAXSIZE?"];
    N6 [label="6: Array[Outer][Inner] < 0?"];
    N6_true [label="6a: Ntotal += Array[Outer][Inner];\nNcnt++;"];
    N6_false [label="6b: Ptotal += Array[Outer][Inner];\nPcnt++;"];
    N7 [label="7: Inner++"];
    N8 [label="8: Outer++"];
    N9 [label="9: Postotal = Ptotal;\nPoscnt = Pcnt;\nNegtotal = Ntotal;\nNegcnt = Ncnt;"];

    N1 -> N2;
    N2 -> N3;
    N3 -> N4 [label="true"];
    N3 -> N9 [label="false"];
    N4 -> N5;
    N5 -> N6 [label="true"];
    N5 -> N8 [label="false"];
    N6 -> N6_true [label="true"];
    N6 -> N6_false [label="false"];
    N6_true -> N7;
    N6_false -> N7;
    N7 -> N5;
    N8 -> N3;
}
```

#### DFG para `Sum`:
```dot
digraph Sum_DFG {
    node [shape=ellipse, style=filled, fillcolor=lightblue];
    Array_in [label="Array"];
    MAXSIZE_in [label="MAXSIZE"];
    node [shape=box, style=""];
    init_Outer [label="Outer = 0"];
    init_Inner [label="Inner = 0"];
    cond_Outer [label="Outer < MAXSIZE?"];
    cond_Inner [label="Inner < MAXSIZE?"];
    cond_Array [label="Array[Outer][Inner] < 0?"];
    update_Ntotal [label="Ntotal += Array[Outer][Inner]"];
    update_Ncnt [label="Ncnt++"];
    update_Ptotal [label="Ptotal += Array[Outer][Inner]"];
    update_Pcnt [label="Pcnt++"];
    inc_Inner [label="Inner++"];
    inc_Outer [label="Outer++"];
    assign_Postotal [label="Postotal = Ptotal"];
    assign_Poscnt [label="Poscnt = Pcnt"];
    assign_Negtotal [label="Negtotal = Ntotal"];
    assign_Negcnt [label="Negcnt = Ncnt"];
    node [shape=ellipse, style=filled, fillcolor=lightgreen];
    Postotal_out [label="Postotal"];
    Poscnt_out [label="Poscnt"];
    Negtotal_out [label="Negtotal"];
    Negcnt_out [label="Negcnt"];

    Array_in -> cond_Array;
    Array_in -> update_Ntotal;
    Array_in -> update_Ptotal;
    MAXSIZE_in -> cond_Outer;
    MAXSIZE_in -> cond_Inner;
    init_Outer -> cond_Outer;
    cond_Outer -> cond_Array;
    cond_Outer -> update_Ntotal;
    cond_Outer -> update_Ptotal;
    cond_Outer -> inc_Outer;
    init_Inner -> cond_Inner;
    cond_Inner -> cond_Array;
    cond_Inner -> update_Ntotal;
    cond_Inner -> update_Ptotal;
    cond_Inner -> inc_Inner;
    cond_Array -> update_Ntotal;
    cond_Array -> update_Ncnt;
    cond_Array -> update_Ptotal;
    cond_Array -> update_Pcnt;
    update_Ntotal -> assign_Negtotal;
    update_Ncnt -> assign_Negcnt;
    update_Ptotal -> assign_Postotal;
    update_Pcnt -> assign_Poscnt;
    inc_Inner -> cond_Inner;
    inc_Outer -> cond_Outer;
    assign_Postotal -> Postotal_out;
    assign_Poscnt -> Poscnt_out;
    assign_Negtotal -> Negtotal_out;
    assign_Negcnt -> Negcnt_out;
}
```