### Grafo CDFG (Control and Data Flow Graph) para a função `compress`

```dot
digraph compress_CDFG {
    rankdir=TB;
    node [shape=rectangle, fontname="Courier"];

    // Nós (Blocos Básicos)
    1 [label="1: Inicialização\n(compress)\ndef: offset, bytes_out, out_count, clear_flg, ratio, in_count, checkpoint, maxcode, free_ent, ent, hshift, hsize_reg\nc-use: hsize, block_compress, INIT_BITS, FIRST, getbyte\np-use: "];
    2 [label="2: Loop Principal\nwhile (InCnt > 0)\np-use: InCnt"];
    3 [label="3: Corpo do Loop\ndef: apsim_bound111, c, in_count, fcode, i\nc-use: maxbits, ent, hshift\np-use: "];
    4 [label="4: Condição 1\nif (htabof(i) == fcode)\nc-use: htabof(i), fcode, codetabof(i)\np-use: htabof(i), fcode"];
    5 [label="5: Condição 2\nelse if (htabof(i) < 0)\nc-use: htabof(i)\np-use: htabof(i)"];
    6 [label="6: Cálculo de disp\ndef: disp\nc-use: hsize_reg, i\np-use: i"];
    7 [label="7: Loop Interno (probe)\nif (i -= disp) < 0\ndef: i\nc-use: disp, hsize_reg\np-use: i, disp"];
    8 [label="8: Condição no Probe\nif (htabof(i) == fcode)\nc-use: htabof(i), fcode, codetabof(i)\np-use: htabof(i), fcode"];
    9 [label="9: Condição de Continuidade\nif (htabof(i) > 0 && apsim_bound111 < in_count)\nc-use: htabof(i), apsim_bound111, in_count\np-use: htabof(i), apsim_bound111, in_count"];
    10 [label="10: Bloco nomatch\ndef: out_count, ent\nc-use: c, free_ent, maxmaxcode, in_count, checkpoint, block_compress\np-use: free_ent, maxmaxcode, in_count, checkpoint, block_compress"];
    11 [label="11: Pós-Loop\nif (bytes_out > in_count)\ndef: exit_stat\nc-use: bytes_out, in_count\np-use: bytes_out, in_count"];
    12 [label="12: Retorno\nreturn"];

    // Arestas de Controle
    1 -> 2;
    2 -> 3 [label="InCnt > 0"];
    2 -> 11 [label="InCnt <= 0"];
    3 -> 4;
    4 -> 2 [label="true (continue)"];
    4 -> 5 [label="false"];
    5 -> 10 [label="true (goto nomatch)"];
    5 -> 6 [label="false"];
    6 -> 7;
    7 -> 8 [label="i >= 0"];
    7 -> 8 [label="i < 0 (i += hsize_reg)"];
    8 -> 2 [label="true (continue)"];
    8 -> 9 [label="false"];
    9 -> 8 [label="true (goto probe)"];
    9 -> 10 [label="false"];
    10 -> 2;
    11 -> 12 [label="false"];
    11 -> 12 [label="true (exit_stat=2)"];

    // Arestas de Dados (Def-Use)
    1 -> 3 [label="ent, hshift" style=dashed color=blue];
    3 -> 4 [label="fcode, i" style=dashed color=green];
    3 -> 8 [label="fcode" style=dashed color=green];
    3 -> 10 [label="c" style=dashed color=green];
    10 -> 3 [label="ent" style=dashed color=blue];
    3 -> 9 [label="in_count" style=dashed color=orange];
    10 -> 9 [label="in_count" style=dashed color=orange];
    1 -> 11 [label="bytes_out, in_count" style=dashed color=red];
    3 -> 11 [label="in_count" style=dashed color=red];
}
```

### Análise de Caminhos Inviáveis (*Infeasible Paths*)

**Resposta: NÃO.**

**Justificativa:**  
Após a análise do grafo CDFG e do código fonte, não foram identificados caminhos inviáveis. Todos os caminhos representados no grafo são semanticamente possíveis devido às seguintes razões:

1. **Condições Dependentes de Dados Dinâmicos:** As condições no código (como `InCnt > 0`, `htabof(i) == fcode`, `free_ent < maxmaxcode`) dependem de valores calculados em tempo de execução (ex: dados de entrada, estado da tabela hash). Não há combinações fixas de condições que impeçam a execução de qualquer caminho.

2. **Inicialização e Reset da Tabela Hash:** A função `cl_hash` redefine a tabela hash com valores `-1`, garantindo que estados inválidos não persistam. O loop principal é executado enquanto houver dados de entrada (`InCnt > 0`), e a condição `apsim_bound111 < in_count` no loop interno é controlada por incrementos, não criando loops infinitos ou inalcançáveis.

3. **Fluxo de Dados Contínuo:** As variáveis críticas (como `ent`, `fcode`, `in_count`) são atualizadas a cada iteração, e não há restrições estáticas que impeçam o fluxo entre blocos. Por exemplo, o bloco `nomatch` (nó 10) é alcançável tanto pela condição `htabof(i) < 0` (nó 5) quanto pela falha no loop `probe` (nó 9).

4. **Ausência de Contradições Lógicas:** Não há condições mutuamente exclusivas ou invariantes que tornem um caminho logicamente impossível. Por exemplo, a condição `bytes_out > in_count` (nó 11) depende da compressão efetiva dos dados, mas não é inviável para entradas específicas.

Portanto, todos os caminhos no grafo são viáveis para diferentes entradas e estados de execução.