**Resposta: SIM**

### Explicação Detalhada:

Após analisar o código fornecido e construir os Grafos de Fluxo de Controle (CFG) e de Fluxo de Dados (DFG) para as funções relevantes, identifiquei caminhos inviáveis (infeasible paths) devido a restrições impostas pelos dados de entrada e parâmetros fixos do código. Abaixo detalho a análise:

#### 1. **Contexto do Código e Parâmetros Fixos**:
   - O buffer de entrada (`orig_text_buffer`) tem tamanho fixo `BUFFERSIZE = 50`.
   - `maxbits` é fixado em 16, resultando em `maxmaxcode = 65536`.
   - `checkpoint` é inicializado com `CHECK_GAP = 10000`.
   - `free_ent` começa em 257 (devido a `block_compress` ser não nulo) e incrementa a cada novo código adicionado à tabela.

#### 2. **Análise do CFG e DFG**:
   - **CFG da Função `compress`**: O loop principal processa exatamente `InCnt = 50` bytes. Condições como `free_ent < maxmaxcode` e `in_count >= checkpoint` são críticas.
   - **DFG**: Variáveis como `free_ent`, `in_count`, e `checkpoint` têm dependências diretas com o tamanho do input. Por exemplo, `free_ent` atinge no máximo `257 + 50 = 307`, muito abaixo de `maxmaxcode = 65536`.

#### 3. **Caminhos Inviáveis Identificados**:
   - **`in_count > 0x007fffff` em `cl_block`**: `in_count` máximo é 50, então esta condição é sempre falsa. O bloco que calcula `rat` via `bytes_out >> 8` nunca é executado.
   - **`free_ent >= maxmaxcode` em `compress`**: `free_ent` máximo é 307, nunca atingindo `maxmaxcode = 65536`. O branch que chama `cl_block` é inviável.
   - **`in_count >= checkpoint` em `compress`**: `in_count` máximo é 50, sempre menor que `checkpoint = 10000`. A condição associada a `cl_block` é falsa.
   - **`free_ent > maxcode` em `output`**: `maxcode` é `511` (para `n_bits = 9`), e `free_ent` máximo é 307, tornando esta condição falsa.
   - **`clear_flg > 0` em `output`**: `clear_flg` é inicializado como 0 e nunca é alterado (já que `cl_block` não é chamado), tornando esta condição falsa.

#### 4. **Conclusão**:
   - Os caminhos associados às condições acima são **inviáveis** devido às restrições de tamanho do input (`BUFFERSIZE = 50`) e parâmetros fixos do algoritmo.
   - Mesmo que o código contenha logicamente esses caminhos, a execução prática com o buffer de entrada fornecido nunca os atingirá.

### Código DOT para CFG e DFG (Função `compress`):
Devido à complexidade do código, os grafos são extensos. Abaixo está um resumo em DOT para a função `compress`:

```dot
digraph compress_CFG {
    node [shape=box];
    entry [label="Entrada"];
    loop [label="While (InCnt > 0)"];
    cond1 [label="htabof(i) == fcode?"];
    cond2 [label="htabof(i) < 0?"];
    cond3 [label="free_ent < maxmaxcode?"];
    cond4 [label="in_count >= checkpoint && block_compress?"];
    cl_block_call [label="cl_block()"];
    output_call [label="output(code)"];
    exit [label="Retorno"];

    entry -> loop;
    loop -> cond1;
    cond1 -> cond2 [label="false"];
    cond1 -> loop [label="true"];
    cond2 -> cond3 [label="false"];
    cond2 -> nomatch [label="true"];
    cond3 -> update_tables [label="true"];
    cond3 -> cond4 [label="false"];
    cond4 -> cl_block_call [label="true"];
    cond4 -> loop [label="false"];
    update_tables -> loop;
    cl_block_call -> loop;
    nomatch -> output_call -> loop;
    loop -> exit [label="InCnt <= 0"];
}
```

```dot
digraph compress_DFG {
    node [shape=ellipse];
    InCnt [label="InCnt"];
    free_ent [label="free_ent"];
    maxmaxcode [label="maxmaxcode"];
    in_count [label="in_count"];
    checkpoint [label="checkpoint"];

    node [shape=diamond];
    cond3 [label="free_ent < maxmaxcode?"];
    cond4 [label="in_count >= checkpoint?"];

    InCnt -> cond3;
    free_ent -> cond3;
    maxmaxcode -> cond3;
    in_count -> cond4;
    checkpoint -> cond4;
}
```

Estes grafos confirmam que as condições analisadas dependem de variáveis com valores restritos, levando aos caminhos inviáveis.