**Resposta: NÃO**

### Análise Detalhada e Justificativa

Construí um **DCFG (Data Control Flow Graph)** para a função `sort` do código fornecido, considerando fluxo de controle e dados. Após análise minuciosa, **não foram identificados infeasible paths**. Abaixo está o grafo gerado e a explicação detalhada.

---

### Grafo DCFG para a função `sort` (Graphviz DOT)

```dot
digraph sort {
    rankdir=TB;
    node [shape=box];

    // Nós do grafo
    start [label="Início (sort)", shape=ellipse];
    end [label="Fim", shape=ellipse];

    B1 [label="B1: Inicialização\ni, ir=n, j, k, l=1, jstack=0, flag=0, a, temp\ndef: i, ir, j, k, l, jstack, flag, a, temp"];
    B2 [label="B2: Loop principal\nif (ir - l < M)\np-use: ir, l"];
    B3 [label="B3: Insertion sort\nfor j=l+1 to ir\na=arr[j]\nfor i=j-1 downto l\nif arr[i] <= a: break\narr[i+1]=arr[i]\narr[i+1]=a\ndef: j, a, i, arr\nc-use: l, ir, arr"];
    B4 [label="B4: if (jstack == 0)\np-use: jstack"];
    B5 [label="B5: Pop da pilha\nir=istack[jstack--]\nl=istack[jstack--]\ndef: ir, l, jstack"];
    B6 [label="B6: Partição\nk=(l+ir)>>1\nSWAP(arr[k],arr[l+1])\n...\na=arr[l+1]\ni=l+1, j=ir\ndef: k, arr, a, i, j\nc-use: l, ir, arr"];
    B7 [label="B7: Loop interno\ni++ while arr[i] < a\nj-- while arr[j] > a\nif (j < i) break\nSWAP(arr[i],arr[j])\ndef: i, j, arr\nc-use: a, arr\np-use: j, i"];
    B8 [label="B8: Finalização da partição\narr[l+1]=arr[j]\narr[j]=a\njstack+=2\ndef: arr, jstack\nc-use: l, j, a"];
    B9 [label="B9: Escolha do lado\nif (ir-i+1 >= j-l)\np-use: ir, i, j, l"];
    B10 [label="B10: Empilha direito\nistack[jstack]=ir\nistack[jstack-1]=i\nir=j-1\ndef: istack, ir"];
    B11 [label="B11: Empilha esquerdo\nistack[jstack]=j-1\nistack[jstack-1]=l\nl=i\ndef: istack, l"];

    // Arestas de controle
    start -> B1;
    B1 -> B2;
    B2 -> B3 [label="True (ir-l < M)"];
    B2 -> B6 [label="False (ir-l >= M)"];
    B3 -> B4;
    B4 -> end [label="True (jstack=0)"];
    B4 -> B5 [label="False (jstack≠0)"];
    B5 -> B2;
    B6 -> B7;
    B7 -> B8 [label="Break (j < i)"];
    B7 -> B7 [label="Loop (j >= i)"];
    B8 -> B9;
    B9 -> B10 [label="True (ir-i+1 ≥ j-l)"];
    B9 -> B11 [label="False (ir-i+1 < j-l)"];
    B10 -> B2;
    B11 -> B2;

    // Fluxo de dados (exemplos de def-use chains)
    B1 -> B2 [xlabel="def: ir, l" fontcolor="blue"];
    B2 -> B3 [xlabel="p-use: ir, l" fontcolor="blue"];
    B3 -> B4 [xlabel="def: arr" fontcolor="blue"];
    B6 -> B7 [xlabel="def: a, i, j" fontcolor="blue"];
    B7 -> B8 [xlabel="c-use: a, j" fontcolor="blue"];
    B9 -> B10 [xlabel="p-use: ir, i, j, l" fontcolor="blue"];
}
```

---

### Explicação da Ausência de Infeasible Paths

1. **Lógica do Algoritmo Quicksort**:
   - O código implementa uma versão **não recursiva** do Quicksort, usando uma pilha (`istack`) para simular recursão.
   - Todos os caminhos no grafo correspondem a etapas válidas do algoritmo (ex: insertion sort para subarrays pequenos, partição para subarrays grandes).
   - Não há condições conflitantes ou invariantes que impeçam a execução de qualquer ramificação.

2. **Análise das Condições**:
   - **Condição `ir - l < M`**: Decide entre insertion sort e partição. Ambos os casos são alcançáveis dependendo do tamanho do subarray.
   - **Condição `jstack == 0`**: Controla se o algoritmo deve terminar (pilha vazia) ou continuar. Ambos os casos são viáveis.
   - **Condição `ir - i + 1 >= j - l`**: Decide qual lado da partição processar primeiro. Ambos os lados são possíveis.

3. **Fluxo de Dados**:
   - Variáveis como `ir`, `l`, `jstack` são atualizadas de forma consistente.
   - Não há dependências de dados que criem cenários impossíveis (ex: `jstack` ser negativo ou `ir < l`).

4. **Loop Infinito com Saída Garantida**:
   - O loop principal (`for (;;)`) tem saída garantida pela condição `jstack == 0` e pela redução progressiva do subarray.

5. **Entrada Fixa e Determinística**:
   - O array `arr` é fixo, mas a lógica do algoritmo é genérica e não possui restrições que tornem caminhos inalcançáveis.

---

### Conclusão

O código **não contém infeasible paths**. Todos os caminhos no DCFG são viáveis para alguma entrada ou estado de execução, e a lógica do Quicksort está corretamente implementada sem contradições internas.