### Análise do Código e Construção do DCFG

Para identificar infeasible paths no código fornecido, construí um Grafo de Fluxo de Controle e Dados (DCFG) para cada função usando a linguagem DOT do Graphviz. O DCFG integra o fluxo de controle (ordem de execução) e o fluxo de dados (definições e usos de variáveis). 

#### DCFG para a função `fib`

O grafo abaixo representa o DCFG da função `fib`. Os nós são blocos básicos de código, e as arestas representam transições de controle. Anotações de fluxo de dados (definições e usos) são incluídas nos nós.

```dot
digraph fib {
    rankdir=TB;
    node [shape=box];
    start [label="Início fib", shape=ellipse];
    end [label="Fim fib", shape=ellipse];

    A [label="A: Fnew = 1; Fold = 0; i = 2;", xlabel="def: Fnew, Fold, i"];
    B [label="B: if (i <= 30 && i <= n)", shape=diamond, xlabel="p-use: i, n"];
    C [label="C: temp = Fnew; Fnew = Fnew + Fold; Fold = temp;", xlabel="c-use: Fnew, Fold; def: temp, Fnew, Fold"];
    D [label="D: i++", xlabel="c-use: i; def: i"];
    E [label="E: ans = Fnew; return ans;", xlabel="c-use: Fnew; def: ans"];

    start -> A;
    A -> B;
    B -> C [label="True"];
    B -> E [label="False"];
    C -> D;
    D -> B;
    E -> end;
}
```

**Explicação do fluxo:**
- O nó `A` inicializa as variáveis `Fnew`, `Fold` e `i`.
- O nó `B` verifica a condição do loop `i <= 30 && i <= n`. Se verdadeira, o fluxo vai para o nó `C` (corpo do loop); se falsa, vai para o nó `E` (fim da função).
- O nó `C` executa o corpo do loop, atualizando `temp`, `Fnew` e `Fold`.
- O nó `D` incrementa `i` e retorna para a condição em `B`.
- O nó `E` atribui `Fnew` a `ans` e retorna o valor.

#### DCFG para a função `main`

O grafo abaixo representa o DCFG da função `main`. Como é uma sequência linear sem condicionais, há apenas um caminho.

```dot
digraph main {
    rankdir=TB;
    node [shape=box];
    start [label="Início main", shape=ellipse];
    end [label="Fim main", shape=ellipse];

    M1 [label="M1: a = 30;", xlabel="def: a"];
    M2 [label="M2: fib(a);", xlabel="c-use: a"];
    M3 [label="M3: return a;", xlabel="c-use: a"];

    start -> M1;
    M1 -> M2;
    M2 -> M3;
    M3 -> end;
}
```

**Explicação do fluxo:**
- O nó `M1` define `a` como 30.
- O nó `M2` chama a função `fib` com `a` como argumento.
- O nó `M3` retorna o valor de `a`.

### Análise de Infeasible Paths

Um caminho inviável (infeasible path) é uma sequência de nós e arestas que não pode ser executada devido a restrições de fluxo de controle ou dados, como condições contraditórias ou dependências de dados impossíveis.

No código fornecido:
- A função `fib` possui um loop com condição `i <= 30 && i <= n`. Para qualquer valor de `n`, a condição pode ser verdadeira ou falsa dependendo de `i` e `n`. Por exemplo:
  - Se `n < 2`, a condição é falsa imediatamente (caminho A-B-E é viável).
  - Se `n >= 2`, o loop executa até que `i` exceda `min(30, n)` (caminhos com múltiplas iterações são viáveis).
- Não há condições contraditórias ou invariantes que impossibilitem qualquer caminho. O fluxo de dados também é consistente: todas as variáveis são definidas e usadas de forma adequada, sem dependências impossíveis.
- A função `main` é linear, sem ramificações, portanto, possui apenas um caminho, que é viável.

### Resposta Final

**NÃO** existem infeasible paths neste código.

**Justificativa detalhada:**
- Os grafos DCFG construídos mostram que todos os caminhos de controle são alcançáveis para entradas válidas de `n`.
- Na função `fib`, a condição do loop `i <= 30 && i <= n` é flexível e depende do parâmetro `n`, que pode variar. Não há restrições que tornem qualquer caminho impossível (por exemplo, não há condições mutuamente exclusivas ou invariantes de programa que bloqueiem fluxos).
- Na função `main`, a execução é sequencial e sem condicionais, garantindo que o único caminho seja sempre viável.
- A análise de fluxo de dados confirma que todas as definições de variáveis alcançam usos sem conflitos, e não há usos não definidos ou redefinições problemáticas.

Portanto, com base na análise do DCFG e do código, conclui-se que não há caminhos inviáveis.