**Control Flow Graph (CFG) in DOT:**
```dot
digraph CFG {
    node [shape=box, fontname="Courier"];
    edge [fontname="Courier"];

    // Nodes
    start [label="Start", shape=ellipse];
    B1 [label="B1: Initialize variables\n(i, ir=n, j, k, l=1, jstack=0, flag=0)"];
    B2 [label="B2: Infinite loop start"];
    B3 [label="B3: if (ir - l < M)"];
    B4 [label="B4: Insertion sort loop\n(j = l+1 to ir)"];
    B5 [label="B5: if (jstack == 0)"];
    B6 [label="B6: Break out of loop"];
    B7 [label="B7: Pop stack (ir, l)"];
    B8 [label="B8: Partitioning setup\n(SWAP and median-of-three)"];
    B9 [label="B9: Inner partitioning loop"];
    B10 [label="B10: Update stack and bounds"];
    B11 [label="B11: Update stack and bounds (else)"];
    end [label="End", shape=ellipse];

    // Edges
    start -> B1;
    B1 -> B2;
    B2 -> B3;
    B3 -> B4 [label="True"];
    B3 -> B8 [label="False"];
    B4 -> B5;
    B5 -> B6 [label="True"];
    B5 -> B7 [label="False"];
    B6 -> end;
    B7 -> B2;
    B8 -> B9;
    B9 -> B10 [label="Partition done"];
    B10 -> B11 [label="False"];
    B10 -> B2 [label="True"];
    B11 -> B2;
}
```

**Data Flow Graph (DFG) in DOT:**
```dot
digraph DFG {
    node [shape=box, fontname="Courier"];
    edge [fontname="Courier"];

    // Data nodes
    arr [label="arr[]", shape=ellipse];
    istack [label="istack[]", shape=ellipse];
    n [label="n (input)", shape=ellipse];
    i [label="i", shape=ellipse];
    ir [label="ir", shape=ellipse];
    j [label="j", shape=ellipse];
    k [label="k", shape=ellipse];
    l [label="l", shape=ellipse];
    jstack [label="jstack", shape=ellipse];
    a [label="a", shape=ellipse];
    temp [label="temp", shape=ellipse];

    // Operation nodes
    init [label="Initialize variables"];
    comp1 [label="Compare: ir - l < M"];
    comp2 [label="Compare: jstack == 0"];
    comp3 [label="Compare: arr[l] > arr[ir]"];
    comp4 [label="Compare: arr[l+1] > arr[ir]"];
    comp5 [label="Compare: arr[l] > arr[l+1]"];
    comp6 [label="Compare: arr[i] < a"];
    comp7 [label="Compare: arr[j] > a"];
    comp8 [label="Compare: j < i"];
    comp9 [label="Compare: ir-i+1 >= j-l"];
    swap1 [label="SWAP(arr[k], arr[l+1])"];
    swap2 [label="SWAP(arr[l], arr[ir])"];
    swap3 [label="SWAP(arr[l+1], arr[ir])"];
    swap4 [label="SWAP(arr[l], arr[l+1])"];
    swap5 [label="SWAP(arr[i], arr[j])"];
    assign1 [label="a = arr[j]"];
    assign2 [label="arr[i+1] = arr[i]"];
    assign3 [label="arr[i+1] = a"];
    assign4 [label="a = arr[l+1]"];
    assign5 [label="arr[l+1] = arr[j]"];
    assign6 [label="arr[j] = a"];
    update1 [label="jstack += 2"];
    update2 [label="ir = istack[jstack--]"];
    update3 [label="l = istack[jstack--]"];

    // Data flow edges
    n -> init;
    init -> ir;
    init -> l;
    init -> jstack;
    ir -> comp1;
    l -> comp1;
    jstack -> comp2;
    arr -> comp3;
    arr -> comp4;
    arr -> comp5;
    arr -> comp6;
    arr -> comp7;
    a -> comp6;
    a -> comp7;
    i -> comp8;
    j -> comp8;
    ir -> comp9;
    i -> comp9;
    j -> comp9;
    l -> comp9;
    arr -> swap1;
    arr -> swap2;
    arr -> swap3;
    arr -> swap4;
    arr -> swap5;
    temp -> swap1;
    temp -> swap2;
    temp -> swap3;
    temp -> swap4;
    temp -> swap5;
    arr -> assign1;
    assign1 -> a;
    arr -> assign2;
    assign2 -> arr;
    a -> assign3;
    assign3 -> arr;
    arr -> assign4;
    assign4 -> a;
    arr -> assign5;
    assign5 -> arr;
    a -> assign6;
    assign6 -> arr;
    jstack -> update1;
    update1 -> jstack;
    istack -> update2;
    update2 -> ir;
    jstack -> update2;
    update2 -> jstack;
    istack -> update3;
    update3 -> l;
    jstack -> update3;
    update3 -> jstack;
}
```

**Number of Infeasible Paths: 0**

**Explanation:**
- The CFG and DFG show the control and data flow of the quicksort algorithm.
- No infeasible paths were found because:
  - There are no contradictory conditions (e.g., `x > 10` and `x < 5` in the same path).
  - All variables are properly initialized before use.
  - Loop conditions and stack operations are consistent and feasible.
  - The algorithm's logic ensures all paths are reachable with appropriate inputs.
- The code follows structured programming principles without unconditional jumps or exit points in loops, reducing the likelihood of infeasible paths.