**Resposta: NÃO** - Não foram identificados caminhos infeasible no código fornecido. 

### Análise Detalhada:
1. **CFG (Control Flow Graph)**:
   - O código consiste em quatro loops aninhados (`for`) e uma condição interna (`if`).
   - Todos os caminhos são estruturalmente viáveis, pois os loops iteram sobre intervalos fixos (0 a 4) e a condição interna depende de valores variáveis (`x` e elementos do array `keys`).
   - Não há condições mutuamente exclusivas ou contraditórias sequenciais.
   - O CFG é bem definido, com fluxo contínuo entre loops e condicionais.

2. **DFG (Data Flow Graph)**:
   - As variáveis `i, j, k, l` são inicializadas e incrementadas corretamente, sem dependências inviáveis.
   - O array `keys` é totalmente inicializado e acessado de forma consistente.
   - A condição `keys[i][j][k][l] == x` depende de dados disponíveis (valores de `keys` e parâmetro `x`), sem uso de variáveis não inicializadas ou conflitos.
   - O retorno `answer[i][j][k][l] + keys[i][j][k][l]` utiliza dados válidos.

3. **Conclusão**:
   - A inicialização incompleta do array `answer` (ex.: dimensão [2] com apenas 4 elementos) é um erro de lógica, mas não torna caminhos infeasible. Isso pode causar comportamento indefinido (acesso fora dos limites), mas não impede a execução do fluxo de controle.
   - O código não contém condições contraditórias, dependências inviáveis ou restrições de ambiente que bloqueiem caminhos.

### CFG em DOT:
```dot
digraph CFG {
    node [shape=box, style=rounded, fontname="Helvetica"];
    N1 [label="1: int i, j, k, l;"];
    N2 [label="2: i = 0"];
    N3 [label="3: if (i < 5)"];
    N4 [label="4: j = 0"];
    N5 [label="5: if (j < 5)"];
    N6 [label="6: k = 0"];
    N7 [label="7: if (k < 5)"];
    N8 [label="8: l = 0"];
    N9 [label="9: if (l < 5)"];
    N10 [label="10: if (keys[i][j][k][l] == x)"];
    N11 [label="11: return answer[i][j][k][l] + keys[i][j][k][l];"];
    N12 [label="12: l++"];
    N13 [label="13: goto l_condition"];
    N14 [label="14: k++"];
    N15 [label="15: goto k_condition"];
    N16 [label="16: j++"];
    N17 [label="17: goto j_condition"];
    N18 [label="18: i++"];
    N19 [label="19: goto i_condition"];
    N20 [label="20: return -1;"];

    N1 -> N2;
    N2 -> N3;
    N3 -> N4 [label="true"];
    N3 -> N20 [label="false"];
    N4 -> N5;
    N5 -> N6 [label="true"];
    N5 -> N18 [label="false"];
    N6 -> N7;
    N7 -> N8 [label="true"];
    N7 -> N16 [label="false"];
    N8 -> N9;
    N9 -> N10 [label="true"];
    N9 -> N14 [label="false"];
    N10 -> N11 [label="true"];
    N10 -> N12 [label="false"];
    N12 -> N13;
    N13 -> N9;
    N14 -> N15;
    N15 -> N7;
    N16 -> N17;
    N17 -> N5;
    N18 -> N19;
    N19 -> N3;
    N11 -> END [style="invis"]; // Retorno sai do fluxo
    N20 -> END [style="invis"];
    { rank=same; N11; N20; }
    END [label="Fim", shape=doublecircle];
}
```

### DFG em DOT:
```dot
digraph DFG {
    node [shape=ellipse, style=filled, fillcolor=lightblue];
    x [label="x (input)"];
    keys_array [label="keys[5][5][5][5]"];
    answer_array [label="answer[5][5][5][5]"];

    node [shape=box, style=""];
    op_keys_access [label="Array Access\nkeys[i][j][k][l]"];
    op_compare [label="== (Compare)"];
    op_answer_access [label="Array Access\nanswer[i][j][k][l]"];
    op_add [label="+ (Add)"];

    node [shape=ellipse, style=filled, fillcolor=lightgreen];
    result_found [label="result (found)"];
    result_not_found [label="result (-1)"];

    // Fluxo de dados
    keys_array -> op_keys_access;
    x -> op_compare;
    op_keys_access -> op_compare;
    op_compare -> result_found [style="invis"]; // Para alinhamento

    op_keys_access -> op_add;
    answer_array -> op_answer_access;
    op_answer_access -> op_add;
    op_add -> result_found;

    result_not_found [label="-1 (const)"];

    // Indices (simplificado)
    i [label="i", fillcolor=lightblue];
    j [label="j", fillcolor=lightblue];
    k [label="k", fillcolor=lightblue];
    l [label="l", fillcolor=lightblue];
    i -> op_keys_access;
    j -> op_keys_access;
    k -> op_keys_access;
    l -> op_keys_access;
    i -> op_answer_access;
    j -> op_answer_access;
    k -> op_answer_access;
    l -> op_answer_access;
}
```