**Resposta: SIM**

**Explicação:**

Após analisar o código e construir os Grafos de Fluxo de Controle (CFG) e de Dados (DFG), identifiquei um **caminho infeasible** devido a uma contradição lógica relacionada ao tamanho do buffer de entrada (`InCnt`) e ao ponto de verificação (`checkpoint`).

### Análise do CFG e DFG:
1. **CFG (Control Flow Graph):**
   - O loop principal em `compress()` itera enquanto `InCnt > 0` (máximo de 50 iterações).
   - Dentro do loop, a condição `((count_int)in_count >= checkpoint) && (block_compress)` é avaliada.
   - `checkpoint` é inicializado como `CHECK_GAP = 10000`, e `in_count` é incrementado a cada byte processado (atinge no máximo 51).
   - **Conclusão:** A condição `in_count >= checkpoint` é **sempre falsa** porque `in_count` (≤51) nunca alcança `checkpoint` (10000). Thus, o bloco `cl_block()` nunca é executado.

2. **DFG (Data Flow Graph):**
   - A variável `in_count` flui do loop principal para a condição `in_count >= checkpoint`.
   - `checkpoint` é uma constante (10000) que não é modificada (já que `cl_block()` nunca é chamado para atualizá-la).
   - **Conclusão:** Existe uma dependência de dados inviável, pois `in_count` (limitado a 51) nunca satisfaz a condição de ser ≥10000.

### Causa do Infeasible Path:
- **Contradição Lógica:** O tamanho do buffer de entrada (`BUFFERSIZE = 50`) é muito menor que `CHECK_GAP (10000)`. Isso torna impossível que `in_count` atinja `checkpoint`, tornando o caminho para `cl_block()` inalcançável.
- **Invariante do Programa:** A estrutura do código assume um fluxo de dados maior para ativar a redefinição da tabela de compressão (`cl_block`), mas o contexto de execução (buffer pequeno) inviabiliza isso.

### Grafos (CFG e DFG) em DOT:
```dot
digraph Compress_CFG {
    node [shape=box, fontname="Courier"];
    edge [fontname="Courier"];

    // Nós principais do CFG
    START [label="compress():\nInicialização"];
    LOOP [label="Loop: InCnt > 0"];
    COND [label="Condição:\n(in_count >= checkpoint)\n&& block_compress"];
    CL_BLOCK [label="cl_block()"];
    AFTER_COND [label="Continuação do loop"];
    END [label="Fim de compress()"];

    // Fluxo
    START -> LOOP;
    LOOP -> COND [label="Verdadeiro"];
    LOOP -> END [label="Falso"];
    COND -> CL_BLOCK [label="Verdadeiro"];
    COND -> AFTER_COND [label="Falso"];
    AFTER_COND -> LOOP;
    CL_BLOCK -> AFTER_COND;

    // Caminho infeasible (vermelho)
    COND -> CL_BLOCK [color="red", style="dashed", label="Infeasible"];
}

digraph Compress_DFG {
    node [shape=ellipse, fontname="Courier"];
    edge [fontname="Courier"];

    // Variáveis e constantes
    IN_COUNT [label="in_count (≤51)"];
    CHECK_GAP [label="checkpoint (10000)"];
    COND [label="Condição:\nin_count >= checkpoint"];

    // Fluxo de dados
    IN_COUNT -> COND;
    CHECK_GAP -> COND;

    // Conflito (vermelho)
    COND [color="red"];
}
```

**Conclusão Final:** O caminho que leva à execução de `cl_block()` é **infeasible** devido à disparidade entre o tamanho fixo do buffer (50 bytes) e o valor de `checkpoint` (10000), criando uma contradição lógica insuperável.