**Resposta:**  
**NÃO**  
Não existem caminhos infeasible no código fornecido. O CFG e o DFG construídos mostram que todos os caminhos são estruturalmente possíveis e não há dependências de dados que impossibilitem a execução de qualquer caminho. A função `main` chama `fib` com argumento fixo `a = 30`, e em `fib`, o loop é executado para `i` de 2 a 30, mas mesmo considerando outras entradas, a estrutura do código não apresenta condições contraditórias ou inalcançáveis.

### CFG (Control Flow Graph) para o código completo:
```dot
digraph overall_CFG {
    node [shape=box, style=rounded, fontname="Helvetica"];
    // Nós da função main
    M1 [label="main: int a;"];
    M2 [label="main: a = 30;"];
    M3 [label="main: fib(a);"];
    M4 [label="main: return a;"];
    M5 [label="main: End", shape=doublecircle];

    // Nós da função fib
    N1 [label="fib: int i, Fnew, Fold, temp, ans;"];
    N2 [label="fib: Fnew = 1; Fold = 0;"];
    N3 [label="fib: i = 2;"];
    N4 [label="fib: for: i<=30 && i<=n"];
    N5 [label="fib: temp = Fnew; Fnew = Fnew + Fold; Fold = temp; i++"];
    N6 [label="fib: ans = Fnew;"];
    N7 [label="fib: return ans;"];
    N8 [label="fib: End", shape=doublecircle];

    // Arestas da main
    M1 -> M2;
    M2 -> M3;
    M3 -> N1 [label="chama fib"];
    N7 -> M4 [label="retorna de fib"];
    M4 -> M5;

    // Arestas da fib
    N1 -> N2;
    N2 -> N3;
    N3 -> N4;
    N4 -> N5 [label="true"];
    N4 -> N6 [label="false"];
    N5 -> N4;
    N6 -> N7;
    N7 -> N8;
}
```

### DFG (Data Flow Graph) para o código completo:
```dot
digraph overall_DFG {
    // Nós de entrada (constantes e parâmetros)
    node [shape=ellipse, style=filled, fillcolor=lightblue];
    thirty [label="30"];
    n_input [label="n (input)"];

    // Nós de operações
    node [shape=box, style=""];
    op_main_assign [label="a = 30"];
    op_fib_call [label="fib(a)"];
    op_main_return [label="return a"];
    op_fib_init [label="Fnew = 1; Fold = 0"];
    op_fib_i_init [label="i = 2"];
    op_fib_loop [label="Loop: temp = Fnew; Fnew = Fnew + Fold; Fold = temp; i++"];
    op_fib_ans [label="ans = Fnew"];
    op_fib_return [label="return ans"];

    // Nós de saída e variáveis intermediárias
    node [shape=ellipse, style=filled, fillcolor=lightgreen];
    a_var [label="a"];
    Fnew_var [label="Fnew"];
    Fold_var [label="Fold"];
    i_var [label="i"];
    ans_var [label="ans"];

    // Fluxo de dados
    thirty -> op_main_assign;
    op_main_assign -> a_var;
    a_var -> op_fib_call;
    op_fib_call -> n_input;
    n_input -> op_fib_loop;
    op_fib_init -> Fnew_var;
    op_fib_init -> Fold_var;
    op_fib_i_init -> i_var;
    i_var -> op_fib_loop;
    Fnew_var -> op_fib_loop;
    Fold_var -> op_fib_loop;
    op_fib_loop -> Fnew_var;
    op_fib_loop -> Fold_var;
    op_fib_loop -> i_var;
    Fnew_var -> op_fib_ans;
    op_fib_ans -> ans_var;
    ans_var -> op_fib_return;
    a_var -> op_main_return;
}
```

### Explicação:
- **CFG**: O grafo de fluxo de controle mostra que todos os caminhos são alcançáveis. A função `main` flui sequencialmente, e a função `fib` possui um loop que pode ser executado ou não dependendo da condição `i<=30 && i<=n`, mas structuralmente, ambos os caminhos (entrar ou não no loop) são possíveis.
- **DFG**: O grafo de fluxo de dados mostra as dependências entre variáveis e operações. Não há dependências que impossibilitem a execução de qualquer caminho. O loop em `fib` cria dependências cíclicas (ex: `Fnew` e `Fold` são atualizados a cada iteração), mas isso é comum e não caracteriza um caminho infeasible.
- **Conclusão**: O código é estruturalmente simples e não contém condições contraditórias ou dead code que gerem caminhos infeasible.