**Análise de Caminhos Inviáveis (Infeasible Paths) no Código Fornecido**

### 1. Grafos para a Função `foo`

#### Grafo de Fluxo de Controle (CFG) - Formato DOT:
```dot
digraph CFG_foo {
    node [shape=box, fontname="Helvetica"];
    edge [fontname="Helvetica"];

    START [label="Início", shape=ellipse];
    END [label="Fim", shape=ellipse];

    N1 [label="i = 0"];
    N2 [label="i < 5?", shape=diamond];
    N3 [label="j = 0"];
    N4 [label="j < 5?", shape=diamond];
    N5 [label="k = 0"];
    N6 [label="k < 5?", shape=diamond];
    N7 [label="l = 0"];
    N8 [label="l < 5?", shape=diamond];
    N9 [label="keys[i][j][k][l] == x?", shape=diamond];
    N10 [label="return answer[i][j][k][l] + keys[i][j][k][l];"];
    N11 [label="l++"];
    N12 [label="k++"];
    N13 [label="j++"];
    N14 [label="i++"];
    N15 [label="return -1;"];

    START -> N1;
    N1 -> N2;
    N2 -> N3 [label="Sim"];
    N2 -> N15 [label="Não"];
    N3 -> N4;
    N4 -> N5 [label="Sim"];
    N4 -> N14 [label="Não"];
    N5 -> N6;
    N6 -> N7 [label="Sim"];
    N6 -> N13 [label="Não"];
    N7 -> N8;
    N8 -> N9 [label="Sim"];
    N8 -> N12 [label="Não"];
    N9 -> N10 [label="Sim"];
    N9 -> N11 [label="Não"];
    N10 -> END;
    N11 -> N8;
    N12 -> N6;
    N13 -> N4;
    N14 -> N2;
    N15 -> END;
}
```

#### Grafo de Fluxo de Dados (DFG) - Formato DOT:
```dot
digraph DFG_foo {
    node [shape=box, fontname="Helvetica"];
    edge [fontname="Helvetica"];

    // Variáveis de entrada
    x [label="x (parâmetro)", shape=ellipse, fillcolor=lightblue, style=filled];
    keys [label="keys (global)", shape=ellipse, fillcolor=lightblue, style=filled];
    answer [label="answer (global)", shape=ellipse, fillcolor=lightblue, style=filled];

    // Operações e dependências
    op_i_init [label="i = 0"];
    op_j_init [label="j = 0"];
    op_k_init [label="k = 0"];
    op_l_init [label="l = 0"];

    op_i_inc [label="i++"];
    op_j_inc [label="j++"];
    op_k_inc [label="k++"];
    op_l_inc [label="l++"];

    op_i_cmp [label="i < 5"];
    op_j_cmp [label="j < 5"];
    op_k_cmp [label="k < 5"];
    op_l_cmp [label="l < 5"];

    op_key_access [label="keys[i][j][k][l]"];
    op_cond [label="keys[i][j][k][l] == x"];
    op_return_val [label="answer[i][j][k][l] + keys[i][j][k][l]"];
    op_return_neg [label="return -1"];

    // Fluxo de dados
    x -> op_cond;
    keys -> op_key_access;
    op_key_access -> op_cond;
    op_cond -> op_return_val [label="True"];
    answer -> op_return_val;

    op_i_init -> op_i_cmp;
    op_i_cmp -> op_j_init [label="True"];
    op_i_cmp -> op_return_neg [label="False"];
    op_i_inc -> op_i_cmp;

    op_j_init -> op_j_cmp;
    op_j_cmp -> op_k_init [label="True"];
    op_j_cmp -> op_i_inc [label="False"];
    op_j_inc -> op_j_cmp;

    op_k_init -> op_k_cmp;
    op_k_cmp -> op_l_init [label="True"];
    op_k_cmp -> op_j_inc [label="False"];
    op_k_inc -> op_k_cmp;

    op_l_init -> op_l_cmp;
    op_l_cmp -> op_key_access [label="True"];
    op_l_cmp -> op_k_inc [label="False"];
    op_l_inc -> op_l_cmp;
}
```

### 2. Grafos para a Função `main`

#### Grafo de Fluxo de Controle (CFG) - Formato DOT:
```dot
digraph CFG_main {
    node [shape=box, fontname="Helvetica"];
    edge [fontname="Helvetica"];

    START [label="Início", shape=ellipse];
    END [label="Fim", shape=ellipse];

    N1 [label="Chamada: foo(400)"];
    N2 [label="printf (se TEST definido)", shape=diamond];

    START -> N1;
    N1 -> N2;
    N2 -> END [label="Não"];
    N2 -> END [label="Sim"]; // printf não afeta o fluxo
}
```

#### Grafo de Fluxo de Dados (DFG) - Formato DOT:
```dot
digraph DFG_main {
    node [shape=box, fontname="Helvetica"];
    edge [fontname="Helvetica"];

    // A função main não possui dependências de dados significativas.
    // A chamada foo(400) é independente.
    foo_call [label="foo(400)"];
    printf_call [label="printf (se TEST definido)"];

    // Sem dependências de dados explícitas.
}
```

### 3. Resposta Final: Existe algum infeasible path neste código?
**SIM**

### 4. Explicação Detalhada:
A análise revela a existência de **caminhos inviáveis** na função `foo`, devido a uma **contradição lógica** entre os dados e as condições do código. Especificamente:

- O array `keys` é inicializado com valores fixos (0, 1, 2, 3, 4 ou 401). O valor `400` **não está presente** em `keys` (o último elemento é `401` quando `FIND_TARGET` não está definido, como é o caso).
- A função `main` chama `foo(400)`, que busca o valor `400` em `keys`.
- No CFG de `foo`, o nó `N9` (condição `keys[i][j][k][l] == x`) possui um ramo que leva ao retorno antecipado (nó `N10`). No entanto, devido à ausência de `400` em `keys`, **esse ramo é logicamente inalcançável**.
- O DFG reforça essa inviabilidade: o fluxo de dados mostra que `x` é `400` e os acessos a `keys` produzem valores entre `0` e `4` ou `401`, tornando a condição `keys[i][j][k][l] == 400` sempre falsa.

**Conclusão:** O caminho que inclui o retorno antecipado em `N10` é **inviável** para a entrada `foo(400)`, caracterizando um *infeasible path* baseado em contradição lógica e dependências de dados. A função `main` não possui caminhos inviáveis, pois sua execução é linear e independente de condições.