**Função:** `sort`

**Grafo de Fluxo de Controle (CFG) em formato Graphviz:**
```dot
digraph sort_CFG {
    node [shape=box, style=rounded, fontname="Helvetica"];
    edge [fontname="Helvetica"];

    N1 [label="1: Initialization\n(i, ir=n, j, k, l=1, jstack=0, flag=0, a, temp)"];
    N2 [label="2: for (;;)"];
    N3 [label="3: if (ir-l < M)"];
    N4 [label="4: Insertion sort loop (j from l+1 to ir)"];
    N5 [label="5: a = arr[j]; i = j-1;"];
    N6 [label="6: Inner loop (i >= l)"];
    N7 [label="7: if (arr[i] <= a) break"];
    N8 [label="8: arr[i+1] = arr[i]; i--"];
    N9 [label="9: arr[i+1] = a"];
    N10 [label="10: if (jstack == 0) break"];
    N11 [label="11: ir = istack[jstack--]; l = istack[jstack--]"];
    N12 [label="12: k = (l+ir)>>1; SWAP(arr[k], arr[l+1])"];
    N13 [label="13: if (arr[l] > arr[ir]) SWAP(arr[l], arr[ir])"];
    N14 [label="14: if (arr[l+1] > arr[ir]) SWAP(arr[l+1], arr[ir])"];
    N15 [label="15: if (arr[l] > arr[l+1]) SWAP(arr[l], arr[l+1])"];
    N16 [label="16: i = l+1; j = ir; a = arr[l+1]"];
    N17 [label="17: for (;;)"];
    N18 [label="18: i++; while (arr[i] < a) i++"];
    N19 [label="19: j--; while (arr[j] > a) j--"];
    N20 [label="20: if (j < i) break"];
    N21 [label="21: SWAP(arr[i], arr[j])"];
    N22 [label="22: arr[l+1] = arr[j]; arr[j] = a"];
    N23 [label="23: jstack += 2"];
    N24 [label="24: if (ir-i+1 >= j-l)"];
    N25 [label="25: istack[jstack] = ir; istack[jstack-1] = i; ir = j-1"];
    N26 [label="26: istack[jstack] = j-1; istack[jstack-1] = l; l = i"];
    N27 [label="27: End"];

    N1 -> N2;
    N2 -> N3;
    N3 -> N4 [label="true"];
    N3 -> N12 [label="false"];
    N4 -> N5;
    N5 -> N6;
    N6 -> N7;
    N7 -> N9 [label="true"];
    N7 -> N8 [label="false"];
    N8 -> N6;
    N9 -> N4 [label="j++"];
    N4 -> N10 [label="j>ir"];
    N10 -> N27 [label="true"];
    N10 -> N11 [label="false"];
    N11 -> N2;
    N12 -> N13;
    N13 -> N14;
    N14 -> N15;
    N15 -> N16;
    N16 -> N17;
    N17 -> N18;
    N18 -> N19;
    N19 -> N20;
    N20 -> N22 [label="true"];
    N20 -> N21 [label="false"];
    N21 -> N17;
    N22 -> N23;
    N23 -> N24;
    N24 -> N25 [label="true"];
    N24 -> N26 [label="false"];
    N25 -> N2;
    N26 -> N2;
}
```

**Grafo de Fluxo de Dados (DFG) em formato Graphviz:**
```dot
digraph sort_DFG {
    node [shape=ellipse, style=filled, fillcolor=lightblue];
    arr_in [label="arr"];
    n_in [label="n"];
    M_in [label="M"];
    istack_in [label="istack"];

    node [shape=box, style="", fillcolor=""];
    op_init [label="Initialization"];
    op_cond [label="ir-l < M"];
    op_swap1 [label="SWAP(arr[k], arr[l+1])"];
    op_swap2 [label="SWAP(arr[l], arr[ir])"];
    op_swap3 [label="SWAP(arr[l+1], arr[ir])"];
    op_swap4 [label="SWAP(arr[l], arr[l+1])"];
    op_assign_a [label="a = arr[l+1]"];
    op_inc_i [label="i++"];
    op_dec_j [label="j--"];
    op_compare [label="arr[i] < a? arr[j] > a?"];
    op_swap5 [label="SWAP(arr[i], arr[j])"];
    op_assign_arr [label="arr[l+1]=arr[j]; arr[j]=a"];
    op_push [label="Push to istack"];

    node [shape=ellipse, style=filled, fillcolor=lightgreen];
    arr_out [label="arr"];
    istack_out [label="istack"];

    arr_in -> op_swap1;
    arr_in -> op_swap2;
    arr_in -> op_swap3;
    arr_in -> op_swap4;
    arr_in -> op_assign_a;
    arr_in -> op_compare;
    arr_in -> op_swap5;
    arr_in -> op_assign_arr;
    n_in -> op_init;
    M_in -> op_cond;
    istack_in -> op_push;

    op_swap1 -> arr_out;
    op_swap2 -> arr_out;
    op_swap3 -> arr_out;
    op_swap4 -> arr_out;
    op_assign_arr -> arr_out;
    op_push -> istack_out;
}
```

**Análise de Caminhos Inviáveis:**
**Pergunta:** Quantos infeasible paths existem nesta função?
**Resposta:** `0`

**Justificativa:**
Após análise detalhada do CFG e DFG, não foram identificados caminhos inviáveis na função `sort`. Todas as condições e loops são estruturalmente possíveis:
1. **Condições de comparação** (ex: `arr[l] > arr[ir]`) dependem dos valores do array `arr`, que são dinâmicos e não possuem restrições lógicas que impossibilitem qualquer combinação de condições.
2. **Loops** são controlados por variáveis (ex: `j`, `i`) que são inicializadas e modificadas de forma consistente, sem contradições em suas condições de terminação.
3. **Operações de swap** e atribuições manipulam dados de forma genérica, sem criar dependências que resultem em estados impossíveis.
4. **Uso da pilha `istack`** é gerenciado corretamente, com `jstack` sendo incrementado/decrementado de forma balanceada, sem risco de underflow/overflow given the constraints.
5. **Não há contradições** entre condições sequenciais ou dependências de dados que tornem qualquer caminho inalcançável.

---

**Função:** `main`

**Grafo de Fluxo de Controle (CFG) em formato Graphviz:**
```dot
digraph main_CFG {
    node [shape=box, style=rounded, fontname="Helvetica"];
    N1 [label="1: call sort(20)"];
    N2 [label="2: End", shape=doublecircle];
    N1 -> N2;
}
```

**Grafo de Fluxo de Dados (DFG) em formato Graphviz:**
```dot
digraph main_DFG {
    node [shape=ellipse, style=filled, fillcolor=lightblue];
    sort_func [label="sort"];
    node [shape=box, style="", fillcolor=""];
    op_call [label="call sort(20)"];
    node [shape=ellipse, style=filled, fillcolor=lightgreen];
    result [label="exit code"];
    sort_func -> op_call;
    op_call -> result;
}
```

**Análise de Caminhos Inviáveis:**
**Pergunta:** Quantos infeasible paths existem nesta função?
**Resposta:** `0`

**Justificativa:**
A função `main` consiste em uma única chamada para `sort(20)`, seguida pelo término do programa. Há apenas um caminho de execução possível, sem quaisquer condições ou loops que possam gerar contradições ou dependências inviáveis.