### Análise do Código `qsort-exam.c`

O código fornecido implementa uma versão não recursiva do algoritmo quicksort. A função `sort` é a única função definida, e o `main` simplesmente chama `sort(20)`. Para análise, foi construído um Grafo de Fluxo de Controle e Dados (DCFG) para a função `sort`, integrando informações de fluxo de controle e fluxo de dados. O DCFG é apresentado em formato Graphviz DOT abaixo. Após análise detalhada, não foram identificados caminhos inviáveis (*infeasible paths*) no código.

#### DCFG para a função `sort` (Grafo de Fluxo de Controle e Dados)

```dot
digraph sort {
    rankdir=TB;
    node [shape=box];
    start [label="Start", shape=ellipse];
    end [label="End", shape=ellipse];

    B1 [label="B1\ni, ir=n, j, k, l=1, jstack=0, flag=0\ndef={i, ir, j, k, l, jstack, flag}"];
    B2 [label="B2: for (;;) begin"];
    B3 [label="B3: if (ir-l < M)\np-use={ir, l}", shape=diamond];
    B4 [label="B4: insertion sort on [l,ir]\ndef={a, i, j, arr[]}\nc-use={l, ir, arr[]}"];
    B6 [label="B6: if (jstack == 0)\np-use={jstack}", shape=diamond];
    B7 [label="B7: break out of loop"];
    B9 [label="B9: ir=istack[jstack--], l=istack[jstack--]\ndef={ir, l}\nc-use={jstack}"];
    B5 [label="B5: quicksort partitioning on [l,ir]\ndef={k, a, i, j, arr[]}\nc-use={l, ir, arr[]}"];
    B10 [label="B10: jstack +=2\ndef={jstack}"];
    B11 [label="B11: if (ir-i+1 >= j-l)\np-use={ir, i, j, l}", shape=diamond];
    B12 [label="B12: push i and ir to stack, set ir=j-1\ndef={istack, ir}\nc-use={i, ir, j}"];
    B13 [label="B13: push l and j-1 to stack, set l=i\ndef={istack, l}\nc-use={l, j, i}"];

    start -> B1;
    B1 -> B2;
    B2 -> B3;
    B3 -> B4 [label="True"];
    B3 -> B5 [label="False"];
    B4 -> B6;
    B6 -> B7 [label="True"];
    B6 -> B9 [label="False"];
    B7 -> end;
    B9 -> B3;
    B5 -> B10;
    B10 -> B11;
    B11 -> B12 [label="True"];
    B11 -> B13 [label="False"];
    B12 -> B3;
    B13 -> B3;
}
```

#### Resposta Final: Existe algum infeasible path neste código?

**NÃO**

#### Explicação Detalhada

A análise do DCFG e dos critérios de inviabilidade (como contradições lógicas, dependências de dados, restrições do ambiente, condições de loop, conflitos sequenciais, invariantes de programa e estados mutuamente exclusivos) não revelou a presença de caminhos inviáveis na função `sort`. Justificativa:

- **Fluxo de Controle**: O código é completamente estruturado, sem saltos incondicionais ou saídas prematuras de loops, conforme as restrições do benchmark. Todos os caminhos no CFG são alcançáveis através de entradas adequadas (como `n=20`).
- **Fluxo de Dados**: As variáveis são inicializadas e utilizadas de forma consistente. Não há dependências de dados que impossibilitem a execução de qualquer caminho. Por exemplo, o loop externo quebra quando `jstack == 0`, e `jstack` é gerenciado corretamente pelos pushes e pops na pilha, garantindo que o loop termine.
- **Condições e Loops**: As condições (como `ir-l < M` e `jstack == 0`) são avaliadas com base nos valores das variáveis, que mudam dinamicamente durante a execução. Não há contradições lógicas entre condições sequenciais. Os loops (como o interno na partição) são projetados para terminar, pois `i` e `j` convergem até que `j < i`.
- **Invariantes de Programa**: O algoritmo de quicksort é bem conhecido e implementado corretamente, sem violar invariantes que bloqueiem caminhos. A variável `flag` é atribuída mas não utilizada, o que não afeta os caminhos de execução (é código morto, mas não cria inviabilidade).

Portanto, todos os caminhos no código são viáveis, e não há necessidade de marcar nenhum nó ou aresta em vermelho no DCFG.