**Resposta: SIM, existem infeasible paths neste código.**

### Explicação com Base no CFG e DFG:

#### Análise do Código:
O código implementa um algoritmo de compressão LZW. Duas condições tornam certos caminhos infeasible:

1. **Buffer Pequeno (50 bytes) vs. Tabela Hash Grande (HSIZE=257):**
   - A tabela hash (htab) tem capacidade para 257 entradas, mas o buffer de entrada tem apenas 50 bytes.
   - Isso significa que `free_ent` (próxima entrada livre) nunca atingirá `maxmaxcode` (65536), tornando a condição `free_ent >= maxmaxcode` inatingível.

2. **Checkpoint Inalcançável:**
   - `checkpoint` é definido como `CHECK_GAP` (10000), mas `in_count` (contador de entrada) é incrementado até no máximo 50.
   - A condição `in_count >= checkpoint` nunca será verdadeira, tornando a chamada `cl_block()` inatingível.

#### CFG (Control Flow Graph) Simplificado:
```dot
digraph Compress_CFG {
    node [shape=box, fontname="Courier"];
    edge [fontname="Courier"];

    // Nós principais
    COMPRESS_START [label="compress():\nInicializa variáveis"];
    COMPRESS_LOOP [label="while (InCnt > 0)"];
    GETBYTE [label="c = getbyte()"];
    HASH_MATCH [label="if (htab[i] == fcode)"];
    HASH_EMPTY [label="else if (htab[i] < 0)"];
    PROBE_LOOP [label="i -= disp (probe loop)"];
    NOMATCH [label="nomatch:\nfree_ent++"];
    CHECK_FREE_ENT [label="if (free_ent < maxmaxcode)"];
    CHECK_CHECKPOINT [label="else if (in_count >= checkpoint)"];
    CL_BLOCK_CALL [label="cl_block()"]; // Inatingível
    CL_BLOCK_START [label="cl_block():\ncheckpoint = in_count + CHECK_GAP"];
    RATIO_CALC [label="if (in_count > 0x007fffff)"]; // Inatingível
    CL_HASH_CALL [label="cl_hash()"];

    // Arestas
    COMPRESS_START -> COMPRESS_LOOP;
    COMPRESS_LOOP -> GETBYTE [label="InCnt > 0"];
    GETBYTE -> HASH_MATCH;
    HASH_MATCH -> COMPRESS_LOOP [label="true"];
    HASH_MATCH -> HASH_EMPTY [label="false"];
    HASH_EMPTY -> PROBE_LOOP [label="false"];
    HASH_EMPTY -> NOMATCH [label="true"];
    PROBE_LOOP -> HASH_MATCH;
    NOMATCH -> CHECK_FREE_ENT;
    CHECK_FREE_ENT -> COMPRESS_LOOP [label="true"];
    CHECK_FREE_ENT -> CHECK_CHECKPOINT [label="false"]; // Inatingível
    CHECK_CHECKPOINT -> CL_BLOCK_CALL [label="true"]; // Inatingível
    CL_BLOCK_CALL -> CL_BLOCK_START;
    CL_BLOCK_START -> RATIO_CALC;
    RATIO_CALC -> CL_HASH_CALL [label="false"]; // Sempre executa
    RATIO_CALC -> CL_HASH_CALL [label="true"]; // Inatingível
}
```

#### DFG (Data Flow Graph) Simplificado:
```dot
digraph Compress_DFG {
    node [shape=ellipse, fontname="Courier"];
    edge [fontname="Courier"];

    // Variáveis
    InCnt [label="InCnt (50)"];
    free_ent [label="free_ent (max 50)"];
    maxmaxcode [label="maxmaxcode (65536)"];
    in_count [label="in_count (max 50)"];
    checkpoint [label="checkpoint (10000)"];

    // Operações
    Compare_free_ent [label="free_ent < maxmaxcode?", shape=diamond];
    Compare_checkpoint [label="in_count >= checkpoint?", shape=diamond];

    // Fluxo de dados
    InCnt -> Compare_free_ent;
    free_ent -> Compare_free_ent;
    maxmaxcode -> Compare_free_ent;
    in_count -> Compare_checkpoint;
    checkpoint -> Compare_checkpoint;

    // Caminho inatingível
    Compare_free_ent -> Compare_checkpoint [label="false (inatingível)"];
    Compare_checkpoint -> CL_BLOCK [label="true (inatingível)"];
}
```

#### Conclusão:
Os caminhos que envolvem `free_ent >= maxmaxcode` ou `in_count >= checkpoint` são **infeasible** devido ao tamanho limitado do buffer de entrada (50 bytes), que não é suficiente para preencher a tabela hash ou atingir o checkpoint. O CFG e o DFG mostram que essas condições nunca serão verdadeiras, tornando partes do código inalcançáveis.