**Resposta: NÃO**

### Análise Detalhada:

#### 1. Grafo de Fluxo de Controle (CFG) para a função `fib`:
```dot
digraph fib_CFG {
    node [shape=box, style=rounded, fontname="Helvetica"];
    N1 [label="1: int i, Fnew, Fold, temp, ans;"];
    N2 [label="2: Fnew = 1; Fold = 0;"];
    N3 [label="3: i = 2;"];
    N4 [label="4: i <= 30 && i <= n"];
    N5 [label="5: temp = Fnew; Fnew = Fnew + Fold; Fold = temp;"];
    N6 [label="6: i++"];
    N7 [label="7: ans = Fnew; return ans;"];

    N1 -> N2;
    N2 -> N3;
    N3 -> N4;
    N4 -> N5 [label="true"];
    N4 -> N7 [label="false"];
    N5 -> N6;
    N6 -> N4;
}
```

#### 2. Grafo de Fluxo de Dados (DFG) para a função `fib`:
```dot
digraph fib_DFG {
    node [shape=ellipse, style=filled, fillcolor=lightblue];
    n [label="n (input)"];
    node [shape=box, style=""];
    op_init [label="Fnew=1, Fold=0"];
    op_loop_cond [label="i<=30 && i<=n"];
    op_temp [label="temp=Fnew"];
    op_fnew [label="Fnew=Fnew+Fold"];
    op_fold [label="Fold=temp"];
    op_inc [label="i++"];
    op_ans [label="ans=Fnew"];
    node [shape=ellipse, style=filled, fillcolor=lightgreen];
    result [label="ans (output)"];

    n -> op_loop_cond;
    op_init -> op_temp;
    op_init -> op_fnew;
    op_temp -> op_fold;
    op_fold -> op_fnew [label="next iteration"];
    op_fnew -> op_temp [label="next iteration"];
    op_inc -> op_loop_cond;
    op_loop_cond -> op_temp [label="true"];
    op_fnew -> op_ans;
    op_ans -> result;
}
```

#### 3. CFG e DFG para a função `main` (simplificado):
```dot
digraph main_CFG {
    node [shape=box, style=rounded];
    M1 [label="int a;"];
    M2 [label="a = 30;"];
    M3 [label="fib(a);"];
    M4 [label="return a;"];
    M1 -> M2 -> M3 -> M4;
}
```

```dot
digraph main_DFG {
    node [shape=ellipse, style=filled, fillcolor=lightblue];
    const_30 [label="30"];
    node [shape=box];
    op_assign [label="a=30"];
    op_call [label="fib(a)"];
    node [shape=ellipse, style=filled, fillcolor=lightgreen];
    return_val [label="a (return value)"];
    const_30 -> op_assign -> op_call;
    op_assign -> return_val;
}
```

### Justificativa para a Ausência de Caminhos Inviáveis:
1. **Estrutura Linear sem Conflitos**: 
   - O código consiste em operações sequenciais e um loop bem definido. A condição do loop (`i <= 30 && i <= n`) é viável para qualquer valor de `n` (neste caso, `n=30` fixo).
   - Não há condições mutuamente exclusivas ou restrições de negócio que impeçam a execução de qualquer caminho.

2. **Análise do Loop**:
   - Para `n = 30`, o loop executa exatamente 29 vezes (de `i=2` até `i=30`), e a condição de saída (`i > 30`) é sempre atingida naturalmente.
   - Não há desvios complexos ou condições aninhadas que possam criar caminhos inalcançáveis.

3. **Fluxo de Dados Consistente**:
   - As variáveis são inicializadas corretamente e atualizadas de forma linear. Não há dependências que impossibilitem a execução de qualquer ramificação.
   - O DFG mostra que os dados fluem diretamente sem restrições ocultas.

4. **Contexto de Entrada Fixa**:
   - Na função `main`, `a` é fixado em 30, tornando o comportamento do programa deterministico. Todos os caminhos no CFG são exercitáveis nesta configuração.

Conclusão: Todos os caminhos no código são viáveis, e não há evidências de infeasible paths com base na análise do CFG/DFG e da lógica do programa.