**CFG (Control Flow Graph) em Graphviz DOT:**

```dot
digraph adpcm_CFG {
    node [shape=box, style=rounded, fontname="Helvetica"];
    // Nós principais representando blocos de código
    N1 [label="1: Início do programa"];
    N2 [label="2: Inicializações e reset()"];
    N3 [label="3: Loop de geração de test_data"];
    N4 [label="4: Chamada encode()"];
    N5 [label="5: Loop de encode"];
    N6 [label="6: Chamada decode()"];
    N7 [label="7: Loop de decode"];
    N8 [label="8: Retorno do resultado"];
    N9 [label="9: Fim do programa"];

    // Arestas representando fluxo de controle
    N1 -> N2;
    N2 -> N3;
    N3 -> N4 [label="Condição de loop"];
    N4 -> N5;
    N5 -> N3 [label="Próxima iteração"];
    N3 -> N6 [label="Fim do loop"];
    N6 -> N7;
    N7 -> N6 [label="Próxima iteração"];
    N6 -> N8 [label="Fim do loop"];
    N8 -> N9;
}
```

**DFG (Data Flow Graph) em Graphviz DOT:**

```dot
digraph adpcm_DFG {
    node [shape=ellipse, style=filled, fillcolor=lightblue];
    // Nós de dados e operações
    test_data [label="test_data"];
    compressed [label="compressed"];
    result [label="result"];
    encode [label="encode()", shape=box];
    decode [label="decode()", shape=box];
    xout1 [label="xout1"];
    xout2 [label="xout2"];

    // Arestas representando fluxo de dados
    test_data -> encode;
    encode -> compressed;
    compressed -> decode;
    decode -> xout1;
    decode -> xout2;
    xout1 -> result;
    xout2 -> result;
}
```

**Análise de Infeasible Paths:**

**NÃO**, não foram identificados caminhos infeasible neste código. 

**Explicação baseada no CFG e DFG:**
- O CFG mostra um fluxo de controle linear com loops bem definidos, sem branches condicionais conflitantes ou contradições lógicas.
- O DFG demonstra dependências de dados consistentes, onde todas as variáveis são inicializadas antes do uso e não há conflitos de valores.
- As condições nos loops (como `i < SIZE` e `i < IN_END`) são viáveis e dependem de valores inicializados (`i` começa em 0).
- Funções como `encode()` e `decode()` operam sobre dados transformados sequencialmente, sem condições mutuamente exclusivas ou invariantes de programa que bloqueiem caminhos.
- O código segue restrições estruturadas (sem `goto`, `break` em loops, ou expressões complexas), o que reduz a probabilidade de paths infeasible.