**Resposta:**

**CFG (Control Flow Graph) em DOT:**

```dot
digraph foo_CFG {
    node [shape=box, style=rounded, fontname="Helvetica"];
    N1 [label="1: i = 0;"];
    N2 [label="2: if (i < 5)"];
    N3 [label="3: j = 0;"];
    N4 [label="4: if (j < 5)"];
    N5 [label="5: k = 0;"];
    N6 [label="6: if (k < 5)"];
    N7 [label="7: l = 0;"];
    N8 [label="8: if (l < 5)"];
    N9 [label="9: if (keys[i][j][k][l] == x)"];
    N10 [label="10: return -1;"];
    N11 [label="11: i = i + 1;"];
    N12 [label="12: j = j + 1;"];
    N13 [label="13: k = k + 1;"];
    N14 [label="14: return answer[i][j][k][l] + keys[i][j][k][l];"];
    N15 [label="15: l = l + 1;"];

    N1 -> N2;
    N2 -> N3 [label="true"];
    N2 -> N10 [label="false"];
    N3 -> N4;
    N4 -> N5 [label="true"];
    N4 -> N11 [label="false"];
    N5 -> N6;
    N6 -> N7 [label="true"];
    N6 -> N12 [label="false"];
    N7 -> N8;
    N8 -> N9 [label="true"];
    N8 -> N13 [label="false"];
    N9 -> N14 [label="true"];
    N9 -> N15 [label="false"];
    N11 -> N2;
    N12 -> N4;
    N13 -> N6;
    N15 -> N8;
}
```

**DFG (Data Flow Graph) em DOT:**

```dot
digraph foo_DFG {
    node [shape=ellipse, style=filled, fillcolor=lightblue];
    i [label="i"];
    j [label="j"];
    k [label="k"];
    l [label="l"];
    x [label="x"];
    keys_array [label="keys", shape=box];
    answer_array [label="answer", shape=box];

    node [shape=box, style="", fillcolor=""];
    keys_access [label="[i][j][k][l]"];
    answer_access [label="[i][j][k][l]"];
    compare [label="=="];
    add [label="+"];

    node [shape=ellipse, style=filled, fillcolor=lightgreen];
    result [label="result"];

    i -> keys_access;
    j -> keys_access;
    k -> keys_access;
    l -> keys_access;
    keys_array -> keys_access;
    keys_access -> compare;
    x -> compare;

    i -> answer_access;
    j -> answer_access;
    k -> answer_access;
    l -> answer_access;
    answer_array -> answer_access;
    keys_access -> add;
    answer_access -> add;
    add -> result;
}
```

**Análise de Infeasible Paths:**

**NÃO**, não existem infeasible paths neste código. 

**Explicação:**  
O código consiste em loops aninhados que iteram sobre índices predefinidos (0 a 4) e uma condição que verifica se o valor em `keys[i][j][k][l]` é igual a `x`. Todos os caminhos no CFG são viáveis porque:
1. Os loops são controlados por variáveis que variam de 0 a 4, garantindo que todas as combinações possíveis de índices sejam alcançáveis.
2. A condição `keys[i][j][k][l] == x` depende dos valores armazenados na matriz `keys` e do parâmetro `x`, que pode ser qualquer inteiro. Assim, tanto o caminho de retorno antecipado (quando a condição é verdadeira) quanto o caminho de retorno após todos os loops (quando a condição é falsa) são viáveis para diferentes valores de `x`.
3. O DFG mostra que não há dependências de dados conflitantes ou restrições que impossibilitem a execução de qualquer caminho.