### Análise para a Função `fib`

#### Grafo DCFG para `fib` em Graphviz DOT

```dot
digraph fib {
    rankdir=TB;
    node [shape=box];
    start [label="Início", shape=ellipse];
    end [label="Fim", shape=ellipse];

    node1 [label="1: Fnew = 1; Fold = 0; i = 2;\ndef={Fnew, Fold, i}"];
    node2 [label="2: if (i <= 30 && i <= n)\np-use={i, n}", shape=diamond];
    node3 [label="3: temp = Fnew; Fnew = Fnew + Fold; Fold = temp; i++;\ndef={temp, Fnew, Fold, i}\nc-use={Fnew, Fold}"];
    node4 [label="4: ans = Fnew; return ans;\ndef={ans}\nc-use={Fnew}"];

    start -> node1;
    node1 -> node2;
    node2 -> node3 [label="Verdadeiro"];
    node2 -> node4 [label="Falso"];
    node3 -> node2;
    node4 -> end;
}
```

### Análise para a Função `main`

#### Grafo DCFG para `main` em Graphviz DOT

```dot
digraph main {
    rankdir=TB;
    node [shape=box];
    start [label="Início", shape=ellipse];
    end [label="Fim", shape=ellipse];

    node1 [label="1: a = 30;\ndef={a}"];
    node2 [label="2: fib(a);\nc-use={a}"];
    node3 [label="3: return a;\nc-use={a}"];

    start -> node1;
    node1 -> node2;
    node2 -> node3;
    node3 -> end;
}
```

### Resposta Final sobre Caminhos Inviáveis

**NÃO** existem caminhos inviáveis (infeasible paths) neste código.

### Explicação Detalhada

Para ambas as funções (`fib` e `main`), a análise do Grafo de Fluxo de Controle e Dados (DCFG) não identificou nenhum caminho inviável. Justificativa com base nos critérios:

- **Função `fib`**: 
  - O fluxo de controle é dominado por um loop `for` com condição `i <= 30 && i <= n`. Não há contradições lógicas ou dependências de dados que impossibilitem a execução de qualquer caminho. A variável `i` é inicializada em 2 e incrementada a cada iteração, e a condição depende de `n`, que é um parâmetro. Para qualquer valor de `n` (positivo, negativo ou zero), o loop pode ser executado ou ignorado de forma consistente. Por exemplo:
    - Se `n < 2`, a condição `i <= n` é falsa desde o início (pois `i=2`), e o loop é pulado, indo diretamente para a atribuição `ans = Fnew`.
    - Se `n >= 2`, o loop executa até que `i` ultrapasse `min(30, n)`, e então segue para o final da função.
  - Não há condições sequenciais conflitantes ou invariantes de programa que restrinjam os caminhos. O fluxo de dados é claro: todas as variáveis são inicializadas antes do uso, e não há usos sem definição prévia.

- **Função `main`**:
  - O fluxo é linear e sem branches: atribuição `a = 30`, chamada de `fib(a)`, e retorno de `a`. Não há condições ou loops, portanto, apenas um caminho é possível, que é viável para qualquer execução.

Em conclusão, todos os caminhos nos grafos CFG e DFG são alcançáveis com entradas adequadas, e não há violações dos critérios de inviabilidade (como contradições lógicas, dependências de dados inviáveis ou restrições ambientais).