**Resposta Final:**

**NÃO** - Não existem *infeasible paths* identificados no código fornecido.

### Análise Detalhada:

#### 1. **CFG (Control Flow Graph) para a função `foo`:**
```dot
digraph CFG_foo {
    node [shape=box, style=rounded, fontname="Helvetica"];
    edge [fontname="Helvetica"];

    // Nós
    start [label="Início foo"];
    init_i [label="i = 0"];
    cond_i [label="i < 5?"];
    init_j [label="j = 0"];
    cond_j [label="j < 5?"];
    init_k [label="k = 0"];
    cond_k [label="k < 5?"];
    init_l [label="l = 0"];
    cond_l [label="l < 5?"];
    body [label="c++ (se TEST)\nif (keys[i][j][k][l] == x)"];
    return_true [label="return answer[...] + keys[...];"];
    inc_l [label="l++"];
    inc_k [label="k++"];
    inc_j [label="j++"];
    inc_i [label="i++"];
    return_false [label="return -1;"];
    end [label="Fim", shape=doublecircle];

    // Arestas
    start -> init_i;
    init_i -> cond_i;
    cond_i -> init_j [label="true"];
    cond_i -> return_false [label="false"];
    init_j -> cond_j;
    cond_j -> init_k [label="true"];
    cond_j -> inc_i [label="false"];
    init_k -> cond_k;
    cond_k -> init_l [label="true"];
    cond_k -> inc_j [label="false"];
    init_l -> cond_l;
    cond_l -> body [label="true"];
    cond_l -> inc_k [label="false"];
    body -> return_true [label="true"];
    body -> inc_l [label="false"];
    inc_l -> cond_l;
    inc_k -> cond_k;
    inc_j -> cond_j;
    inc_i -> cond_i;
    return_true -> end;
    return_false -> end;
}
```

#### 2. **DFG (Data Flow Graph) para a função `foo`:**
```dot
digraph DFG_foo {
    node [shape=ellipse, style=filled, fillcolor=lightblue];
    x [label="x (parâmetro)"];
    keys [label="keys (global)"];
    answer [label="answer (global)"];

    node [shape=box, style=""];
    array_access_keys [label="[i][j][k][l]"];
    array_access_answer [label="[i][j][k][l]"];
    eq [label="=="];
    add [label="+"];

    node [shape=ellipse, style=filled, fillcolor=lightgreen];
    return_val [label="valor de retorno"];

    // Fluxo de dados
    x -> eq;
    keys -> array_access_keys;
    array_access_keys -> eq;
    eq -> return_true; // Condição para retorno antecipado
    array_access_keys -> add;
    answer -> array_access_answer;
    array_access_answer -> add;
    add -> return_val;
}
```

#### 3. **Justificativa para a Ausência de Caminhos Inviáveis:**
- **Estrutura de Loops Aninhados:** Os quatro loops aninhados (`for`) iteram sobre intervalos fixos (0 a 4) sem condições de saída antecipada, exceto pelo `return` dentro do loop mais interno. Isso cria um fluxo de controle previsível e completo.
- **Condição de Retorno Antecipado:** A condição `keys[i][j][k][l] == x` depende exclusivamente dos valores do array `keys` e do parâmetro `x`. Não há contradições lógicas ou dependências de dados que impossibilitem a execução de qualquer caminho.
- **Dados Globais Constantes:** Os arrays `keys` e `answer` são inicializados estaticamente e não são modificados, tornando seu comportamento deterministico. A busca por `x = 400` (em `main`) não encontrará o valor devido à inicialização de `keys` (o último elemento é `401`, não `400`), mas isso não invalida o caminho — apenas resulta em `return -1` para essa entrada específica.
- **Ausência de Invariantes de Programa:** Não há regras de negócio ou invariantes que restringem os valores de `x` ou os índices dos loops, tornando todos os caminhos logicamente possíveis para diferentes entradas.

**Conclusão:** Todos os caminhos no código são viáveis, pois não existem contradições lógicas, dependências de dados inviáveis ou restrições de sistema que impeçam a execução de qualquer ramificação. A não ocorrência de um valor específico (`400`) durante a execução é uma questão de dados, não de estrutura do código.