**Função:** `main`

**Grafo de Fluxo de Controle (CFG) em formato Graphviz:**
```dot
digraph main_CFG {
    node [shape=box];
    N1 [label="int count = IN_COUNT;"];
    N2 [label="initbuffer();"];
    N3 [label="maxbits = BITS;"];
    N4 [label="maxmaxcode = 1 << maxbits;"];
    N5 [label="InCnt = count;"];
    N6 [label="apsim_InCnt = IN_COUNT + 3;"];
    N7 [label="InBuff = (unsigned char *)orig_text_buffer;"];
    N8 [label="OutBuff = (unsigned char *)comp_text_buffer;"];
    N9 [label="compress();"];
    N10 [label="return (0);"];
    N1 -> N2 -> N3 -> N4 -> N5 -> N6 -> N7 -> N8 -> N9 -> N10;
}
```

**Grafo de Fluxo de Dados (DFG) em formato Graphviz:**
```dot
digraph main_DFG {
    node [shape=ellipse, style=filled, fillcolor=lightblue];
    IN_COUNT [label="IN_COUNT"];
    BITS [label="BITS"];
    orig_text_buffer [label="orig_text_buffer"];
    comp_text_buffer [label="comp_text_buffer"];

    node [shape=box];
    op_assign_count [label="="];
    op_call_initbuffer [label="initbuffer()"];
    op_assign_maxbits [label="="];
    op_shift [label="<<"];
    op_assign_maxmaxcode [label="="];
    op_assign_InCnt [label="="];
    op_add [label="+"];
    op_assign_apsim_InCnt [label="="];
    op_cast [label="(unsigned char *)"];
    op_assign_InBuff [label="="];
    op_assign_OutBuff [label="="];
    op_call_compress [label="compress()"];
    op_return [label="return"];

    node [shape=ellipse, style=filled, fillcolor=lightgreen];
    count [label="count"];
    maxbits_var [label="maxbits"];
    maxmaxcode_var [label="maxmaxcode"];
    InCnt [label="InCnt"];
    apsim_InCnt [label="apsim_InCnt"];
    InBuff [label="InBuff"];
    OutBuff [label="OutBuff"];

    IN_COUNT -> op_assign_count -> count;
    BITS -> op_assign_maxbits -> maxbits_var;
    maxbits_var -> op_shift;
    op_shift -> op_assign_maxmaxcode -> maxmaxcode_var;
    count -> op_assign_InCnt -> InCnt;
    IN_COUNT -> op_add;
    op_add -> op_assign_apsim_InCnt -> apsim_InCnt;
    orig_text_buffer -> op_cast -> op_assign_InBuff -> InBuff;
    comp_text_buffer -> op_assign_OutBuff -> OutBuff;
    op_call_compress -> op_return;
}
```

**Análise de Caminhos Inviáveis:**
**Pergunta:** Quantos infeasible paths existem nesta função?
**Resposta:** `0`

**Justificativa:**
O CFG do `main` é uma sequência linear de operações sem ramificações ou loops. Todas as atribuições e chamadas de função são executadas sequencialmente. Não há condições ou branches que possam criar caminhos alternativos, muito menos contradições lógicas ou de dados. Portanto, existe apenas um caminho possível, que é viável.

---

**Função:** `initbuffer`

**Grafo de Fluxo de Controle (CFG) em formato Graphviz:**
```dot
digraph initbuffer_CFG {
    node [shape=box];
    N1 [label="int seed = 1;"];
    N2 [label="int i;"];
    N3 [label="int tabort;"];
    N4 [label="i = 0"];
    N5 [label="i < BUFFERSIZE"];
    N6 [label="tabort = i;"];
    N7 [label="seed = ((seed * 133) + 81) % 8095;"];
    N8 [label="orig_text_buffer[i] = seed % 256;"];
    N9 [label="i++"];
    N10 [label="Fim do loop"];
    N1 -> N2 -> N3 -> N4 -> N5;
    N5 -> N6 [label="true"];
    N5 -> N10 [label="false"];
    N6 -> N7 -> N8 -> N9 -> N5;
}
```

**Grafo de Fluxo de Dados (DFG) em formato Graphviz:**
```dot
digraph initbuffer_DFG {
    node [shape=ellipse, style=filled, fillcolor=lightblue];
    seed_init [label="1"];
    i_init [label="0"];
    BUFFERSIZE [label="BUFFERSIZE"];

    node [shape=box];
    op_assign_seed [label="="];
    op_assign_i [label="="];
    op_assign_tabort [label="="];
    op_mult [label="*"];
    op_add [label="+"];
    op_mod [label="%"];
    op_mod256 [label="%"];
    op_array_assign [label="orig_text_buffer[i] ="];
    op_inc_i [label="i++"];

    node [shape=ellipse, style=filled, fillcolor=lightgreen];
    seed [label="seed"];
    i [label="i"];
    tabort [label="tabort"];
    array_val [label="orig_text_buffer[i]"];

    seed_init -> op_assign_seed -> seed;
    i_init -> op_assign_i -> i;
    i -> op_assign_tabort -> tabort;
    seed -> op_mult;
    op_mult -> op_add;
    op_add -> op_mod -> seed;
    seed -> op_mod256 -> op_array_assign -> array_val;
    i -> op_inc_i -> i;
    BUFFERSIZE -> op_inc_i [label="cond"];
}
```

**Análise de Caminhos Inviáveis:**
**Pergunta:** Quantos infeasible paths existem nesta função?
**Resposta:** `0`

**Justificativa:**
A função `initbuffer` contém um loop simples que inicializa um array. O loop é controlado por uma condição direta (`i < BUFFERSIZE`), e não há ramificações ou condições internas que possam levar a contradições. O fluxo de dados é linear e dependente do estado anterior de `seed` e `i`, mas não há restrições que impossibilitem qualquer caminho. Todos os caminhos são viáveis.

---

**Função:** `compress`

**Análise de Caminhos Inviáveis:**
**Pergunta:** Quantos infeasible paths existem nesta função?
**Resposta:** `2`

**Justificativa:**
A função `compress` possui dois caminhos inviáveis devido a contradições lógicas:
1. No bloco `probe`, a condição `(long)htabof(i) > 0 && (++apsim_bound111 < in_count)` pode criar um ciclo infinito se `in_count` for estático, mas `apsim_bound111` é reiniciado a cada iteração do loop externo. No entanto, a condição `(long)htabof(i) < 0` no branch anterior já garante que `htabof(i)` não é negativo, tornando a condição `(long)htabof(i) > 0` redundante em alguns contextos.
2. A condição `free_ent < maxmaxcode` e `(count_int)in_count >= checkpoint && block_compress` são mutuamente exclusivas em certos estados devido à inicialização de `free_ent` e `maxmaxcode`, mas a complexidade do estado global torna difícil atingir alguns branches.

---

**Função:** `cl_block`

**Análise de Caminhos Inviáveis:**
**Pergunta:** Quantos infeasible paths existem nesta função?
**Resposta:** `0`

**Justificativa:**
A função `cl_block` consiste em checks de ratio e uma chamada para `cl_hash`. Não há branches ou condições contraditórias. Todos os caminhos são viáveis.

---

**Função:** `cl_hash`

**Análise de Caminhos Inviáveis:**
**Pergunta:** Quantos infeasible paths existem nesta função?
**Resposta:** `0`

**Justificativa:**
A função `cl_hash` contém um loop com uma condição simples (`i >= 0`). Não há ramificações ou condições internas que possam levar a contradições. Todos os caminhos são viáveis.

---

**Função:** `getbyte`

**Análise de Caminhos Inviáveis:**
**Pergunta:** Quantos infeasible paths existem nesta função?
**Resposta:** `0`

**Justificativa:**
A função `getbyte` tem um único branch baseado em `InCnt > 0 && apsim_InCnt-- > 0`. Não há contradições lógicas ou de dados. Ambos os caminhos são viáveis.

---

**Função:** `putbyte`

**Análise de Caminhos Inviáveis:**
**Pergunta:** Quantos infeasible paths existem nesta função?
**Resposta:** `0`

**Justificativa:**
A função `putbyte` é uma operação linear sem branches. Não há caminhos alternativos, então todos os caminhos são viáveis.

---

**Função:** `writebytes`

**Análise de Caminhos Inviáveis:**
**Pergunta:** Quantos infeasible paths existem nesta função?
**Resposta:** `0`

**Justificativa:**
A função `writebytes` contém um loop com uma condição simples (`i < n && i < BITS`). Não há contradições lógicas. Todos os caminhos são viáveis.

---

**Função:** `output`

**Análise de Caminhos Inviáveis:**
**Pergunta:** Quantos infeasible paths existem nesta função?
**Resposta:** `1`

**Justificativa:**
A condição `free_ent > maxcode || clear_flg > 0` pode levar a um caminho inviável se `clear_flg` for maior que 0, mas `maxcode` for atualizado de forma a contradizer a condição de `free_ent`. Especificamente, se `clear_flg` estiver setado, `maxcode` é redefinido para `MAXCODE(INIT_BITS)`, mas `free_ent` pode não ser reiniciado adequadamente, criando uma inconsistência temporária. No entanto, a lógica global do programa impede que isso ocorra, tornando esse caminho inviável.