### Análise de Caminhos Inviáveis no Código fibcall.c

Com base na análise do código fornecido, foram construídos o Grafo de Fluxo de Controle (CFG) e o Grafo de Fluxo de Dados (DFG) usando a linguagem DOT do Graphviz. O código consiste em duas funções: `main` e `fib`. A função `main` chama `fib` com o argumento `a = 30`, o que significa que o parâmetro `n` em `fib` é sempre 30. Isso implica que a condição do loop `i <= 30 && i <= n` é equivalente a `i <= 30`, pois `n = 30`.

#### Grafo de Fluxo de Controle (CFG)
O CFG para o programa completo é mostrado abaixo. Ele inclui os nós das funções `main` e `fib`, com conexões no ponto de chamada e retorno. Os nós são definidos com base nos blocos básicos do código.

```dot
digraph overall_CFG {
    node [shape=box, style=rounded, fontname="Helvetica"];
    M1 [label="M1: int a;"];
    M2 [label="M2: a = 30;"];
    M3 [label="M3: call fib(a);"];
    M4 [label="M4: return a;"];
    N1 [label="N1: Fnew = 1;\nFold = 0;\ni = 2;"];
    N2 [label="N2: if (i <= 30 && i <= n)"];
    N3 [label="N3: temp = Fnew;\nFnew = Fnew + Fold;\nFold = temp;"];
    N4 [label="N4: i++;"];
    N5 [label="N5: ans = Fnew;\nreturn ans;"];

    M1 -> M2;
    M2 -> M3;
    M3 -> N1;
    N1 -> N2;
    N2 -> N3 [label="true"];
    N2 -> N5 [label="false"];
    N3 -> N4;
    N4 -> N2;
    N5 -> M4;
}
```

#### Grafo de Fluxo de Dados (DFG)
O DFG para a função `fib` é mostrado abaixo. Ele foca nas dependências de dados entre as operações, incluindo as inicializações, operações no loop e retorno. Devido ao loop, existem dependências cíclicas para as variáveis `i`, `Fnew` e `Fold`.

```dot
digraph fib_DFG {
    // Input nodes
    node [shape=ellipse, style=filled, fillcolor=lightblue];
    n_in [label="n"];
    const_1 [label="1"];
    const_0 [label="0"];
    const_2 [label="2"];

    // Operation nodes
    node [shape=box, style=""];
    op_init_Fnew [label="Fnew = 1"];
    op_init_Fold [label="Fold = 0"];
    op_init_i [label="i = 2"];
    op_cond [label="i <= 30 && i <= n", shape=diamond];
    op_temp [label="temp = Fnew"];
    op_add [label="Fnew + Fold"];
    op_assign_Fnew [label="Fnew = result"];
    op_assign_Fold [label="Fold = temp"];
    op_inc [label="i + 1"];
    op_assign_i [label="i = result"];
    op_ans [label="ans = Fnew"];
    op_return [label="return ans"];

    // Data flow edges
    const_1 -> op_init_Fnew;
    op_init_Fnew -> op_temp [label="Fnew"];
    op_init_Fnew -> op_add [label="Fnew"];
    const_0 -> op_init_Fold;
    op_init_Fold -> op_add [label="Fold"];
    const_2 -> op_init_i;
    op_init_i -> op_cond [label="i"];
    op_init_i -> op_inc [label="i"];
    n_in -> op_cond [label="n"];
    op_temp -> op_assign_Fold [label="temp"];
    op_add -> op_assign_Fnew [label="sum"];
    op_assign_Fnew -> op_temp [label="Fnew"];
    op_assign_Fnew -> op_add [label="Fnew"];
    op_assign_Fold -> op_add [label="Fold"];
    op_inc -> op_assign_i [label="inc"];
    op_assign_i -> op_cond [label="i"];
    op_assign_i -> op_inc [label="i"];
    op_assign_Fnew -> op_ans [label="Fnew"];
    op_ans -> op_return [label="ans"];
}
```

#### Quantidade de Caminhos Inviáveis
Com base no CFG e no DFG, existem **29 caminhos inviáveis** no código. 

**Explicação:**
- A função `fib` possui um loop que deve executar exatamente 29 vezes quando `n = 30` (pois `i` começa em 2 e incrementa até 30, e o condition `i <= 30` é verdadeiro para `i` de 2 a 30). 
- No CFG, o nó N2 tem dois ramos: verdadeiro (para o loop) e falso (para sair). Os caminhos inviáveis são aqueles onde o ramo falso é tomado antes de 29 iterações do loop (ou seja, para `t` de 0 a 28 iterações verdadeiras). 
- O DFG confirma que não há dependências de dados que permitam que o condition seja falso antes de `i > 30`, pois `n` é fixo em 30 e `i` é inicializado e incrementado de forma consistente. 
- Portanto, apenas o caminho com 29 iterações é viável, e os 29 caminhos com menos iterações são inviáveis.