**Control Flow Graph (CFG) for `foo` function:**
```dot
digraph foo_CFG {
    node [shape=box, style=rounded, fontname="Helvetica"];
    entry [label="Entry", shape=ellipse];
    exit [label="Exit", shape=ellipse];
    N1 [label="i = 0"];
    N2 [label="i < 5"];
    N3 [label="j = 0"];
    N4 [label="j < 5"];
    N5 [label="k = 0"];
    N6 [label="k < 5"];
    N7 [label="l = 0"];
    N8 [label="l < 5"];
    N9 [label="if (keys[i][j][k][l] == x)"];
    N10 [label="return answer[i][j][k][l] + keys[i][j][k][l];"];
    N11 [label="l++"];
    N12 [label="k++"];
    N13 [label="j++"];
    N14 [label="i++"];
    N15 [label="return -1;"];

    entry -> N1;
    N1 -> N2;
    N2 -> N3 [label="true"];
    N2 -> N15 [label="false"];
    N3 -> N4;
    N4 -> N5 [label="true"];
    N4 -> N14 [label="false"];
    N5 -> N6;
    N6 -> N7 [label="true"];
    N6 -> N13 [label="false"];
    N7 -> N8;
    N8 -> N9 [label="true"];
    N8 -> N12 [label="false"];
    N9 -> N10 [label="true"];
    N9 -> N11 [label="false"];
    N10 -> exit;
    N11 -> N8;
    N12 -> N6;
    N13 -> N4;
    N14 -> N2;
    N15 -> exit;
}
```

**Data Flow Graph (DFG) for condition in `foo`:**
```dot
digraph condition_DFG {
    node [shape=box, style=rounded, fontname="Helvetica"];
    keys_array [label="keys (constant)", shape=ellipse, fillcolor=lightblue, style=filled];
    x_param [label="x (400)", shape=ellipse, fillcolor=lightblue, style=filled];
    i_var [label="i", shape=ellipse];
    j_var [label="j", shape=ellipse];
    k_var [label="k", shape=ellipse];
    l_var [label="l", shape=ellipse];
    array_access [label="keys[i][j][k][l]"];
    eq_condition [label="=="];

    keys_array -> array_access;
    i_var -> array_access;
    j_var -> array_access;
    k_var -> array_access;
    l_var -> array_access;
    array_access -> eq_condition;
    x_param -> eq_condition;
}
```

**Number of infeasible paths:** 625

**Explanation:**
- The CFG shows 625 potential early-exit paths (one per iteration of the innermost loop) where the condition `keys[i][j][k][l] == x` is true, leading to a return statement.
- The DFG reveals that `keys` is a constant array and `x` is fixed at 400. The array does not contain the value 400 (last element is 401 due to `#else` branch), making the condition always false.
- Thus, all 625 paths that attempt to return early are infeasible due to a logical contradiction between the data (array values) and the condition. The only feasible path is the one that completes all loops and returns -1.