**Resposta: NÃO**

**Explicação:**

Após a análise do código fornecido e a construção dos grafos CFG (Control Flow Graph) e DFG (Data Flow Graph), não foram identificados **infeasible paths** (caminhos inexecutáveis) no código. Abaixo está a explicação detalhada com base nos grafos gerados:

### Análise do CFG (Grafo de Fluxo de Controle):
O CFG construído para a função `compress` e funções auxiliares (como `cl_block`, `cl_hash`, `output`, etc.) mostra que todos os caminhos são acessíveis através de condições de entrada variáveis (ex: valores de `InCnt`, `ent`, `fcode`, estado da tabela hash `htab`). Não há condições contraditórias ou loops inalcançáveis. Por exemplo:
- O loop `while (InCnt > 0)` é executado enquanto houver dados de entrada.
- As condições `if (htabof(i) == fcode)` e `if (htabof(i) < 0)` dependem de valores calculados dinamicamente, mas nenhum caso leva a um dead code.
- Chamadas de função como `cl_block()` e `output()` são ativadas por condições baseadas em `checkpoint` e `clear_flg`, que são atualizadas durante a execução.

### Análise do DFG (Grafo de Fluxo de Dados):
O DFG mostra que todas as variáveis (ex: `ent`, `fcode`, `free_ent`, `maxcode`) têm dependências de dados consistentes e são inicializadas/atualizadas antes do uso. Não há variáveis não inicializadas ou dependências quebradas que impossibilitem a execução de algum caminho. Por exemplo:
- `ent` é definido por `getbyte()` e atualizado em múltiplos pontos.
- `fcode` é calculado a partir de `c` e `ent`, que são definidos em cada iteração.
- `free_ent` é incrementado condicionalmente, mas nunca de forma a invalidar um caminho.

### Conclusão:
Todos os caminhos no CFG são potencialmente executáveis devido à natureza dinâmica dos dados de entrada (buffer aleatório) e à ausência de condições estáticas que impeçam a execução de qualquer branch. Portanto, **não existem infeasible paths** neste código.

---

### CFG (Control Flow Graph) em Graphviz DOT:
```dot
digraph compress_CFG {
    node [shape=box, style=rounded, fontname="Helvetica"];
    edge [fontname="Helvetica"];

    // Nós principais
    N1 [label="compress(): Inicialização"];
    N2 [label="compress(): while (InCnt > 0)"];
    N3 [label="compress(): c = getbyte(); in_count++; fcode = ...; i = ...;"];
    N4 [label="compress(): if (htabof(i) == fcode)"];
    N5 [label="compress(): ent = codetabof(i); continue;"];
    N6 [label="compress(): else if (htabof(i) < 0)"];
    N7 [label="compress(): goto nomatch;"];
    N8 [label="compress(): disp = hsize_reg - i; if (i==0) disp=1;"];
    N9 [label="compress(): Probe: i -= disp; if (i<0) i+=hsize_reg;"];
    N10 [label="compress(): if (htabof(i) == fcode)"];
    N11 [label="compress(): ent = codetabof(i); continue;"];
    N12 [label="compress(): if (htabof(i)>0 && (++apsim_bound111 < in_count))"];
    N13 [label="compress(): goto Probe;"];
    N14 [label="compress(): nomatch: out_count++; ent = c;"];
    N15 [label="compress(): if (free_ent < maxmaxcode)"];
    N16 [label="compress(): codetabof(i)=free_ent++; htabof(i)=fcode;"];
    N17 [label="compress(): else if (in_count>=checkpoint && block_compress)"];
    N18 [label="compress(): cl_block();"];
    N19 [label="compress(): Fim do while"];
    N20 [label="compress(): if (bytes_out > in_count) exit_stat=2;"];
    N21 [label="cl_block(): checkpoint = in_count + CHECK_GAP; if (in_count > ...)"];
    N22 [label="cl_block(): ratio = rat; else ratio=0; cl_hash(); free_ent=FIRST; clear_flg=1; output(CLEAR);"];
    N23 [label="cl_hash(): Reset code table"];
    N24 [label="output(): Manipulação de bits e escrita"];

    // Arestas
    N1 -> N2;
    N2 -> N3 [label="InCnt>0"];
    N2 -> N20 [label="InCnt<=0"];
    N3 -> N4;
    N4 -> N5 [label="true"];
    N4 -> N6 [label="false"];
    N5 -> N2;
    N6 -> N7 [label="true"];
    N6 -> N8 [label="false"];
    N7 -> N14;
    N8 -> N9;
    N9 -> N10;
    N10 -> N11 [label="true"];
    N10 -> N12 [label="false"];
    N11 -> N2;
    N12 -> N13 [label="true"];
    N12 -> N14 [label="false"];
    N13 -> N9;
    N14 -> N15;
    N15 -> N16 [label="true"];
    N15 -> N17 [label="false"];
    N16 -> N19;
    N17 -> N18 [label="true"];
    N17 -> N19 [label="false"];
    N18 -> N19;
    N19 -> N2;
    N20 -> N21 [label="cl_block condicional"];
    N21 -> N22;
    N22 -> N23 [label="cl_hash chamado"];
    N22 -> N24 [label="output(CLEAR)"];
}
```

### DFG (Data Flow Graph) em Graphviz DOT:
```dot
digraph compress_DFG {
    node [shape=ellipse, style=filled, fillcolor=lightblue];
    InCnt; ent; c; fcode; i; free_ent; maxmaxcode; in_count; checkpoint;

    node [shape=box, style=""];
    op_getbyte [label="getbyte()"];
    op_shift [label="<<, ^"];
    op_compare [label="==, <, >"];
    op_assign [label="="];
    op_math [label="+=, -=, <<"];

    node [shape=ellipse, style=filled, fillcolor=lightgreen];
    htab; codetab; out_count; bytes_out;

    // Fluxo de dados
    InCnt -> op_getbyte;
    op_getbyte -> c;
    c -> op_shift;
    ent -> op_shift;
    op_shift -> fcode;
    op_shift -> i;
    i -> op_compare;
    fcode -> op_compare;
    op_compare -> op_assign [label="condições"];
    op_assign -> ent;
    op_assign -> free_ent;
    free_ent -> op_compare [label="free_ent < maxmaxcode"];
    in_count -> op_math;
    op_math -> checkpoint;
    checkpoint -> op_compare [label="in_count>=checkpoint"];
}
```