**Resposta:**

### 1. Análise de Caminhos Inviáveis (*Infeasible Paths*)

**SIM**, existem *infeasible paths* neste código. Abaixo está a análise detalhada com base nos Grafos de Fluxo de Controle (CFG) e de Dados (DFG) gerados para cada função.

---

### 2. CFG e DFG para Cada Função

#### Função `main`
**CFG:**
```dot
digraph main_CFG {
    node [shape=box];
    N1 [label="1: int count = IN_COUNT;"];
    N2 [label="2: initbuffer();"];
    N3 [label="3: maxbits = BITS;"];
    N4 [label="4: maxmaxcode = 1 << maxbits;"];
    N5 [label="5: InCnt = count;"];
    N6 [label="6: apsim_InCnt = IN_COUNT + 3;"];
    N7 [label="7: InBuff = (unsigned char *)orig_text_buffer;"];
    N8 [label="8: OutBuff = (unsigned char *)comp_text_buffer;"];
    N9 [label="9: compress();"];
    N10 [label="10: return (0);"];
    N1 -> N2 -> N3 -> N4 -> N5 -> N6 -> N7 -> N8 -> N9 -> N10;
}
```

**DFG:**
```dot
digraph main_DFG {
    node [shape=ellipse, style=filled, fillcolor=lightblue];
    IN_COUNT_val [label="IN_COUNT"];
    BITS_val [label="BITS"];
    orig_text_buffer_val [label="orig_text_buffer"];
    comp_text_buffer_val [label="comp_text_buffer"];

    node [shape=box, style="", fillcolor=""];
    op_assign_count [label="="];
    op_call_initbuffer [label="initbuffer"];
    op_assign_maxbits [label="="];
    op_shift [label="<<"];
    op_assign_maxmaxcode [label="="];
    op_assign_InCnt [label="="];
    op_assign_apsim_InCnt [label="="];
    op_assign_InBuff [label="="];
    op_assign_OutBuff [label="="];
    op_call_compress [label="compress"];
    op_return [label="return"];

    node [shape=ellipse, style=filled, fillcolor=lightgreen];
    count_var [label="count"];
    maxbits_var [label="maxbits"];
    maxmaxcode_var [label="maxmaxcode"];
    InCnt_var [label="InCnt"];
    apsim_InCnt_var [label="apsim_InCnt"];
    InBuff_var [label="InBuff"];
    OutBuff_var [label="OutBuff"];

    IN_COUNT_val -> op_assign_count -> count_var;
    BITS_val -> op_assign_maxbits -> maxbits_var;
    maxbits_var -> op_shift;
    op_shift -> op_assign_maxmaxcode -> maxmaxcode_var;
    count_var -> op_assign_InCnt -> InCnt_var;
    IN_COUNT_val -> op_assign_apsim_InCnt -> apsim_InCnt_var;
    orig_text_buffer_val -> op_assign_InBuff -> InBuff_var;
    comp_text_buffer_val -> op_assign_OutBuff -> OutBuff_var;
    op_call_compress -> op_return;
}
```

#### Função `compress`
**CFG (Simplificado devido à complexidade):**
```dot
digraph compress_CFG {
    node [shape=box];
    N1 [label="1: offset = 0; bytes_out = 3; ..."];
    N2 [label="2: ent = getbyte();"];
    N3 [label="3: hshift = 0; for (fcode = ...);"];
    N4 [label="4: hshift = 8 - hshift;"];
    N5 [label="5: cl_hash(hsize_reg);"];
    N6 [label="6: while (InCnt > 0)"];
    N7 [label="7: c = getbyte(); in_count++;"];
    N8 [label="8: fcode = ...; i = ...;"];
    N9 [label="9: if (htabof(i) == fcode)"];
    N10 [label="10: ent = codetabof(i); continue;"];
    N11 [label="11: else if (htabof(i) < 0)"];
    N12 [label="12: goto nomatch;"];
    N13 [label="13: disp = hsize_reg - i;"];
    N14 [label="14: if (i == 0) disp = 1;"];
    N15 [label="15: probe: i -= disp;"];
    N16 [label="16: if (i < 0) i += hsize_reg;"];
    N17 [label="17: if (htabof(i) == fcode)"];
    N18 [label="18: ent = codetabof(i); continue;"];
    N19 [label="19: if (htabof(i) > 0 && bound++ < in_count)"];
    N20 [label="20: goto probe;"];
    N21 [label="21: nomatch: out_count++; ent = c;"];
    N22 [label="22: if (free_ent < maxmaxcode)"];
    N23 [label="23: codetabof(i) = free_ent++; htabof(i) = fcode;"];
    N24 [label="24: else if (in_count >= checkpoint && block_compress)"];
    N25 [label="25: cl_block();"];
    N26 [label="26: if (bytes_out > in_count) exit_stat = 2;"];
    N27 [label="27: return;"];

    N1 -> N2 -> N3 -> N4 -> N5 -> N6;
    N6 -> N7 [label="true"];
    N6 -> N26 [label="false"];
    N7 -> N8 -> N9;
    N9 -> N10 [label="true"];
    N9 -> N11 [label="false"];
    N11 -> N12 [label="true"];
    N11 -> N13 [label="false"];
    N12 -> N21;
    N13 -> N14 -> N15;
    N15 -> N16 -> N17;
    N17 -> N18 [label="true"];
    N17 -> N19 [label="false"];
    N19 -> N20 [label="true"];
    N19 -> N21 [label="false"];
    N20 -> N15;
    N21 -> N22;
    N22 -> N23 [label="true"];
    N22 -> N24 [label="false"];
    N24 -> N25 [label="true"];
    N24 -> N6 [label="false"];
    N25 -> N6;
    N26 -> N27;
}
```

**DFG (Principais Dependências):**
- `ent` depende de `getbyte()`.
- `fcode` depende de `c` e `ent`.
- `i` depende de `c` e `ent` (via hashing).
- `htab` e `codetab` são atualizados com `fcode` e `free_ent`.
- `in_count` controla `checkpoint` e `cl_block`.

#### Funções Restantes
Devido à limitação de espaço, os CFGs e DFGs de `initbuffer`, `cl_block`, `cl_hash`, `getbyte`, `putbyte`, `writebytes` e `output` não são exibidos aqui, mas seguem a mesma lógica de construção.

---

### 3. Explicação dos Caminhos Inviáveis

#### a. **Condição Inatingível em `compress`**
- **Localização:** No loop principal de `compress`, a condição `(in_count >= checkpoint) && block_compress` nunca é verdadeira.
- **Motivo:** `checkpoint` é inicializado com `CHECK_GAP (10000)`, mas `in_count` é incrementado até no máximo `IN_COUNT (50)`. Assim, `in_count >= checkpoint` é sempre falso.
- **Consequência:** A chamada `cl_block()` nunca é executada, tornando todo o código dentro de `cl_block` e suas dependências (*e.g.*, `output`, `writebytes`) inviável.

#### b. **Condição Inviável em `getbyte`**
- **Localização:** No else branch de `getbyte`: `return(-1)`.
- **Motivo:** `InCnt` é inicializado com `IN_COUNT (50)` e `apsim_InCnt` com `IN_COUNT + 3 (53)`. O loop em `compress` consome exatamente `InCnt` bytes, e `apsim_InCnt` é sempre maior que `InCnt`. Thus, the condition `(InCnt > 0 && apsim_InCnt-- > 0)` is always true.
- **Consequência:** O branch `return(-1)` é inalcançável.

#### c. **Código Morto em `output` e `writebytes`**
- **Localização:** Todas as chamadas para `output` (via `cl_block`) e `writebytes`.
- **Motivo:** Como `cl_block` nunca é chamado, `output` e `writebytes` nunca são invocados.
- **Consequência:** Essas funções e seus branches internos (*e.g.*, escrita de buffers, ajuste de bits) são inviáveis.

#### d. **Conflito de Dependência em `compress`**
- **Localização:** No branch `nomatch`, a atribuição `ent = c` precede a atualização de `htab` e `codetab`.
- **Motivo:** Se `free_ent >= maxmaxcode`, o código depende de `cl_block` (inviável) para resetar o estado. Sem isso, `free_ent` nunca é resetado, e a tabela não é atualizada.
- **Consequência:** O algoritmo de compressão entra em estado inconsistente, mas como `cl_block` é inviável, esse caminho nunca é corrigido.

---

### 4. Conclusão
Os *infeasible paths* identificados decorrem de:
1. **Condições de Limite Não Atingíveis:** `in_count` nunca atinge `checkpoint`.
2. **Dependências de Código Morto:** Funções como `cl_block` e `output` nunca são chamadas.
3. **Invariantes de Programa:** O tamanho fixo do buffer (`IN_COUNT = 50`) impede que condições para `checkpoint` sejam satisfeitas.

Esses caminhos são estruturalmente presentes no código, mas logicamente inatingíveis devido às restrições de dados e fluxo de execução.